[0.017s] Invoking command in '/home/daizhijun/RobotMaster/hikvision_ros2_integration/build/hikvision_ros2_driver': CMAKE_PREFIX_PATH=/home/daizhijun/RobotMaster/hikvision_ros2_integration/install/hikvision_interface:/home/daizhijun/RobotMaster/hikvision_ros2_integration/install/hikvision_ros2_driver:/opt/ros/jazzy:/opt/ros/jazzy/opt/gz_math_vendor:/opt/ros/jazzy/opt/gz_utils_vendor:/opt/ros/jazzy/opt/gz_cmake_vendor:/opt/ros/jazzy LD_LIBRARY_PATH=/home/daizhijun/RobotMaster/hikvision_ros2_integration/install/hikvision_interface/lib:/home/daizhijun/RobotMaster/hikvision_ros2_integration/install/hikvision_ros2_driver/lib:/opt/ros/jazzy/lib:/opt/ros/jazzy/opt/rviz_ogre_vendor/lib:/opt/ros/jazzy/lib/x86_64-linux-gnu:/opt/ros/jazzy/opt/gz_math_vendor/lib:/opt/ros/jazzy/opt/gz_utils_vendor/lib:/opt/ros/jazzy/opt/gz_cmake_vendor/lib:/opt/ros/jazzy/lib PYTHONPATH=/home/daizhijun/RobotMaster/hikvision_ros2_integration/install/hikvision_interface/lib/python3.12/site-packages:/opt/ros/jazzy/lib/python3.12/site-packages:/opt/ros/jazzy/lib/python3.12/site-packages /usr/bin/cmake --build /home/daizhijun/RobotMaster/hikvision_ros2_integration/build/hikvision_ros2_driver -- -j16 -l16
[0.132s] [ 50%] Built target hikvision_ros2_driver_node
[0.142s] [ 75%] [32mBuilding CXX object CMakeFiles/hikvision_ros2_driver.dir/src/hikvision_ros2_driver.cpp.o[0m
[2.289s] [01m[K/home/daizhijun/RobotMaster/hikvision_ros2_integration/hikvision_ros2_driver/src/hikvision_ros2_driver.cpp:[m[K In lambda function:
[2.289s] [01m[K/home/daizhijun/RobotMaster/hikvision_ros2_integration/hikvision_ros2_driver/src/hikvision_ros2_driver.cpp:275:13:[m[K [01;35m[Kwarning: [m[Kthis ‘[01m[Kif[m[K’ clause does not guard... [[01;35m[K]8;;https://gcc.gnu.org/onlinedocs/gcc/Warning-Options.html#index-Wmisleading-indentation-Wmisleading-indentation]8;;[m[K]
[2.289s]   275 |             [01;35m[Kif[m[K (!result.successful) result.reason = failed_msg; return result;
[2.290s]       |             [01;35m[K^~[m[K
[2.290s] [01m[K/home/daizhijun/RobotMaster/hikvision_ros2_integration/hikvision_ros2_driver/src/hikvision_ros2_driver.cpp:275:65:[m[K [01;36m[Knote: [m[K...this statement, but the latter is misleadingly indented as if it were guarded by the ‘[01m[Kif[m[K’
[2.290s]   275 | f (!result.successful) result.reason = failed_msg; [01;36m[Kreturn[m[K result;
[2.290s]       |                                                    [01;36m[K^~~~~~[m[K
[2.290s] 
[2.305s] [01m[K/home/daizhijun/RobotMaster/hikvision_ros2_integration/hikvision_ros2_driver/src/hikvision_ros2_driver.cpp:[m[K In destructor ‘[01m[Kvirtual hikvision_ros2_driver::HikvisionDriver::[01;32m[K~HikvisionDriver[m[K()[m[K’:
[2.305s] [01m[K/home/daizhijun/RobotMaster/hikvision_ros2_integration/hikvision_ros2_driver/src/hikvision_ros2_driver.cpp:376:5:[m[K [01;35m[Kwarning: [m[Kthis ‘[01m[Kif[m[K’ clause does not guard... [[01;35m[K]8;;https://gcc.gnu.org/onlinedocs/gcc/Warning-Options.html#index-Wmisleading-indentation-Wmisleading-indentation]8;;[m[K]
[2.305s]   376 |     [01;35m[Kif[m[K (!pImpl) return; if (pImpl->handle == nullptr) return; auto logger = get_logger();
[2.305s]       |     [01;35m[K^~[m[K
[2.305s] [01m[K/home/daizhijun/RobotMaster/hikvision_ros2_integration/hikvision_ros2_driver/src/hikvision_ros2_driver.cpp:376:25:[m[K [01;36m[Knote: [m[K...this statement, but the latter is misleadingly indented as if it were guarded by the ‘[01m[Kif[m[K’
[2.306s]   376 |     if (!pImpl) return; [01;36m[Kif[m[K (pImpl->handle == nullptr) return; auto logger = get_logger();
[2.306s]       |                         [01;36m[K^~[m[K
[2.322s] [01m[K/home/daizhijun/RobotMaster/hikvision_ros2_integration/hikvision_ros2_driver/src/hikvision_ros2_driver.cpp:[m[K At global scope:
[2.322s] [01m[K/home/daizhijun/RobotMaster/hikvision_ros2_integration/hikvision_ros2_driver/src/hikvision_ros2_driver.cpp:386:5:[m[K [01;31m[Kerror: [m[Kexpected unqualified-id before ‘[01m[Kif[m[K’
[2.323s]   386 |     [01;31m[Kif[m[K (!pImpl) return;
[2.323s]       |     [01;31m[K^~[m[K
[2.324s] [01m[K/home/daizhijun/RobotMaster/hikvision_ros2_integration/hikvision_ros2_driver/src/hikvision_ros2_driver.cpp:387:5:[m[K [01;31m[Kerror: [m[Kexpected unqualified-id before ‘[01m[Kif[m[K’
[2.324s]   387 |     [01;31m[Kif[m[K (pImpl->handle == nullptr) return;
[2.324s]       |     [01;31m[K^~[m[K
[2.324s] [01m[K/home/daizhijun/RobotMaster/hikvision_ros2_integration/hikvision_ros2_driver/src/hikvision_ros2_driver.cpp:388:19:[m[K [01;31m[Kerror: [m[K‘[01m[Kget_logger[m[K’ was not declared in this scope; did you mean ‘[01m[Krclcpp::get_logger[m[K’?
[2.325s]   388 |     auto logger = [01;31m[Kget_logger[m[K();
[2.325s]       |                   [01;31m[K^~~~~~~~~~[m[K
[2.325s]       |                   [32m[Krclcpp::get_logger[m[K
[2.325s] In file included from [01m[K/opt/ros/jazzy/include/rclcpp/rclcpp/copy_all_parameter_values.hpp:26[m[K,
[2.325s]                  from [01m[K/opt/ros/jazzy/include/rclcpp/rclcpp/rclcpp.hpp:171[m[K,
[2.325s]                  from [01m[K/home/daizhijun/RobotMaster/hikvision_ros2_integration/hikvision_ros2_driver/src/hikvision_ros2_driver.cpp:4[m[K:
[2.325s] [01m[K/opt/ros/jazzy/include/rclcpp/rclcpp/logger.hpp:107:17:[m[K [01;36m[Knote: [m[K‘[01m[Krclcpp::get_logger[m[K’ declared here
[2.326s]   107 |   friend Logger [01;36m[Krclcpp[m[K::get_logger(const std::string & name);
[2.326s]       |                 [01;36m[K^~~~~~[m[K
[2.326s] [01m[K/home/daizhijun/RobotMaster/hikvision_ros2_integration/hikvision_ros2_driver/src/hikvision_ros2_driver.cpp:32:5:[m[K [01;31m[Kerror: [m[Kexpected unqualified-id before ‘[01m[Kdo[m[K’
[2.326s]    32 |     [01;31m[Kdo[m[K {                                                                                            \
[2.326s]       |     [01;31m[K^~[m[K
[2.326s] [01m[K/home/daizhijun/RobotMaster/hikvision_ros2_integration/hikvision_ros2_driver/src/hikvision_ros2_driver.cpp:390:5:[m[K [01;36m[Knote: [m[Kin expansion of macro ‘[01m[KMV_CHECK[m[K’
[2.326s]   390 |     [01;36m[KMV_CHECK[m[K(logger, MV_CC_StopGrabbing, pImpl->handle);
[2.327s]       |     [01;36m[K^~~~~~~~[m[K
[2.327s] [01m[K/home/daizhijun/RobotMaster/hikvision_ros2_integration/hikvision_ros2_driver/src/hikvision_ros2_driver.cpp:37:7:[m[K [01;31m[Kerror: [m[Kexpected unqualified-id before ‘[01m[Kwhile[m[K’
[2.327s]    37 |     } [01;31m[Kwhile[m[K (0)
[2.327s]       |       [01;31m[K^~~~~[m[K
[2.327s] [01m[K/home/daizhijun/RobotMaster/hikvision_ros2_integration/hikvision_ros2_driver/src/hikvision_ros2_driver.cpp:390:5:[m[K [01;36m[Knote: [m[Kin expansion of macro ‘[01m[KMV_CHECK[m[K’
[2.327s]   390 |     [01;36m[KMV_CHECK[m[K(logger, MV_CC_StopGrabbing, pImpl->handle);
[2.327s]       |     [01;36m[K^~~~~~~~[m[K
[2.328s] [01m[K/home/daizhijun/RobotMaster/hikvision_ros2_integration/hikvision_ros2_driver/src/hikvision_ros2_driver.cpp:32:5:[m[K [01;31m[Kerror: [m[Kexpected unqualified-id before ‘[01m[Kdo[m[K’
[2.328s]    32 |     [01;31m[Kdo[m[K {                                                                                            \
[2.328s]       |     [01;31m[K^~[m[K
[2.328s] [01m[K/home/daizhijun/RobotMaster/hikvision_ros2_integration/hikvision_ros2_driver/src/hikvision_ros2_driver.cpp:391:5:[m[K [01;36m[Knote: [m[Kin expansion of macro ‘[01m[KMV_CHECK[m[K’
[2.328s]   391 |     [01;36m[KMV_CHECK[m[K(logger, MV_CC_CloseDevice, pImpl->handle);
[2.328s]       |     [01;36m[K^~~~~~~~[m[K
[2.328s] [01m[K/home/daizhijun/RobotMaster/hikvision_ros2_integration/hikvision_ros2_driver/src/hikvision_ros2_driver.cpp:37:7:[m[K [01;31m[Kerror: [m[Kexpected unqualified-id before ‘[01m[Kwhile[m[K’
[2.329s]    37 |     } [01;31m[Kwhile[m[K (0)
[2.329s]       |       [01;31m[K^~~~~[m[K
[2.329s] [01m[K/home/daizhijun/RobotMaster/hikvision_ros2_integration/hikvision_ros2_driver/src/hikvision_ros2_driver.cpp:391:5:[m[K [01;36m[Knote: [m[Kin expansion of macro ‘[01m[KMV_CHECK[m[K’
[2.329s]   391 |     [01;36m[KMV_CHECK[m[K(logger, MV_CC_CloseDevice, pImpl->handle);
[2.329s]       |     [01;36m[K^~~~~~~~[m[K
[2.329s] [01m[K/home/daizhijun/RobotMaster/hikvision_ros2_integration/hikvision_ros2_driver/src/hikvision_ros2_driver.cpp:32:5:[m[K [01;31m[Kerror: [m[Kexpected unqualified-id before ‘[01m[Kdo[m[K’
[2.329s]    32 |     [01;31m[Kdo[m[K {                                                                                            \
[2.329s]       |     [01;31m[K^~[m[K
[2.330s] [01m[K/home/daizhijun/RobotMaster/hikvision_ros2_integration/hikvision_ros2_driver/src/hikvision_ros2_driver.cpp:392:5:[m[K [01;36m[Knote: [m[Kin expansion of macro ‘[01m[KMV_CHECK[m[K’
[2.330s]   392 |     [01;36m[KMV_CHECK[m[K(logger, MV_CC_DestroyHandle, pImpl->handle);
[2.330s]       |     [01;36m[K^~~~~~~~[m[K
[2.330s] [01m[K/home/daizhijun/RobotMaster/hikvision_ros2_integration/hikvision_ros2_driver/src/hikvision_ros2_driver.cpp:37:7:[m[K [01;31m[Kerror: [m[Kexpected unqualified-id before ‘[01m[Kwhile[m[K’
[2.330s]    37 |     } [01;31m[Kwhile[m[K (0)
[2.330s]       |       [01;31m[K^~~~~[m[K
[2.330s] [01m[K/home/daizhijun/RobotMaster/hikvision_ros2_integration/hikvision_ros2_driver/src/hikvision_ros2_driver.cpp:392:5:[m[K [01;36m[Knote: [m[Kin expansion of macro ‘[01m[KMV_CHECK[m[K’
[2.330s]   392 |     [01;36m[KMV_CHECK[m[K(logger, MV_CC_DestroyHandle, pImpl->handle);
[2.331s]       |     [01;36m[K^~~~~~~~[m[K
[2.331s] [01m[K/home/daizhijun/RobotMaster/hikvision_ros2_integration/hikvision_ros2_driver/src/hikvision_ros2_driver.cpp:393:5:[m[K [01;31m[Kerror: [m[K‘[01m[KpImpl[m[K’ does not name a type
[2.331s]   393 |     [01;31m[KpImpl[m[K->handle = nullptr;
[2.331s]       |     [01;31m[K^~~~~[m[K
[2.331s] [01m[K/home/daizhijun/RobotMaster/hikvision_ros2_integration/hikvision_ros2_driver/src/hikvision_ros2_driver.cpp:394:1:[m[K [01;31m[Kerror: [m[Kexpected declaration before ‘[01m[K}[m[K’ token
[2.331s]   394 | [01;31m[K}[m[K
[2.331s]       | [01;31m[K^[m[K
[2.331s] [01m[K/home/daizhijun/RobotMaster/hikvision_ros2_integration/hikvision_ros2_driver/src/hikvision_ros2_driver.cpp:396:1:[m[K [01;31m[Kerror: [m[Kexpected declaration before ‘[01m[K}[m[K’ token
[2.331s]   396 | [01;31m[K}[m[K  // namespace hikvision_ros2_driver
[2.332s]       | [01;31m[K^[m[K
[3.977s] gmake[2]: *** [CMakeFiles/hikvision_ros2_driver.dir/build.make:76: CMakeFiles/hikvision_ros2_driver.dir/src/hikvision_ros2_driver.cpp.o] Error 1
[3.977s] gmake[1]: *** [CMakeFiles/Makefile2:139: CMakeFiles/hikvision_ros2_driver.dir/all] Error 2
[3.978s] gmake: *** [Makefile:146: all] Error 2
[3.983s] Invoked command in '/home/daizhijun/RobotMaster/hikvision_ros2_integration/build/hikvision_ros2_driver' returned '2': CMAKE_PREFIX_PATH=/home/daizhijun/RobotMaster/hikvision_ros2_integration/install/hikvision_interface:/home/daizhijun/RobotMaster/hikvision_ros2_integration/install/hikvision_ros2_driver:/opt/ros/jazzy:/opt/ros/jazzy/opt/gz_math_vendor:/opt/ros/jazzy/opt/gz_utils_vendor:/opt/ros/jazzy/opt/gz_cmake_vendor:/opt/ros/jazzy LD_LIBRARY_PATH=/home/daizhijun/RobotMaster/hikvision_ros2_integration/install/hikvision_interface/lib:/home/daizhijun/RobotMaster/hikvision_ros2_integration/install/hikvision_ros2_driver/lib:/opt/ros/jazzy/lib:/opt/ros/jazzy/opt/rviz_ogre_vendor/lib:/opt/ros/jazzy/lib/x86_64-linux-gnu:/opt/ros/jazzy/opt/gz_math_vendor/lib:/opt/ros/jazzy/opt/gz_utils_vendor/lib:/opt/ros/jazzy/opt/gz_cmake_vendor/lib:/opt/ros/jazzy/lib PYTHONPATH=/home/daizhijun/RobotMaster/hikvision_ros2_integration/install/hikvision_interface/lib/python3.12/site-packages:/opt/ros/jazzy/lib/python3.12/site-packages:/opt/ros/jazzy/lib/python3.12/site-packages /usr/bin/cmake --build /home/daizhijun/RobotMaster/hikvision_ros2_integration/build/hikvision_ros2_driver -- -j16 -l16
