[0.015s] Invoking command in '/home/daizhijun/RobotMaster/hikvision_ros2_integration/build/hikvision_ros2_driver': CMAKE_PREFIX_PATH=/home/daizhijun/RobotMaster/hikvision_ros2_integration/install/hikvision_interface:/home/daizhijun/RobotMaster/hikvision_ros2_integration/install/hikvision_ros2_driver:/opt/ros/jazzy:/opt/ros/jazzy/opt/gz_math_vendor:/opt/ros/jazzy/opt/gz_utils_vendor:/opt/ros/jazzy/opt/gz_cmake_vendor:/opt/ros/jazzy LD_LIBRARY_PATH=/home/daizhijun/RobotMaster/hikvision_ros2_integration/install/hikvision_interface/lib:/home/daizhijun/RobotMaster/hikvision_ros2_integration/install/hikvision_ros2_driver/lib:/opt/ros/jazzy/lib:/opt/ros/jazzy/opt/rviz_ogre_vendor/lib:/opt/ros/jazzy/lib/x86_64-linux-gnu:/opt/ros/jazzy/opt/gz_math_vendor/lib:/opt/ros/jazzy/opt/gz_utils_vendor/lib:/opt/ros/jazzy/opt/gz_cmake_vendor/lib:/opt/ros/jazzy/lib PYTHONPATH=/home/daizhijun/RobotMaster/hikvision_ros2_integration/install/hikvision_interface/lib/python3.12/site-packages:/opt/ros/jazzy/lib/python3.12/site-packages:/opt/ros/jazzy/lib/python3.12/site-packages /usr/bin/cmake --build /home/daizhijun/RobotMaster/hikvision_ros2_integration/build/hikvision_ros2_driver -- -j16 -l16
[0.120s] [ 50%] Built target hikvision_ros2_driver_node
[0.139s] [ 75%] [32mBuilding CXX object CMakeFiles/hikvision_ros2_driver.dir/src/hikvision_ros2_driver.cpp.o[0m
[15.687s] [100%] [32m[1mLinking CXX shared library libhikvision_ros2_driver.so[0m
[15.997s] [100%] Built target hikvision_ros2_driver
[16.019s] Invoked command in '/home/daizhijun/RobotMaster/hikvision_ros2_integration/build/hikvision_ros2_driver' returned '0': CMAKE_PREFIX_PATH=/home/daizhijun/RobotMaster/hikvision_ros2_integration/install/hikvision_interface:/home/daizhijun/RobotMaster/hikvision_ros2_integration/install/hikvision_ros2_driver:/opt/ros/jazzy:/opt/ros/jazzy/opt/gz_math_vendor:/opt/ros/jazzy/opt/gz_utils_vendor:/opt/ros/jazzy/opt/gz_cmake_vendor:/opt/ros/jazzy LD_LIBRARY_PATH=/home/daizhijun/RobotMaster/hikvision_ros2_integration/install/hikvision_interface/lib:/home/daizhijun/RobotMaster/hikvision_ros2_integration/install/hikvision_ros2_driver/lib:/opt/ros/jazzy/lib:/opt/ros/jazzy/opt/rviz_ogre_vendor/lib:/opt/ros/jazzy/lib/x86_64-linux-gnu:/opt/ros/jazzy/opt/gz_math_vendor/lib:/opt/ros/jazzy/opt/gz_utils_vendor/lib:/opt/ros/jazzy/opt/gz_cmake_vendor/lib:/opt/ros/jazzy/lib PYTHONPATH=/home/daizhijun/RobotMaster/hikvision_ros2_integration/install/hikvision_interface/lib/python3.12/site-packages:/opt/ros/jazzy/lib/python3.12/site-packages:/opt/ros/jazzy/lib/python3.12/site-packages /usr/bin/cmake --build /home/daizhijun/RobotMaster/hikvision_ros2_integration/build/hikvision_ros2_driver -- -j16 -l16
[16.038s] Invoking command in '/home/daizhijun/RobotMaster/hikvision_ros2_integration/build/hikvision_ros2_driver': CMAKE_PREFIX_PATH=/home/daizhijun/RobotMaster/hikvision_ros2_integration/install/hikvision_interface:/home/daizhijun/RobotMaster/hikvision_ros2_integration/install/hikvision_ros2_driver:/opt/ros/jazzy:/opt/ros/jazzy/opt/gz_math_vendor:/opt/ros/jazzy/opt/gz_utils_vendor:/opt/ros/jazzy/opt/gz_cmake_vendor:/opt/ros/jazzy LD_LIBRARY_PATH=/home/daizhijun/RobotMaster/hikvision_ros2_integration/install/hikvision_interface/lib:/home/daizhijun/RobotMaster/hikvision_ros2_integration/install/hikvision_ros2_driver/lib:/opt/ros/jazzy/lib:/opt/ros/jazzy/opt/rviz_ogre_vendor/lib:/opt/ros/jazzy/lib/x86_64-linux-gnu:/opt/ros/jazzy/opt/gz_math_vendor/lib:/opt/ros/jazzy/opt/gz_utils_vendor/lib:/opt/ros/jazzy/opt/gz_cmake_vendor/lib:/opt/ros/jazzy/lib PYTHONPATH=/home/daizhijun/RobotMaster/hikvision_ros2_integration/install/hikvision_interface/lib/python3.12/site-packages:/opt/ros/jazzy/lib/python3.12/site-packages:/opt/ros/jazzy/lib/python3.12/site-packages /usr/bin/cmake --install /home/daizhijun/RobotMaster/hikvision_ros2_integration/build/hikvision_ros2_driver
[16.054s] -- Install configuration: "RelWithDebInfo"
[16.055s] -- Execute custom install script
[16.056s] -- Up-to-date symlink: /home/daizhijun/RobotMaster/hikvision_ros2_integration/install/hikvision_ros2_driver/lib/hikvision_ros2_driver/hikvision_ros2_driver_node
[16.057s] -- Up-to-date symlink: /home/daizhijun/RobotMaster/hikvision_ros2_integration/install/hikvision_ros2_driver/share/hikvision_ros2_driver//launch/camera_with_recognizer_and_rviz.launch.py
[16.057s] -- Up-to-date symlink: /home/daizhijun/RobotMaster/hikvision_ros2_integration/install/hikvision_ros2_driver/share/hikvision_ros2_driver//launch/camera_with_rviz.launch.py
[16.057s] -- Up-to-date symlink: /home/daizhijun/RobotMaster/hikvision_ros2_integration/install/hikvision_ros2_driver/share/hikvision_ros2_driver//launch/component.launch.yaml
[16.057s] -- Up-to-date symlink: /home/daizhijun/RobotMaster/hikvision_ros2_integration/install/hikvision_ros2_driver/share/hikvision_ros2_driver//launch/standalone.launch.yaml
[16.057s] -- Up-to-date symlink: /home/daizhijun/RobotMaster/hikvision_ros2_integration/install/hikvision_ros2_driver/include/hikvision_ros2_driver/hikvision_ros2_driver.hpp
[16.058s] -- Up-to-date symlink: /home/daizhijun/RobotMaster/hikvision_ros2_integration/install/hikvision_ros2_driver/share/hikvision_ros2_driver/environment/library_path.sh
[16.058s] -- Up-to-date symlink: /home/daizhijun/RobotMaster/hikvision_ros2_integration/install/hikvision_ros2_driver/share/hikvision_ros2_driver/environment/library_path.dsv
[16.059s] -- Up-to-date symlink: /home/daizhijun/RobotMaster/hikvision_ros2_integration/install/hikvision_ros2_driver/lib/libhikvision_ros2_driver.so
[16.059s] -- Up-to-date symlink: /home/daizhijun/RobotMaster/hikvision_ros2_integration/install/hikvision_ros2_driver/share/hikvision_ros2_driver/launch/camera_with_recognizer_and_rviz.launch.py
[16.059s] -- Up-to-date symlink: /home/daizhijun/RobotMaster/hikvision_ros2_integration/install/hikvision_ros2_driver/share/hikvision_ros2_driver/launch/camera_with_rviz.launch.py
[16.060s] -- Up-to-date symlink: /home/daizhijun/RobotMaster/hikvision_ros2_integration/install/hikvision_ros2_driver/share/hikvision_ros2_driver/launch/component.launch.yaml
[16.060s] -- Up-to-date symlink: /home/daizhijun/RobotMaster/hikvision_ros2_integration/install/hikvision_ros2_driver/share/hikvision_ros2_driver/launch/standalone.launch.yaml
[16.060s] -- Up-to-date symlink: /home/daizhijun/RobotMaster/hikvision_ros2_integration/install/hikvision_ros2_driver/share/ament_index/resource_index/package_run_dependencies/hikvision_ros2_driver
[16.060s] -- Up-to-date symlink: /home/daizhijun/RobotMaster/hikvision_ros2_integration/install/hikvision_ros2_driver/share/ament_index/resource_index/parent_prefix_path/hikvision_ros2_driver
[16.061s] -- Up-to-date symlink: /home/daizhijun/RobotMaster/hikvision_ros2_integration/install/hikvision_ros2_driver/share/hikvision_ros2_driver/environment/ament_prefix_path.sh
[16.061s] -- Up-to-date symlink: /home/daizhijun/RobotMaster/hikvision_ros2_integration/install/hikvision_ros2_driver/share/hikvision_ros2_driver/environment/ament_prefix_path.dsv
[16.061s] -- Up-to-date symlink: /home/daizhijun/RobotMaster/hikvision_ros2_integration/install/hikvision_ros2_driver/share/hikvision_ros2_driver/environment/path.sh
[16.061s] -- Up-to-date symlink: /home/daizhijun/RobotMaster/hikvision_ros2_integration/install/hikvision_ros2_driver/share/hikvision_ros2_driver/environment/path.dsv
[16.062s] -- Up-to-date symlink: /home/daizhijun/RobotMaster/hikvision_ros2_integration/install/hikvision_ros2_driver/share/hikvision_ros2_driver/local_setup.bash
[16.062s] -- Up-to-date symlink: /home/daizhijun/RobotMaster/hikvision_ros2_integration/install/hikvision_ros2_driver/share/hikvision_ros2_driver/local_setup.sh
[16.062s] -- Up-to-date symlink: /home/daizhijun/RobotMaster/hikvision_ros2_integration/install/hikvision_ros2_driver/share/hikvision_ros2_driver/local_setup.zsh
[16.062s] -- Up-to-date symlink: /home/daizhijun/RobotMaster/hikvision_ros2_integration/install/hikvision_ros2_driver/share/hikvision_ros2_driver/local_setup.dsv
[16.062s] -- Symlinking: /home/daizhijun/RobotMaster/hikvision_ros2_integration/install/hikvision_ros2_driver/share/hikvision_ros2_driver/package.dsv
[16.079s] -- Up-to-date symlink: /home/daizhijun/RobotMaster/hikvision_ros2_integration/install/hikvision_ros2_driver/share/ament_index/resource_index/packages/hikvision_ros2_driver
[16.079s] -- Up-to-date symlink: /home/daizhijun/RobotMaster/hikvision_ros2_integration/install/hikvision_ros2_driver/share/ament_index/resource_index/rclcpp_components/hikvision_ros2_driver
[16.079s] -- Up-to-date symlink: /home/daizhijun/RobotMaster/hikvision_ros2_integration/install/hikvision_ros2_driver/share/hikvision_ros2_driver/cmake/ament_cmake_export_dependencies-extras.cmake
[16.079s] -- Up-to-date symlink: /home/daizhijun/RobotMaster/hikvision_ros2_integration/install/hikvision_ros2_driver/share/hikvision_ros2_driver/cmake/ament_cmake_export_include_directories-extras.cmake
[16.080s] -- Up-to-date symlink: /home/daizhijun/RobotMaster/hikvision_ros2_integration/install/hikvision_ros2_driver/share/hikvision_ros2_driver/cmake/ament_cmake_export_libraries-extras.cmake
[16.080s] -- Up-to-date symlink: /home/daizhijun/RobotMaster/hikvision_ros2_integration/install/hikvision_ros2_driver/share/hikvision_ros2_driver/cmake/hikvision_ros2_driverConfig.cmake
[16.080s] -- Up-to-date symlink: /home/daizhijun/RobotMaster/hikvision_ros2_integration/install/hikvision_ros2_driver/share/hikvision_ros2_driver/cmake/hikvision_ros2_driverConfig-version.cmake
[16.081s] -- Up-to-date symlink: /home/daizhijun/RobotMaster/hikvision_ros2_integration/install/hikvision_ros2_driver/share/hikvision_ros2_driver/package.xml
[16.081s] -- Up-to-date symlink: /home/daizhijun/RobotMaster/hikvision_ros2_integration/install/hikvision_ros2_driver/lib/hikvision_ros2_driver/armor_recognizer_node.py
[16.085s] Invoked command in '/home/daizhijun/RobotMaster/hikvision_ros2_integration/build/hikvision_ros2_driver' returned '0': CMAKE_PREFIX_PATH=/home/daizhijun/RobotMaster/hikvision_ros2_integration/install/hikvision_interface:/home/daizhijun/RobotMaster/hikvision_ros2_integration/install/hikvision_ros2_driver:/opt/ros/jazzy:/opt/ros/jazzy/opt/gz_math_vendor:/opt/ros/jazzy/opt/gz_utils_vendor:/opt/ros/jazzy/opt/gz_cmake_vendor:/opt/ros/jazzy LD_LIBRARY_PATH=/home/daizhijun/RobotMaster/hikvision_ros2_integration/install/hikvision_interface/lib:/home/daizhijun/RobotMaster/hikvision_ros2_integration/install/hikvision_ros2_driver/lib:/opt/ros/jazzy/lib:/opt/ros/jazzy/opt/rviz_ogre_vendor/lib:/opt/ros/jazzy/lib/x86_64-linux-gnu:/opt/ros/jazzy/opt/gz_math_vendor/lib:/opt/ros/jazzy/opt/gz_utils_vendor/lib:/opt/ros/jazzy/opt/gz_cmake_vendor/lib:/opt/ros/jazzy/lib PYTHONPATH=/home/daizhijun/RobotMaster/hikvision_ros2_integration/install/hikvision_interface/lib/python3.12/site-packages:/opt/ros/jazzy/lib/python3.12/site-packages:/opt/ros/jazzy/lib/python3.12/site-packages /usr/bin/cmake --install /home/daizhijun/RobotMaster/hikvision_ros2_integration/build/hikvision_ros2_driver
