[0.009s] Invoking command in '/home/daizhijun/RobotMaster/hikvision_ros2_integration/build/hikvision_interface': /usr/bin/cmake /home/daizhijun/RobotMaster/hikvision_ros2_integration/hikvision_interface -DCMAKE_INSTALL_PREFIX=/home/daizhijun/RobotMaster/hikvision_ros2_integration/install/hikvision_interface
[0.037s] -- Found ament_cmake: 2.5.4 (/opt/ros/jazzy/share/ament_cmake/cmake)
[0.080s] -- Found Python3: /usr/bin/python3 (found version "3.12.3") found components: Interpreter 
[0.168s] -- Override CMake install command with custom implementation using symlinks instead of copying resources
[0.182s] -- Found std_msgs: 5.3.6 (/opt/ros/jazzy/share/std_msgs/cmake)
[0.206s] -- Found rosidl_generator_c: 4.6.6 (/opt/ros/jazzy/share/rosidl_generator_c/cmake)
[0.212s] -- Found rosidl_generator_cpp: 4.6.6 (/opt/ros/jazzy/share/rosidl_generator_cpp/cmake)
[0.219s] -- Using all available rosidl_typesupport_c: rosidl_typesupport_fastrtps_c;rosidl_typesupport_introspection_c
[0.228s] -- Using all available rosidl_typesupport_cpp: rosidl_typesupport_fastrtps_cpp;rosidl_typesupport_introspection_cpp
[0.246s] -- Found rosidl_default_generators: 1.6.0 (/opt/ros/jazzy/share/rosidl_default_generators/cmake)
[0.254s] -- Found rosidl_adapter: 4.6.6 (/opt/ros/jazzy/share/rosidl_adapter/cmake)
[0.597s] -- Found ament_cmake_ros: 0.12.0 (/opt/ros/jazzy/share/ament_cmake_ros/cmake)
[0.908s] -- Using all available rosidl_typesupport_c: rosidl_typesupport_fastrtps_c;rosidl_typesupport_introspection_c
[1.039s] -- Using all available rosidl_typesupport_cpp: rosidl_typesupport_fastrtps_cpp;rosidl_typesupport_introspection_cpp
[1.041s] -- Found python_cmake_module: 0.11.1 (/opt/ros/jazzy/share/python_cmake_module/cmake)
[1.332s] -- Found Python3: /usr/bin/python3 (found version "3.12.3") found components: Interpreter Development NumPy Development.Module Development.Embed 
[1.357s] -- Found ament_lint_auto: 0.17.3 (/opt/ros/jazzy/share/ament_lint_auto/cmake)
[1.362s] -- Added test 'lint_cmake' to check CMake code style
[1.362s] -- Added test 'xmllint' to check XML markup files
[1.363s] -- Configuring done (1.3s)
[1.379s] -- Generating done (0.0s)
[1.384s] -- Build files have been written to: /home/daizhijun/RobotMaster/hikvision_ros2_integration/build/hikvision_interface
[1.392s] Invoked command in '/home/daizhijun/RobotMaster/hikvision_ros2_integration/build/hikvision_interface' returned '0': /usr/bin/cmake /home/daizhijun/RobotMaster/hikvision_ros2_integration/hikvision_interface -DCMAKE_INSTALL_PREFIX=/home/daizhijun/RobotMaster/hikvision_ros2_integration/install/hikvision_interface
[1.394s] Invoking command in '/home/daizhijun/RobotMaster/hikvision_ros2_integration/build/hikvision_interface': /usr/bin/cmake --build /home/daizhijun/RobotMaster/hikvision_ros2_integration/build/hikvision_interface -- -j16 -l16
[1.496s] [  2%] Built target hikvision_interface__rosidl_generator_type_description
[1.514s] [  2%] Built target ament_cmake_python_symlink_hikvision_interface
[1.533s] [  5%] Built target hikvision_interface__cpp
[1.533s] [ 20%] Built target hikvision_interface__rosidl_generator_c
[1.565s] [ 29%] Built target hikvision_interface__rosidl_typesupport_introspection_c
[1.566s] [ 38%] Built target hikvision_interface__rosidl_typesupport_cpp
[1.566s] [ 47%] Built target hikvision_interface__rosidl_typesupport_c
[1.566s] [ 55%] Built target hikvision_interface__rosidl_typesupport_introspection_cpp
[1.567s] [ 64%] Built target hikvision_interface__rosidl_typesupport_fastrtps_cpp
[1.573s] [ 73%] Built target hikvision_interface__rosidl_typesupport_fastrtps_c
[1.600s] [ 73%] Built target hikvision_interface
[1.639s] [ 76%] Built target hikvision_interface__py
[1.669s] running egg_info
[1.676s] writing hikvision_interface.egg-info/PKG-INFO
[1.677s] writing dependency_links to hikvision_interface.egg-info/dependency_links.txt
[1.677s] writing top-level names to hikvision_interface.egg-info/top_level.txt
[1.684s] [ 82%] Built target hikvision_interface__rosidl_generator_py
[1.697s] reading manifest file 'hikvision_interface.egg-info/SOURCES.txt'
[1.698s] writing manifest file 'hikvision_interface.egg-info/SOURCES.txt'
[1.715s] [ 88%] Built target hikvision_interface_s__rosidl_typesupport_c
[1.718s] [ 88%] Built target ament_cmake_python_build_hikvision_interface_egg
[1.726s] [100%] Built target hikvision_interface_s__rosidl_typesupport_introspection_c
[1.726s] [100%] Built target hikvision_interface_s__rosidl_typesupport_fastrtps_c
[1.749s] Invoked command in '/home/daizhijun/RobotMaster/hikvision_ros2_integration/build/hikvision_interface' returned '0': /usr/bin/cmake --build /home/daizhijun/RobotMaster/hikvision_ros2_integration/build/hikvision_interface -- -j16 -l16
[1.769s] Invoking command in '/home/daizhijun/RobotMaster/hikvision_ros2_integration/build/hikvision_interface': /usr/bin/cmake --install /home/daizhijun/RobotMaster/hikvision_ros2_integration/build/hikvision_interface
[1.786s] -- Install configuration: "RelWithDebInfo"
[1.787s] -- Execute custom install script
[1.787s] -- Up-to-date symlink: /home/daizhijun/RobotMaster/hikvision_ros2_integration/install/hikvision_interface/share/ament_index/resource_index/rosidl_interfaces/hikvision_interface
[1.787s] -- Up-to-date symlink: /home/daizhijun/RobotMaster/hikvision_ros2_integration/install/hikvision_interface/share/hikvision_interface/msg/HikImageInfo.json
[1.788s] -- Up-to-date symlink: /home/daizhijun/RobotMaster/hikvision_ros2_integration/install/hikvision_interface/include/hikvision_interface/hikvision_interface/msg/detail/hik_image_info__functions.h
[1.788s] -- Up-to-date symlink: /home/daizhijun/RobotMaster/hikvision_ros2_integration/install/hikvision_interface/include/hikvision_interface/hikvision_interface/msg/detail/hik_image_info__struct.h
[1.788s] -- Up-to-date symlink: /home/daizhijun/RobotMaster/hikvision_ros2_integration/install/hikvision_interface/include/hikvision_interface/hikvision_interface/msg/detail/hik_image_info__type_support.h
[1.788s] -- Up-to-date symlink: /home/daizhijun/RobotMaster/hikvision_ros2_integration/install/hikvision_interface/include/hikvision_interface/hikvision_interface/msg/hik_image_info.h
[1.789s] -- Up-to-date symlink: /home/daizhijun/RobotMaster/hikvision_ros2_integration/install/hikvision_interface/include/hikvision_interface/hikvision_interface/msg/rosidl_generator_c__visibility_control.h
[1.789s] -- Up-to-date symlink: /home/daizhijun/RobotMaster/hikvision_ros2_integration/install/hikvision_interface/share/hikvision_interface/environment/library_path.sh
[1.789s] -- Up-to-date symlink: /home/daizhijun/RobotMaster/hikvision_ros2_integration/install/hikvision_interface/share/hikvision_interface/environment/library_path.dsv
[1.790s] -- Up-to-date symlink: /home/daizhijun/RobotMaster/hikvision_ros2_integration/install/hikvision_interface/include/hikvision_interface/hikvision_interface/msg/detail/hik_image_info__rosidl_typesupport_fastrtps_c.h
[1.790s] -- Up-to-date symlink: /home/daizhijun/RobotMaster/hikvision_ros2_integration/install/hikvision_interface/include/hikvision_interface/hikvision_interface/msg/rosidl_typesupport_fastrtps_c__visibility_control.h
[1.791s] -- Up-to-date symlink: /home/daizhijun/RobotMaster/hikvision_ros2_integration/install/hikvision_interface/include/hikvision_interface/hikvision_interface/msg/detail/hik_image_info__builder.hpp
[1.791s] -- Up-to-date symlink: /home/daizhijun/RobotMaster/hikvision_ros2_integration/install/hikvision_interface/include/hikvision_interface/hikvision_interface/msg/detail/hik_image_info__struct.hpp
[1.791s] -- Up-to-date symlink: /home/daizhijun/RobotMaster/hikvision_ros2_integration/install/hikvision_interface/include/hikvision_interface/hikvision_interface/msg/detail/hik_image_info__traits.hpp
[1.791s] -- Up-to-date symlink: /home/daizhijun/RobotMaster/hikvision_ros2_integration/install/hikvision_interface/include/hikvision_interface/hikvision_interface/msg/detail/hik_image_info__type_support.hpp
[1.791s] -- Up-to-date symlink: /home/daizhijun/RobotMaster/hikvision_ros2_integration/install/hikvision_interface/include/hikvision_interface/hikvision_interface/msg/hik_image_info.hpp
[1.791s] -- Up-to-date symlink: /home/daizhijun/RobotMaster/hikvision_ros2_integration/install/hikvision_interface/include/hikvision_interface/hikvision_interface/msg/rosidl_generator_cpp__visibility_control.hpp
[1.792s] -- Up-to-date symlink: /home/daizhijun/RobotMaster/hikvision_ros2_integration/install/hikvision_interface/include/hikvision_interface/hikvision_interface/msg/detail/hik_image_info__rosidl_typesupport_fastrtps_cpp.hpp
[1.792s] -- Up-to-date symlink: /home/daizhijun/RobotMaster/hikvision_ros2_integration/install/hikvision_interface/include/hikvision_interface/hikvision_interface/msg/rosidl_typesupport_fastrtps_cpp__visibility_control.h
[1.792s] -- Up-to-date symlink: /home/daizhijun/RobotMaster/hikvision_ros2_integration/install/hikvision_interface/include/hikvision_interface/hikvision_interface/msg/detail/hik_image_info__rosidl_typesupport_introspection_c.h
[1.793s] -- Up-to-date symlink: /home/daizhijun/RobotMaster/hikvision_ros2_integration/install/hikvision_interface/include/hikvision_interface/hikvision_interface/msg/rosidl_typesupport_introspection_c__visibility_control.h
[1.793s] -- Up-to-date symlink: /home/daizhijun/RobotMaster/hikvision_ros2_integration/install/hikvision_interface/include/hikvision_interface/hikvision_interface/msg/detail/hik_image_info__rosidl_typesupport_introspection_cpp.hpp
[1.793s] -- Up-to-date symlink: /home/daizhijun/RobotMaster/hikvision_ros2_integration/install/hikvision_interface/share/hikvision_interface/environment/pythonpath.sh
[1.793s] -- Up-to-date symlink: /home/daizhijun/RobotMaster/hikvision_ros2_integration/install/hikvision_interface/share/hikvision_interface/environment/pythonpath.dsv
[1.794s] -- Up-to-date symlink: /home/daizhijun/RobotMaster/hikvision_ros2_integration/install/hikvision_interface/lib/python3.12/site-packages/hikvision_interface-0.0.0-py3.12.egg-info/PKG-INFO
[1.794s] -- Up-to-date symlink: /home/daizhijun/RobotMaster/hikvision_ros2_integration/install/hikvision_interface/lib/python3.12/site-packages/hikvision_interface-0.0.0-py3.12.egg-info/SOURCES.txt
[1.794s] -- Up-to-date symlink: /home/daizhijun/RobotMaster/hikvision_ros2_integration/install/hikvision_interface/lib/python3.12/site-packages/hikvision_interface-0.0.0-py3.12.egg-info/dependency_links.txt
[1.794s] -- Up-to-date symlink: /home/daizhijun/RobotMaster/hikvision_ros2_integration/install/hikvision_interface/lib/python3.12/site-packages/hikvision_interface-0.0.0-py3.12.egg-info/top_level.txt
[1.795s] -- Up-to-date symlink: /home/daizhijun/RobotMaster/hikvision_ros2_integration/install/hikvision_interface/lib/python3.12/site-packages/hikvision_interface/__init__.py
[1.795s] -- Up-to-date symlink: /home/daizhijun/RobotMaster/hikvision_ros2_integration/install/hikvision_interface/lib/python3.12/site-packages/hikvision_interface/_hikvision_interface_s.ep.rosidl_typesupport_c.c
[1.795s] -- Up-to-date symlink: /home/daizhijun/RobotMaster/hikvision_ros2_integration/install/hikvision_interface/lib/python3.12/site-packages/hikvision_interface/_hikvision_interface_s.ep.rosidl_typesupport_fastrtps_c.c
[1.795s] -- Up-to-date symlink: /home/daizhijun/RobotMaster/hikvision_ros2_integration/install/hikvision_interface/lib/python3.12/site-packages/hikvision_interface/_hikvision_interface_s.ep.rosidl_typesupport_introspection_c.c
[1.795s] -- Up-to-date symlink: /home/daizhijun/RobotMaster/hikvision_ros2_integration/install/hikvision_interface/lib/python3.12/site-packages/hikvision_interface/hikvision_interface_s__rosidl_typesupport_c.so
[1.796s] -- Up-to-date symlink: /home/daizhijun/RobotMaster/hikvision_ros2_integration/install/hikvision_interface/lib/python3.12/site-packages/hikvision_interface/hikvision_interface_s__rosidl_typesupport_fastrtps_c.so
[1.796s] -- Up-to-date symlink: /home/daizhijun/RobotMaster/hikvision_ros2_integration/install/hikvision_interface/lib/python3.12/site-packages/hikvision_interface/hikvision_interface_s__rosidl_typesupport_introspection_c.so
[1.796s] -- Up-to-date symlink: /home/daizhijun/RobotMaster/hikvision_ros2_integration/install/hikvision_interface/lib/python3.12/site-packages/hikvision_interface/msg/__init__.py
[1.796s] -- Up-to-date symlink: /home/daizhijun/RobotMaster/hikvision_ros2_integration/install/hikvision_interface/lib/python3.12/site-packages/hikvision_interface/msg/_hik_image_info.py
[1.796s] -- Up-to-date symlink: /home/daizhijun/RobotMaster/hikvision_ros2_integration/install/hikvision_interface/lib/python3.12/site-packages/hikvision_interface/msg/_hik_image_info_s.c
[1.796s] -- Up-to-date symlink: /home/daizhijun/RobotMaster/hikvision_ros2_integration/install/hikvision_interface/lib/python3.12/site-packages/hikvision_interface/hikvision_interface_s__rosidl_typesupport_fastrtps_c.so
[1.796s] -- Up-to-date symlink: /home/daizhijun/RobotMaster/hikvision_ros2_integration/install/hikvision_interface/lib/python3.12/site-packages/hikvision_interface/hikvision_interface_s__rosidl_typesupport_introspection_c.so
[1.796s] -- Up-to-date symlink: /home/daizhijun/RobotMaster/hikvision_ros2_integration/install/hikvision_interface/lib/python3.12/site-packages/hikvision_interface/hikvision_interface_s__rosidl_typesupport_c.so
[1.796s] -- Up-to-date symlink: /home/daizhijun/RobotMaster/hikvision_ros2_integration/install/hikvision_interface/share/hikvision_interface/msg/HikImageInfo.idl
[1.797s] -- Up-to-date symlink: /home/daizhijun/RobotMaster/hikvision_ros2_integration/install/hikvision_interface/share/hikvision_interface/msg/HikImageInfo.msg
[1.797s] -- Up-to-date symlink: /home/daizhijun/RobotMaster/hikvision_ros2_integration/install/hikvision_interface/share/ament_index/resource_index/package_run_dependencies/hikvision_interface
[1.797s] -- Up-to-date symlink: /home/daizhijun/RobotMaster/hikvision_ros2_integration/install/hikvision_interface/share/ament_index/resource_index/parent_prefix_path/hikvision_interface
[1.797s] -- Up-to-date symlink: /home/daizhijun/RobotMaster/hikvision_ros2_integration/install/hikvision_interface/share/hikvision_interface/environment/ament_prefix_path.sh
[1.797s] -- Up-to-date symlink: /home/daizhijun/RobotMaster/hikvision_ros2_integration/install/hikvision_interface/share/hikvision_interface/environment/ament_prefix_path.dsv
[1.797s] -- Up-to-date symlink: /home/daizhijun/RobotMaster/hikvision_ros2_integration/install/hikvision_interface/share/hikvision_interface/environment/path.sh
[1.797s] -- Up-to-date symlink: /home/daizhijun/RobotMaster/hikvision_ros2_integration/install/hikvision_interface/share/hikvision_interface/environment/path.dsv
[1.798s] -- Up-to-date symlink: /home/daizhijun/RobotMaster/hikvision_ros2_integration/install/hikvision_interface/share/hikvision_interface/local_setup.bash
[1.798s] -- Up-to-date symlink: /home/daizhijun/RobotMaster/hikvision_ros2_integration/install/hikvision_interface/share/hikvision_interface/local_setup.sh
[1.798s] -- Up-to-date symlink: /home/daizhijun/RobotMaster/hikvision_ros2_integration/install/hikvision_interface/share/hikvision_interface/local_setup.zsh
[1.798s] -- Up-to-date symlink: /home/daizhijun/RobotMaster/hikvision_ros2_integration/install/hikvision_interface/share/hikvision_interface/local_setup.dsv
[1.798s] -- Symlinking: /home/daizhijun/RobotMaster/hikvision_ros2_integration/install/hikvision_interface/share/hikvision_interface/package.dsv
[1.815s] -- Up-to-date symlink: /home/daizhijun/RobotMaster/hikvision_ros2_integration/install/hikvision_interface/share/ament_index/resource_index/packages/hikvision_interface
[1.816s] -- Up-to-date symlink: /home/daizhijun/RobotMaster/hikvision_ros2_integration/install/hikvision_interface/share/hikvision_interface/cmake/rosidl_cmake-extras.cmake
[1.816s] -- Up-to-date symlink: /home/daizhijun/RobotMaster/hikvision_ros2_integration/install/hikvision_interface/share/hikvision_interface/cmake/ament_cmake_export_dependencies-extras.cmake
[1.816s] -- Up-to-date symlink: /home/daizhijun/RobotMaster/hikvision_ros2_integration/install/hikvision_interface/share/hikvision_interface/cmake/ament_cmake_export_include_directories-extras.cmake
[1.816s] -- Up-to-date symlink: /home/daizhijun/RobotMaster/hikvision_ros2_integration/install/hikvision_interface/share/hikvision_interface/cmake/ament_cmake_export_libraries-extras.cmake
[1.817s] -- Up-to-date symlink: /home/daizhijun/RobotMaster/hikvision_ros2_integration/install/hikvision_interface/share/hikvision_interface/cmake/ament_cmake_export_targets-extras.cmake
[1.817s] -- Up-to-date symlink: /home/daizhijun/RobotMaster/hikvision_ros2_integration/install/hikvision_interface/share/hikvision_interface/cmake/rosidl_cmake_export_typesupport_targets-extras.cmake
[1.817s] -- Up-to-date symlink: /home/daizhijun/RobotMaster/hikvision_ros2_integration/install/hikvision_interface/share/hikvision_interface/cmake/rosidl_cmake_export_typesupport_libraries-extras.cmake
[1.817s] -- Up-to-date symlink: /home/daizhijun/RobotMaster/hikvision_ros2_integration/install/hikvision_interface/share/hikvision_interface/cmake/hikvision_interfaceConfig.cmake
[1.818s] -- Up-to-date symlink: /home/daizhijun/RobotMaster/hikvision_ros2_integration/install/hikvision_interface/share/hikvision_interface/cmake/hikvision_interfaceConfig-version.cmake
[1.818s] -- Up-to-date symlink: /home/daizhijun/RobotMaster/hikvision_ros2_integration/install/hikvision_interface/share/hikvision_interface/package.xml
[1.818s] -- Up-to-date: /home/daizhijun/RobotMaster/hikvision_ros2_integration/install/hikvision_interface/lib/libhikvision_interface__rosidl_generator_c.so
[1.819s] -- Up-to-date: /home/daizhijun/RobotMaster/hikvision_ros2_integration/install/hikvision_interface/lib/libhikvision_interface__rosidl_typesupport_fastrtps_c.so
[1.820s] -- Up-to-date: /home/daizhijun/RobotMaster/hikvision_ros2_integration/install/hikvision_interface/lib/libhikvision_interface__rosidl_typesupport_fastrtps_cpp.so
[1.820s] -- Up-to-date: /home/daizhijun/RobotMaster/hikvision_ros2_integration/install/hikvision_interface/lib/libhikvision_interface__rosidl_typesupport_introspection_c.so
[1.821s] -- Up-to-date: /home/daizhijun/RobotMaster/hikvision_ros2_integration/install/hikvision_interface/lib/libhikvision_interface__rosidl_typesupport_c.so
[1.821s] -- Up-to-date: /home/daizhijun/RobotMaster/hikvision_ros2_integration/install/hikvision_interface/lib/libhikvision_interface__rosidl_typesupport_introspection_cpp.so
[1.821s] -- Up-to-date: /home/daizhijun/RobotMaster/hikvision_ros2_integration/install/hikvision_interface/lib/libhikvision_interface__rosidl_typesupport_cpp.so
[1.868s] Listing '/home/daizhijun/RobotMaster/hikvision_ros2_integration/install/hikvision_interface/lib/python3.12/site-packages/hikvision_interface'...
[1.868s] Compiling '/home/daizhijun/RobotMaster/hikvision_ros2_integration/install/hikvision_interface/lib/python3.12/site-packages/hikvision_interface/__init__.py'...
[1.868s] Listing '/home/daizhijun/RobotMaster/hikvision_ros2_integration/install/hikvision_interface/lib/python3.12/site-packages/hikvision_interface/msg'...
[1.873s] -- Up-to-date: /home/daizhijun/RobotMaster/hikvision_ros2_integration/install/hikvision_interface/lib/libhikvision_interface__rosidl_generator_py.so
[1.873s] -- Up-to-date: /home/daizhijun/RobotMaster/hikvision_ros2_integration/install/hikvision_interface/share/hikvision_interface/cmake/export_hikvision_interface__rosidl_generator_cExport.cmake
[1.874s] -- Up-to-date: /home/daizhijun/RobotMaster/hikvision_ros2_integration/install/hikvision_interface/share/hikvision_interface/cmake/export_hikvision_interface__rosidl_generator_cExport-relwithdebinfo.cmake
[1.874s] -- Up-to-date: /home/daizhijun/RobotMaster/hikvision_ros2_integration/install/hikvision_interface/share/hikvision_interface/cmake/export_hikvision_interface__rosidl_typesupport_fastrtps_cExport.cmake
[1.874s] -- Up-to-date: /home/daizhijun/RobotMaster/hikvision_ros2_integration/install/hikvision_interface/share/hikvision_interface/cmake/export_hikvision_interface__rosidl_typesupport_fastrtps_cExport-relwithdebinfo.cmake
[1.874s] -- Up-to-date: /home/daizhijun/RobotMaster/hikvision_ros2_integration/install/hikvision_interface/share/hikvision_interface/cmake/export_hikvision_interface__rosidl_generator_cppExport.cmake
[1.874s] -- Up-to-date: /home/daizhijun/RobotMaster/hikvision_ros2_integration/install/hikvision_interface/share/hikvision_interface/cmake/export_hikvision_interface__rosidl_typesupport_fastrtps_cppExport.cmake
[1.874s] -- Up-to-date: /home/daizhijun/RobotMaster/hikvision_ros2_integration/install/hikvision_interface/share/hikvision_interface/cmake/export_hikvision_interface__rosidl_typesupport_fastrtps_cppExport-relwithdebinfo.cmake
[1.874s] -- Up-to-date: /home/daizhijun/RobotMaster/hikvision_ros2_integration/install/hikvision_interface/share/hikvision_interface/cmake/hikvision_interface__rosidl_typesupport_introspection_cExport.cmake
[1.874s] -- Up-to-date: /home/daizhijun/RobotMaster/hikvision_ros2_integration/install/hikvision_interface/share/hikvision_interface/cmake/hikvision_interface__rosidl_typesupport_introspection_cExport-relwithdebinfo.cmake
[1.875s] -- Up-to-date: /home/daizhijun/RobotMaster/hikvision_ros2_integration/install/hikvision_interface/share/hikvision_interface/cmake/hikvision_interface__rosidl_typesupport_cExport.cmake
[1.875s] -- Up-to-date: /home/daizhijun/RobotMaster/hikvision_ros2_integration/install/hikvision_interface/share/hikvision_interface/cmake/hikvision_interface__rosidl_typesupport_cExport-relwithdebinfo.cmake
[1.875s] -- Up-to-date: /home/daizhijun/RobotMaster/hikvision_ros2_integration/install/hikvision_interface/share/hikvision_interface/cmake/hikvision_interface__rosidl_typesupport_introspection_cppExport.cmake
[1.875s] -- Up-to-date: /home/daizhijun/RobotMaster/hikvision_ros2_integration/install/hikvision_interface/share/hikvision_interface/cmake/hikvision_interface__rosidl_typesupport_introspection_cppExport-relwithdebinfo.cmake
[1.875s] -- Up-to-date: /home/daizhijun/RobotMaster/hikvision_ros2_integration/install/hikvision_interface/share/hikvision_interface/cmake/hikvision_interface__rosidl_typesupport_cppExport.cmake
[1.875s] -- Up-to-date: /home/daizhijun/RobotMaster/hikvision_ros2_integration/install/hikvision_interface/share/hikvision_interface/cmake/hikvision_interface__rosidl_typesupport_cppExport-relwithdebinfo.cmake
[1.875s] -- Up-to-date: /home/daizhijun/RobotMaster/hikvision_ros2_integration/install/hikvision_interface/share/hikvision_interface/cmake/export_hikvision_interface__rosidl_generator_pyExport.cmake
[1.875s] -- Up-to-date: /home/daizhijun/RobotMaster/hikvision_ros2_integration/install/hikvision_interface/share/hikvision_interface/cmake/export_hikvision_interface__rosidl_generator_pyExport-relwithdebinfo.cmake
[1.880s] Invoked command in '/home/daizhijun/RobotMaster/hikvision_ros2_integration/build/hikvision_interface' returned '0': /usr/bin/cmake --install /home/daizhijun/RobotMaster/hikvision_ros2_integration/build/hikvision_interface
