[0.022s] Invoking command in '/home/daizhijun/RobotMaster/hikvision_ros2_integration/build/hikvision_ros2_driver': CMAKE_PREFIX_PATH=/home/daizhijun/RobotMaster/hikvision_ros2_integration/install/hikvision_interface:/home/daizhijun/RobotMaster/hikvision_ros2_integration/install/hikvision_ros2_driver:/opt/ros/jazzy:/opt/ros/jazzy/opt/gz_math_vendor:/opt/ros/jazzy/opt/gz_utils_vendor:/opt/ros/jazzy/opt/gz_cmake_vendor:/opt/ros/jazzy LD_LIBRARY_PATH=/home/daizhijun/RobotMaster/hikvision_ros2_integration/install/hikvision_interface/lib:/home/daizhijun/RobotMaster/hikvision_ros2_integration/install/hikvision_ros2_driver/lib:/opt/ros/jazzy/lib:/opt/ros/jazzy/opt/rviz_ogre_vendor/lib:/opt/ros/jazzy/lib/x86_64-linux-gnu:/opt/ros/jazzy/opt/gz_math_vendor/lib:/opt/ros/jazzy/opt/gz_utils_vendor/lib:/opt/ros/jazzy/opt/gz_cmake_vendor/lib:/opt/ros/jazzy/lib PYTHONPATH=/home/daizhijun/RobotMaster/hikvision_ros2_integration/install/hikvision_interface/lib/python3.12/site-packages:/opt/ros/jazzy/lib/python3.12/site-packages:/opt/ros/jazzy/lib/python3.12/site-packages /usr/bin/cmake --build /home/daizhijun/RobotMaster/hikvision_ros2_integration/build/hikvision_ros2_driver -- -j16 -l16
[0.141s] [ 50%] Built target hikvision_ros2_driver_node
[0.148s] [ 75%] [32mBuilding CXX object CMakeFiles/hikvision_ros2_driver.dir/src/hikvision_ros2_driver.cpp.o[0m
[26.569s] [100%] [32m[1mLinking CXX shared library libhikvision_ros2_driver.so[0m
[27.051s] [100%] Built target hikvision_ros2_driver
[27.075s] Invoked command in '/home/daizhijun/RobotMaster/hikvision_ros2_integration/build/hikvision_ros2_driver' returned '0': CMAKE_PREFIX_PATH=/home/daizhijun/RobotMaster/hikvision_ros2_integration/install/hikvision_interface:/home/daizhijun/RobotMaster/hikvision_ros2_integration/install/hikvision_ros2_driver:/opt/ros/jazzy:/opt/ros/jazzy/opt/gz_math_vendor:/opt/ros/jazzy/opt/gz_utils_vendor:/opt/ros/jazzy/opt/gz_cmake_vendor:/opt/ros/jazzy LD_LIBRARY_PATH=/home/daizhijun/RobotMaster/hikvision_ros2_integration/install/hikvision_interface/lib:/home/daizhijun/RobotMaster/hikvision_ros2_integration/install/hikvision_ros2_driver/lib:/opt/ros/jazzy/lib:/opt/ros/jazzy/opt/rviz_ogre_vendor/lib:/opt/ros/jazzy/lib/x86_64-linux-gnu:/opt/ros/jazzy/opt/gz_math_vendor/lib:/opt/ros/jazzy/opt/gz_utils_vendor/lib:/opt/ros/jazzy/opt/gz_cmake_vendor/lib:/opt/ros/jazzy/lib PYTHONPATH=/home/daizhijun/RobotMaster/hikvision_ros2_integration/install/hikvision_interface/lib/python3.12/site-packages:/opt/ros/jazzy/lib/python3.12/site-packages:/opt/ros/jazzy/lib/python3.12/site-packages /usr/bin/cmake --build /home/daizhijun/RobotMaster/hikvision_ros2_integration/build/hikvision_ros2_driver -- -j16 -l16
[27.095s] Invoking command in '/home/daizhijun/RobotMaster/hikvision_ros2_integration/build/hikvision_ros2_driver': CMAKE_PREFIX_PATH=/home/daizhijun/RobotMaster/hikvision_ros2_integration/install/hikvision_interface:/home/daizhijun/RobotMaster/hikvision_ros2_integration/install/hikvision_ros2_driver:/opt/ros/jazzy:/opt/ros/jazzy/opt/gz_math_vendor:/opt/ros/jazzy/opt/gz_utils_vendor:/opt/ros/jazzy/opt/gz_cmake_vendor:/opt/ros/jazzy LD_LIBRARY_PATH=/home/daizhijun/RobotMaster/hikvision_ros2_integration/install/hikvision_interface/lib:/home/daizhijun/RobotMaster/hikvision_ros2_integration/install/hikvision_ros2_driver/lib:/opt/ros/jazzy/lib:/opt/ros/jazzy/opt/rviz_ogre_vendor/lib:/opt/ros/jazzy/lib/x86_64-linux-gnu:/opt/ros/jazzy/opt/gz_math_vendor/lib:/opt/ros/jazzy/opt/gz_utils_vendor/lib:/opt/ros/jazzy/opt/gz_cmake_vendor/lib:/opt/ros/jazzy/lib PYTHONPATH=/home/daizhijun/RobotMaster/hikvision_ros2_integration/install/hikvision_interface/lib/python3.12/site-packages:/opt/ros/jazzy/lib/python3.12/site-packages:/opt/ros/jazzy/lib/python3.12/site-packages /usr/bin/cmake --install /home/daizhijun/RobotMaster/hikvision_ros2_integration/build/hikvision_ros2_driver
[27.112s] -- Install configuration: "RelWithDebInfo"
[27.113s] -- Execute custom install script
[27.113s] -- Up-to-date symlink: /home/daizhijun/RobotMaster/hikvision_ros2_integration/install/hikvision_ros2_driver/lib/hikvision_ros2_driver/hikvision_ros2_driver_node
[27.114s] -- Up-to-date symlink: /home/daizhijun/RobotMaster/hikvision_ros2_integration/install/hikvision_ros2_driver/share/hikvision_ros2_driver//launch/camera_with_recognizer_and_rviz.launch.py
[27.114s] -- Up-to-date symlink: /home/daizhijun/RobotMaster/hikvision_ros2_integration/install/hikvision_ros2_driver/share/hikvision_ros2_driver//launch/camera_with_rviz.launch.py
[27.114s] -- Up-to-date symlink: /home/daizhijun/RobotMaster/hikvision_ros2_integration/install/hikvision_ros2_driver/share/hikvision_ros2_driver//launch/component.launch.yaml
[27.115s] -- Up-to-date symlink: /home/daizhijun/RobotMaster/hikvision_ros2_integration/install/hikvision_ros2_driver/share/hikvision_ros2_driver//launch/standalone.launch.yaml
[27.115s] -- Up-to-date symlink: /home/daizhijun/RobotMaster/hikvision_ros2_integration/install/hikvision_ros2_driver/include/hikvision_ros2_driver/hikvision_ros2_driver.hpp
[27.115s] -- Up-to-date symlink: /home/daizhijun/RobotMaster/hikvision_ros2_integration/install/hikvision_ros2_driver/share/hikvision_ros2_driver/environment/library_path.sh
[27.116s] -- Up-to-date symlink: /home/daizhijun/RobotMaster/hikvision_ros2_integration/install/hikvision_ros2_driver/share/hikvision_ros2_driver/environment/library_path.dsv
[27.116s] -- Up-to-date symlink: /home/daizhijun/RobotMaster/hikvision_ros2_integration/install/hikvision_ros2_driver/lib/libhikvision_ros2_driver.so
[27.117s] -- Up-to-date symlink: /home/daizhijun/RobotMaster/hikvision_ros2_integration/install/hikvision_ros2_driver/share/hikvision_ros2_driver/launch/camera_with_recognizer_and_rviz.launch.py
[27.117s] -- Up-to-date symlink: /home/daizhijun/RobotMaster/hikvision_ros2_integration/install/hikvision_ros2_driver/share/hikvision_ros2_driver/launch/camera_with_rviz.launch.py
[27.117s] -- Up-to-date symlink: /home/daizhijun/RobotMaster/hikvision_ros2_integration/install/hikvision_ros2_driver/share/hikvision_ros2_driver/launch/component.launch.yaml
[27.117s] -- Up-to-date symlink: /home/daizhijun/RobotMaster/hikvision_ros2_integration/install/hikvision_ros2_driver/share/hikvision_ros2_driver/launch/standalone.launch.yaml
[27.118s] -- Up-to-date symlink: /home/daizhijun/RobotMaster/hikvision_ros2_integration/install/hikvision_ros2_driver/share/ament_index/resource_index/package_run_dependencies/hikvision_ros2_driver
[27.118s] -- Up-to-date symlink: /home/daizhijun/RobotMaster/hikvision_ros2_integration/install/hikvision_ros2_driver/share/ament_index/resource_index/parent_prefix_path/hikvision_ros2_driver
[27.118s] -- Up-to-date symlink: /home/daizhijun/RobotMaster/hikvision_ros2_integration/install/hikvision_ros2_driver/share/hikvision_ros2_driver/environment/ament_prefix_path.sh
[27.118s] -- Up-to-date symlink: /home/daizhijun/RobotMaster/hikvision_ros2_integration/install/hikvision_ros2_driver/share/hikvision_ros2_driver/environment/ament_prefix_path.dsv
[27.119s] -- Up-to-date symlink: /home/daizhijun/RobotMaster/hikvision_ros2_integration/install/hikvision_ros2_driver/share/hikvision_ros2_driver/environment/path.sh
[27.119s] -- Up-to-date symlink: /home/daizhijun/RobotMaster/hikvision_ros2_integration/install/hikvision_ros2_driver/share/hikvision_ros2_driver/environment/path.dsv
[27.119s] -- Up-to-date symlink: /home/daizhijun/RobotMaster/hikvision_ros2_integration/install/hikvision_ros2_driver/share/hikvision_ros2_driver/local_setup.bash
[27.119s] -- Up-to-date symlink: /home/daizhijun/RobotMaster/hikvision_ros2_integration/install/hikvision_ros2_driver/share/hikvision_ros2_driver/local_setup.sh
[27.120s] -- Up-to-date symlink: /home/daizhijun/RobotMaster/hikvision_ros2_integration/install/hikvision_ros2_driver/share/hikvision_ros2_driver/local_setup.zsh
[27.120s] -- Up-to-date symlink: /home/daizhijun/RobotMaster/hikvision_ros2_integration/install/hikvision_ros2_driver/share/hikvision_ros2_driver/local_setup.dsv
[27.120s] -- Symlinking: /home/daizhijun/RobotMaster/hikvision_ros2_integration/install/hikvision_ros2_driver/share/hikvision_ros2_driver/package.dsv
[27.139s] -- Up-to-date symlink: /home/daizhijun/RobotMaster/hikvision_ros2_integration/install/hikvision_ros2_driver/share/ament_index/resource_index/packages/hikvision_ros2_driver
[27.139s] -- Up-to-date symlink: /home/daizhijun/RobotMaster/hikvision_ros2_integration/install/hikvision_ros2_driver/share/ament_index/resource_index/rclcpp_components/hikvision_ros2_driver
[27.139s] -- Up-to-date symlink: /home/daizhijun/RobotMaster/hikvision_ros2_integration/install/hikvision_ros2_driver/share/hikvision_ros2_driver/cmake/ament_cmake_export_dependencies-extras.cmake
[27.139s] -- Up-to-date symlink: /home/daizhijun/RobotMaster/hikvision_ros2_integration/install/hikvision_ros2_driver/share/hikvision_ros2_driver/cmake/ament_cmake_export_include_directories-extras.cmake
[27.140s] -- Up-to-date symlink: /home/daizhijun/RobotMaster/hikvision_ros2_integration/install/hikvision_ros2_driver/share/hikvision_ros2_driver/cmake/ament_cmake_export_libraries-extras.cmake
[27.140s] -- Up-to-date symlink: /home/daizhijun/RobotMaster/hikvision_ros2_integration/install/hikvision_ros2_driver/share/hikvision_ros2_driver/cmake/hikvision_ros2_driverConfig.cmake
[27.140s] -- Up-to-date symlink: /home/daizhijun/RobotMaster/hikvision_ros2_integration/install/hikvision_ros2_driver/share/hikvision_ros2_driver/cmake/hikvision_ros2_driverConfig-version.cmake
[27.140s] -- Up-to-date symlink: /home/daizhijun/RobotMaster/hikvision_ros2_integration/install/hikvision_ros2_driver/share/hikvision_ros2_driver/package.xml
[27.140s] -- Up-to-date symlink: /home/daizhijun/RobotMaster/hikvision_ros2_integration/install/hikvision_ros2_driver/lib/hikvision_ros2_driver/armor_recognizer_node.py
[27.144s] Invoked command in '/home/daizhijun/RobotMaster/hikvision_ros2_integration/build/hikvision_ros2_driver' returned '0': CMAKE_PREFIX_PATH=/home/daizhijun/RobotMaster/hikvision_ros2_integration/install/hikvision_interface:/home/daizhijun/RobotMaster/hikvision_ros2_integration/install/hikvision_ros2_driver:/opt/ros/jazzy:/opt/ros/jazzy/opt/gz_math_vendor:/opt/ros/jazzy/opt/gz_utils_vendor:/opt/ros/jazzy/opt/gz_cmake_vendor:/opt/ros/jazzy LD_LIBRARY_PATH=/home/daizhijun/RobotMaster/hikvision_ros2_integration/install/hikvision_interface/lib:/home/daizhijun/RobotMaster/hikvision_ros2_integration/install/hikvision_ros2_driver/lib:/opt/ros/jazzy/lib:/opt/ros/jazzy/opt/rviz_ogre_vendor/lib:/opt/ros/jazzy/lib/x86_64-linux-gnu:/opt/ros/jazzy/opt/gz_math_vendor/lib:/opt/ros/jazzy/opt/gz_utils_vendor/lib:/opt/ros/jazzy/opt/gz_cmake_vendor/lib:/opt/ros/jazzy/lib PYTHONPATH=/home/daizhijun/RobotMaster/hikvision_ros2_integration/install/hikvision_interface/lib/python3.12/site-packages:/opt/ros/jazzy/lib/python3.12/site-packages:/opt/ros/jazzy/lib/python3.12/site-packages /usr/bin/cmake --install /home/daizhijun/RobotMaster/hikvision_ros2_integration/build/hikvision_ros2_driver
