[0.019s] Invoking command in '/home/daizhijun/RobotMaster/hikvision_ros2_integration/build/hikvision_ros2_driver': CMAKE_PREFIX_PATH=/home/daizhijun/RobotMaster/hikvision_ros2_integration/install/hikvision_interface:/home/daizhijun/RobotMaster/hikvision_ros2_integration/install/hikvision_ros2_driver:/opt/ros/jazzy:/opt/ros/jazzy/opt/gz_math_vendor:/opt/ros/jazzy/opt/gz_utils_vendor:/opt/ros/jazzy/opt/gz_cmake_vendor:/opt/ros/jazzy LD_LIBRARY_PATH=/home/daizhijun/RobotMaster/hikvision_ros2_integration/install/hikvision_interface/lib:/home/daizhijun/RobotMaster/hikvision_ros2_integration/install/hikvision_ros2_driver/lib:/opt/ros/jazzy/lib:/opt/ros/jazzy/opt/rviz_ogre_vendor/lib:/opt/ros/jazzy/lib/x86_64-linux-gnu:/opt/ros/jazzy/opt/gz_math_vendor/lib:/opt/ros/jazzy/opt/gz_utils_vendor/lib:/opt/ros/jazzy/opt/gz_cmake_vendor/lib:/opt/ros/jazzy/lib PYTHONPATH=/home/daizhijun/RobotMaster/hikvision_ros2_integration/install/hikvision_interface/lib/python3.12/site-packages:/opt/ros/jazzy/lib/python3.12/site-packages:/opt/ros/jazzy/lib/python3.12/site-packages /usr/bin/cmake --build /home/daizhijun/RobotMaster/hikvision_ros2_integration/build/hikvision_ros2_driver -- -j16 -l16
[0.130s] [ 50%] Built target hikvision_ros2_driver_node
[0.144s] [ 75%] [32mBuilding CXX object CMakeFiles/hikvision_ros2_driver.dir/src/hikvision_ros2_driver.cpp.o[0m
[4.053s] [01m[K/home/daizhijun/RobotMaster/hikvision_ros2_integration/hikvision_ros2_driver/src/hikvision_ros2_driver.cpp:[m[K In member function ‘[01m[Kvoid hikvision_ros2_driver::HikvisionDriver::[01;32m[Kimage_callback[m[K(sensor_msgs::msg::Image_<std::allocator<void> >::ConstSharedPtr)[m[K’:
[4.053s] [01m[K/home/daizhijun/RobotMaster/hikvision_ros2_integration/hikvision_ros2_driver/src/hikvision_ros2_driver.cpp:113:32:[m[K [01;31m[Kerror: [m[K‘[01m[Kcontours[m[K’ was not declared in this scope; did you mean ‘[01m[Kcontour[m[K’?
[4.053s]   113 |     for (const auto& contour : [01;31m[Kcontours[m[K) {
[4.054s]       |                                [01;31m[K^~~~~~~~[m[K
[4.054s]       |                                [32m[Kcontour[m[K
[4.068s] [01m[K/home/daizhijun/RobotMaster/hikvision_ros2_integration/hikvision_ros2_driver/src/hikvision_ros2_driver.cpp:137:13:[m[K [01;31m[Kerror: [m[K‘[01m[Karmor_found[m[K’ was not declared in this scope
[4.068s]   137 |         if ([01;31m[Karmor_found[m[K) {
[4.069s]       |             [01;31m[K^~~~~~~~~~~[m[K
[4.080s] [01m[K/home/daizhijun/RobotMaster/hikvision_ros2_integration/hikvision_ros2_driver/src/hikvision_ros2_driver.cpp:138:37:[m[K [01;31m[Kerror: [m[K‘[01m[KarmorBox[m[K’ was not declared in this scope
[4.080s]   138 |             cv::rectangle(gray_vis, [01;31m[KarmorBox[m[K, cv::Scalar(0, 255, 0), 2);
[4.080s]       |                                     [01;31m[K^~~~~~~~[m[K
[4.085s] [01m[K/home/daizhijun/RobotMaster/hikvision_ros2_integration/hikvision_ros2_driver/src/hikvision_ros2_driver.cpp:172:34:[m[K [01;31m[Kerror: [m[Kredeclaration of ‘[01m[Kstd::vector<cv::RotatedRect> valid_rects[m[K’
[4.085s]   172 |     std::vector<cv::RotatedRect> [01;31m[Kvalid_rects[m[K;
[4.085s]       |                                  [01;31m[K^~~~~~~~~~~[m[K
[4.085s] [01m[K/home/daizhijun/RobotMaster/hikvision_ros2_integration/hikvision_ros2_driver/src/hikvision_ros2_driver.cpp:112:34:[m[K [01;36m[Knote: [m[K‘[01m[Kstd::vector<cv::RotatedRect> valid_rects[m[K’ previously declared here
[4.085s]   112 |     std::vector<cv::RotatedRect> [01;36m[Kvalid_rects[m[K;
[4.086s]       |                                  [01;36m[K^~~~~~~~~~~[m[K
[7.301s] gmake[2]: *** [CMakeFiles/hikvision_ros2_driver.dir/build.make:76: CMakeFiles/hikvision_ros2_driver.dir/src/hikvision_ros2_driver.cpp.o] Error 1
[7.301s] gmake[1]: *** [CMakeFiles/Makefile2:139: CMakeFiles/hikvision_ros2_driver.dir/all] Error 2
[7.301s] gmake: *** [Makefile:146: all] Error 2
[7.307s] Invoked command in '/home/daizhijun/RobotMaster/hikvision_ros2_integration/build/hikvision_ros2_driver' returned '2': CMAKE_PREFIX_PATH=/home/daizhijun/RobotMaster/hikvision_ros2_integration/install/hikvision_interface:/home/daizhijun/RobotMaster/hikvision_ros2_integration/install/hikvision_ros2_driver:/opt/ros/jazzy:/opt/ros/jazzy/opt/gz_math_vendor:/opt/ros/jazzy/opt/gz_utils_vendor:/opt/ros/jazzy/opt/gz_cmake_vendor:/opt/ros/jazzy LD_LIBRARY_PATH=/home/daizhijun/RobotMaster/hikvision_ros2_integration/install/hikvision_interface/lib:/home/daizhijun/RobotMaster/hikvision_ros2_integration/install/hikvision_ros2_driver/lib:/opt/ros/jazzy/lib:/opt/ros/jazzy/opt/rviz_ogre_vendor/lib:/opt/ros/jazzy/lib/x86_64-linux-gnu:/opt/ros/jazzy/opt/gz_math_vendor/lib:/opt/ros/jazzy/opt/gz_utils_vendor/lib:/opt/ros/jazzy/opt/gz_cmake_vendor/lib:/opt/ros/jazzy/lib PYTHONPATH=/home/daizhijun/RobotMaster/hikvision_ros2_integration/install/hikvision_interface/lib/python3.12/site-packages:/opt/ros/jazzy/lib/python3.12/site-packages:/opt/ros/jazzy/lib/python3.12/site-packages /usr/bin/cmake --build /home/daizhijun/RobotMaster/hikvision_ros2_integration/build/hikvision_ros2_driver -- -j16 -l16
