-- The C compiler identification is GNU 13.3.0
-- The CXX compiler identification is GNU 13.3.0
-- Detecting C compiler ABI info
-- Detecting C compiler ABI info - done
-- Check for working C compiler: /usr/bin/cc - skipped
-- Detecting C compile features
-- Detecting C compile features - done
-- Detecting CXX compiler ABI info
-- Detecting CXX compiler ABI info - done
-- Check for working CXX compiler: /usr/bin/c++ - skipped
-- Detecting CXX compile features
-- Detecting CXX compile features - done
-- Found ament_cmake: 2.5.4 (/opt/ros/jazzy/share/ament_cmake/cmake)
-- Found Python3: /usr/bin/python3 (found version "3.12.3") found components: Interpreter 
-- Override CMake install command with custom implementation using symlinks instead of copying resources
-- Found std_msgs: 5.3.6 (/opt/ros/jazzy/share/std_msgs/cmake)
-- Found rosidl_generator_c: 4.6.6 (/opt/ros/jazzy/share/rosidl_generator_c/cmake)
-- Found rosidl_generator_cpp: 4.6.6 (/opt/ros/jazzy/share/rosidl_generator_cpp/cmake)
-- Using all available rosidl_typesupport_c: rosidl_typesupport_fastrtps_c;rosidl_typesupport_introspection_c
-- Using all available rosidl_typesupport_cpp: rosidl_typesupport_fastrtps_cpp;rosidl_typesupport_introspection_cpp
-- Found rosidl_default_generators: 1.6.0 (/opt/ros/jazzy/share/rosidl_default_generators/cmake)
-- Found rosidl_adapter: 4.6.6 (/opt/ros/jazzy/share/rosidl_adapter/cmake)
-- Found ament_cmake_ros: 0.12.0 (/opt/ros/jazzy/share/ament_cmake_ros/cmake)
-- Using all available rosidl_typesupport_c: rosidl_typesupport_fastrtps_c;rosidl_typesupport_introspection_c
-- Using all available rosidl_typesupport_cpp: rosidl_typesupport_fastrtps_cpp;rosidl_typesupport_introspection_cpp
-- Found python_cmake_module: 0.11.1 (/opt/ros/jazzy/share/python_cmake_module/cmake)
-- Found PythonExtra: /usr/bin/python3  
-- Found Python3: /usr/bin/python3 (found version "3.12.3") found components: Interpreter Development NumPy Development.Module Development.Embed 
-- Found ament_lint_auto: 0.17.3 (/opt/ros/jazzy/share/ament_lint_auto/cmake)
-- Added test 'lint_cmake' to check CMake code style
-- Added test 'xmllint' to check XML markup files
-- Configuring done (4.1s)
-- Generating done (0.0s)
-- Build files have been written to: /home/daizhijun/RobotMaster/hikvision_ros2_integration/build/hikvision_interface
[  2%] [34m[1mGenerating type hashes for ROS interfaces[0m
[  2%] Built target ament_cmake_python_symlink_hikvision_interface
running egg_info
creating hikvision_interface.egg-info
writing hikvision_interface.egg-info/PKG-INFO
writing dependency_links to hikvision_interface.egg-info/dependency_links.txt
writing top-level names to hikvision_interface.egg-info/top_level.txt
writing manifest file 'hikvision_interface.egg-info/SOURCES.txt'
[  2%] Built target hikvision_interface__rosidl_generator_type_description
reading manifest file 'hikvision_interface.egg-info/SOURCES.txt'
writing manifest file 'hikvision_interface.egg-info/SOURCES.txt'
[  5%] [34m[1mGenerating C code for ROS interfaces[0m
[  5%] Built target ament_cmake_python_build_hikvision_interface_egg
[  8%] [34m[1mGenerating C++ code for ROS interfaces[0m
[  8%] Built target hikvision_interface__cpp
[ 14%] [32mBuilding C object CMakeFiles/hikvision_interface__rosidl_generator_c.dir/rosidl_generator_c/hikvision_interface/msg/detail/hik_image_info__functions.c.o[0m
[ 14%] [32mBuilding C object CMakeFiles/hikvision_interface__rosidl_generator_c.dir/rosidl_generator_c/hikvision_interface/msg/detail/hik_image_info__description.c.o[0m
[ 17%] [32mBuilding C object CMakeFiles/hikvision_interface__rosidl_generator_c.dir/rosidl_generator_c/hikvision_interface/msg/detail/hik_image_info__type_support.c.o[0m
[ 20%] [32m[1mLinking C shared library libhikvision_interface__rosidl_generator_c.so[0m
[ 20%] Built target hikvision_interface__rosidl_generator_c
[ 23%] [34m[1mGenerating C introspection for ROS interfaces[0m
[ 29%] [34m[1mGenerating C type support for eProsima Fast-RTPS[0m
[ 29%] [34m[1mGenerating C++ type support dispatch for ROS interfaces[0m
[ 32%] [34m[1mGenerating C type support dispatch for ROS interfaces[0m
[ 38%] [34m[1mGenerating C++ type support for eProsima Fast-RTPS[0m
[ 38%] [34m[1mGenerating C++ introspection for ROS interfaces[0m
[ 41%] [32mBuilding CXX object CMakeFiles/hikvision_interface__rosidl_typesupport_cpp.dir/rosidl_typesupport_cpp/hikvision_interface/msg/hik_image_info__type_support.cpp.o[0m
[ 44%] [32mBuilding CXX object CMakeFiles/hikvision_interface__rosidl_typesupport_c.dir/rosidl_typesupport_c/hikvision_interface/msg/hik_image_info__type_support.cpp.o[0m
[ 47%] [32mBuilding C object CMakeFiles/hikvision_interface__rosidl_typesupport_introspection_c.dir/rosidl_typesupport_introspection_c/hikvision_interface/msg/detail/hik_image_info__type_support.c.o[0m
[ 50%] [32mBuilding CXX object CMakeFiles/hikvision_interface__rosidl_typesupport_fastrtps_cpp.dir/rosidl_typesupport_fastrtps_cpp/hikvision_interface/msg/detail/dds_fastrtps/hik_image_info__type_support.cpp.o[0m
[ 52%] [32mBuilding CXX object CMakeFiles/hikvision_interface__rosidl_typesupport_fastrtps_c.dir/rosidl_typesupport_fastrtps_c/hikvision_interface/msg/detail/hik_image_info__type_support_c.cpp.o[0m
[ 55%] [32mBuilding CXX object CMakeFiles/hikvision_interface__rosidl_typesupport_introspection_cpp.dir/rosidl_typesupport_introspection_cpp/hikvision_interface/msg/detail/hik_image_info__type_support.cpp.o[0m
[ 58%] [32m[1mLinking C shared library libhikvision_interface__rosidl_typesupport_introspection_c.so[0m
[ 61%] [32m[1mLinking CXX shared library libhikvision_interface__rosidl_typesupport_c.so[0m
[ 61%] Built target hikvision_interface__rosidl_typesupport_introspection_c
[ 61%] Built target hikvision_interface__rosidl_typesupport_c
[ 64%] [32m[1mLinking CXX shared library libhikvision_interface__rosidl_typesupport_cpp.so[0m
[ 67%] [32m[1mLinking CXX shared library libhikvision_interface__rosidl_typesupport_introspection_cpp.so[0m
[ 70%] [32m[1mLinking CXX shared library libhikvision_interface__rosidl_typesupport_fastrtps_c.so[0m
[ 70%] Built target hikvision_interface__rosidl_typesupport_cpp
[ 73%] [32m[1mLinking CXX shared library libhikvision_interface__rosidl_typesupport_fastrtps_cpp.so[0m
[ 73%] Built target hikvision_interface__rosidl_typesupport_introspection_cpp
[ 73%] Built target hikvision_interface__rosidl_typesupport_fastrtps_c
[ 73%] Built target hikvision_interface__rosidl_typesupport_fastrtps_cpp
[ 73%] Built target hikvision_interface
[ 76%] [34m[1mGenerating Python code for ROS interfaces[0m
[ 76%] Built target hikvision_interface__py
[ 79%] [32mBuilding C object CMakeFiles/hikvision_interface__rosidl_generator_py.dir/rosidl_generator_py/hikvision_interface/msg/_hik_image_info_s.c.o[0m
[ 82%] [32m[1mLinking C shared library libhikvision_interface__rosidl_generator_py.so[0m
[ 82%] Built target hikvision_interface__rosidl_generator_py
[ 88%] [32mBuilding C object CMakeFiles/hikvision_interface_s__rosidl_typesupport_introspection_c.dir/rosidl_generator_py/hikvision_interface/_hikvision_interface_s.ep.rosidl_typesupport_introspection_c.c.o[0m
[ 88%] [32mBuilding C object CMakeFiles/hikvision_interface_s__rosidl_typesupport_c.dir/rosidl_generator_py/hikvision_interface/_hikvision_interface_s.ep.rosidl_typesupport_c.c.o[0m
[ 91%] [32mBuilding C object CMakeFiles/hikvision_interface_s__rosidl_typesupport_fastrtps_c.dir/rosidl_generator_py/hikvision_interface/_hikvision_interface_s.ep.rosidl_typesupport_fastrtps_c.c.o[0m
[ 94%] [32m[1mLinking C shared module rosidl_generator_py/hikvision_interface/hikvision_interface_s__rosidl_typesupport_introspection_c.so[0m
[ 97%] [32m[1mLinking C shared module rosidl_generator_py/hikvision_interface/hikvision_interface_s__rosidl_typesupport_fastrtps_c.so[0m
[100%] [32m[1mLinking C shared module rosidl_generator_py/hikvision_interface/hikvision_interface_s__rosidl_typesupport_c.so[0m
[100%] Built target hikvision_interface_s__rosidl_typesupport_fastrtps_c
[100%] Built target hikvision_interface_s__rosidl_typesupport_introspection_c
[100%] Built target hikvision_interface_s__rosidl_typesupport_c
-- Install configuration: ""
-- Execute custom install script
-- Symlinking: /home/daizhijun/RobotMaster/hikvision_ros2_integration/install/hikvision_interface/share/ament_index/resource_index/rosidl_interfaces/hikvision_interface
-- Symlinking: /home/daizhijun/RobotMaster/hikvision_ros2_integration/install/hikvision_interface/share/hikvision_interface/msg/HikImageInfo.json
-- Symlinking: /home/daizhijun/RobotMaster/hikvision_ros2_integration/install/hikvision_interface/include/hikvision_interface/hikvision_interface/msg/detail/hik_image_info__functions.h
-- Symlinking: /home/daizhijun/RobotMaster/hikvision_ros2_integration/install/hikvision_interface/include/hikvision_interface/hikvision_interface/msg/detail/hik_image_info__struct.h
-- Symlinking: /home/daizhijun/RobotMaster/hikvision_ros2_integration/install/hikvision_interface/include/hikvision_interface/hikvision_interface/msg/detail/hik_image_info__type_support.h
-- Symlinking: /home/daizhijun/RobotMaster/hikvision_ros2_integration/install/hikvision_interface/include/hikvision_interface/hikvision_interface/msg/hik_image_info.h
-- Symlinking: /home/daizhijun/RobotMaster/hikvision_ros2_integration/install/hikvision_interface/include/hikvision_interface/hikvision_interface/msg/rosidl_generator_c__visibility_control.h
-- Symlinking: /home/daizhijun/RobotMaster/hikvision_ros2_integration/install/hikvision_interface/share/hikvision_interface/environment/library_path.sh
-- Symlinking: /home/daizhijun/RobotMaster/hikvision_ros2_integration/install/hikvision_interface/share/hikvision_interface/environment/library_path.dsv
-- Symlinking: /home/daizhijun/RobotMaster/hikvision_ros2_integration/install/hikvision_interface/include/hikvision_interface/hikvision_interface/msg/detail/hik_image_info__rosidl_typesupport_fastrtps_c.h
-- Symlinking: /home/daizhijun/RobotMaster/hikvision_ros2_integration/install/hikvision_interface/include/hikvision_interface/hikvision_interface/msg/rosidl_typesupport_fastrtps_c__visibility_control.h
-- Symlinking: /home/daizhijun/RobotMaster/hikvision_ros2_integration/install/hikvision_interface/include/hikvision_interface/hikvision_interface/msg/detail/hik_image_info__builder.hpp
-- Symlinking: /home/daizhijun/RobotMaster/hikvision_ros2_integration/install/hikvision_interface/include/hikvision_interface/hikvision_interface/msg/detail/hik_image_info__struct.hpp
-- Symlinking: /home/daizhijun/RobotMaster/hikvision_ros2_integration/install/hikvision_interface/include/hikvision_interface/hikvision_interface/msg/detail/hik_image_info__traits.hpp
-- Symlinking: /home/daizhijun/RobotMaster/hikvision_ros2_integration/install/hikvision_interface/include/hikvision_interface/hikvision_interface/msg/detail/hik_image_info__type_support.hpp
-- Symlinking: /home/daizhijun/RobotMaster/hikvision_ros2_integration/install/hikvision_interface/include/hikvision_interface/hikvision_interface/msg/hik_image_info.hpp
-- Symlinking: /home/daizhijun/RobotMaster/hikvision_ros2_integration/install/hikvision_interface/include/hikvision_interface/hikvision_interface/msg/rosidl_generator_cpp__visibility_control.hpp
-- Symlinking: /home/daizhijun/RobotMaster/hikvision_ros2_integration/install/hikvision_interface/include/hikvision_interface/hikvision_interface/msg/detail/hik_image_info__rosidl_typesupport_fastrtps_cpp.hpp
-- Symlinking: /home/daizhijun/RobotMaster/hikvision_ros2_integration/install/hikvision_interface/include/hikvision_interface/hikvision_interface/msg/rosidl_typesupport_fastrtps_cpp__visibility_control.h
-- Symlinking: /home/daizhijun/RobotMaster/hikvision_ros2_integration/install/hikvision_interface/include/hikvision_interface/hikvision_interface/msg/detail/hik_image_info__rosidl_typesupport_introspection_c.h
-- Symlinking: /home/daizhijun/RobotMaster/hikvision_ros2_integration/install/hikvision_interface/include/hikvision_interface/hikvision_interface/msg/rosidl_typesupport_introspection_c__visibility_control.h
-- Symlinking: /home/daizhijun/RobotMaster/hikvision_ros2_integration/install/hikvision_interface/include/hikvision_interface/hikvision_interface/msg/detail/hik_image_info__rosidl_typesupport_introspection_cpp.hpp
-- Symlinking: /home/daizhijun/RobotMaster/hikvision_ros2_integration/install/hikvision_interface/share/hikvision_interface/environment/pythonpath.sh
-- Symlinking: /home/daizhijun/RobotMaster/hikvision_ros2_integration/install/hikvision_interface/share/hikvision_interface/environment/pythonpath.dsv
-- Symlinking: /home/daizhijun/RobotMaster/hikvision_ros2_integration/install/hikvision_interface/lib/python3.12/site-packages/hikvision_interface-0.0.0-py3.12.egg-info/PKG-INFO
-- Symlinking: /home/daizhijun/RobotMaster/hikvision_ros2_integration/install/hikvision_interface/lib/python3.12/site-packages/hikvision_interface-0.0.0-py3.12.egg-info/SOURCES.txt
-- Symlinking: /home/daizhijun/RobotMaster/hikvision_ros2_integration/install/hikvision_interface/lib/python3.12/site-packages/hikvision_interface-0.0.0-py3.12.egg-info/dependency_links.txt
-- Symlinking: /home/daizhijun/RobotMaster/hikvision_ros2_integration/install/hikvision_interface/lib/python3.12/site-packages/hikvision_interface-0.0.0-py3.12.egg-info/top_level.txt
-- Symlinking: /home/daizhijun/RobotMaster/hikvision_ros2_integration/install/hikvision_interface/lib/python3.12/site-packages/hikvision_interface/__init__.py
-- Symlinking: /home/daizhijun/RobotMaster/hikvision_ros2_integration/install/hikvision_interface/lib/python3.12/site-packages/hikvision_interface/_hikvision_interface_s.ep.rosidl_typesupport_c.c
-- Symlinking: /home/daizhijun/RobotMaster/hikvision_ros2_integration/install/hikvision_interface/lib/python3.12/site-packages/hikvision_interface/_hikvision_interface_s.ep.rosidl_typesupport_fastrtps_c.c
-- Symlinking: /home/daizhijun/RobotMaster/hikvision_ros2_integration/install/hikvision_interface/lib/python3.12/site-packages/hikvision_interface/_hikvision_interface_s.ep.rosidl_typesupport_introspection_c.c
-- Symlinking: /home/daizhijun/RobotMaster/hikvision_ros2_integration/install/hikvision_interface/lib/python3.12/site-packages/hikvision_interface/hikvision_interface_s__rosidl_typesupport_c.so
-- Symlinking: /home/daizhijun/RobotMaster/hikvision_ros2_integration/install/hikvision_interface/lib/python3.12/site-packages/hikvision_interface/hikvision_interface_s__rosidl_typesupport_fastrtps_c.so
-- Symlinking: /home/daizhijun/RobotMaster/hikvision_ros2_integration/install/hikvision_interface/lib/python3.12/site-packages/hikvision_interface/hikvision_interface_s__rosidl_typesupport_introspection_c.so
-- Symlinking: /home/daizhijun/RobotMaster/hikvision_ros2_integration/install/hikvision_interface/lib/python3.12/site-packages/hikvision_interface/msg/__init__.py
-- Symlinking: /home/daizhijun/RobotMaster/hikvision_ros2_integration/install/hikvision_interface/lib/python3.12/site-packages/hikvision_interface/msg/_hik_image_info.py
-- Symlinking: /home/daizhijun/RobotMaster/hikvision_ros2_integration/install/hikvision_interface/lib/python3.12/site-packages/hikvision_interface/msg/_hik_image_info_s.c
-- Up-to-date symlink: /home/daizhijun/RobotMaster/hikvision_ros2_integration/install/hikvision_interface/lib/python3.12/site-packages/hikvision_interface/hikvision_interface_s__rosidl_typesupport_fastrtps_c.so
-- Up-to-date symlink: /home/daizhijun/RobotMaster/hikvision_ros2_integration/install/hikvision_interface/lib/python3.12/site-packages/hikvision_interface/hikvision_interface_s__rosidl_typesupport_introspection_c.so
-- Up-to-date symlink: /home/daizhijun/RobotMaster/hikvision_ros2_integration/install/hikvision_interface/lib/python3.12/site-packages/hikvision_interface/hikvision_interface_s__rosidl_typesupport_c.so
-- Symlinking: /home/daizhijun/RobotMaster/hikvision_ros2_integration/install/hikvision_interface/share/hikvision_interface/msg/HikImageInfo.idl
-- Symlinking: /home/daizhijun/RobotMaster/hikvision_ros2_integration/install/hikvision_interface/share/hikvision_interface/msg/HikImageInfo.msg
-- Symlinking: /home/daizhijun/RobotMaster/hikvision_ros2_integration/install/hikvision_interface/share/ament_index/resource_index/package_run_dependencies/hikvision_interface
-- Symlinking: /home/daizhijun/RobotMaster/hikvision_ros2_integration/install/hikvision_interface/share/ament_index/resource_index/parent_prefix_path/hikvision_interface
-- Symlinking: /home/daizhijun/RobotMaster/hikvision_ros2_integration/install/hikvision_interface/share/hikvision_interface/environment/ament_prefix_path.sh
-- Symlinking: /home/daizhijun/RobotMaster/hikvision_ros2_integration/install/hikvision_interface/share/hikvision_interface/environment/ament_prefix_path.dsv
-- Symlinking: /home/daizhijun/RobotMaster/hikvision_ros2_integration/install/hikvision_interface/share/hikvision_interface/environment/path.sh
-- Symlinking: /home/daizhijun/RobotMaster/hikvision_ros2_integration/install/hikvision_interface/share/hikvision_interface/environment/path.dsv
-- Symlinking: /home/daizhijun/RobotMaster/hikvision_ros2_integration/install/hikvision_interface/share/hikvision_interface/local_setup.bash
-- Symlinking: /home/daizhijun/RobotMaster/hikvision_ros2_integration/install/hikvision_interface/share/hikvision_interface/local_setup.sh
-- Symlinking: /home/daizhijun/RobotMaster/hikvision_ros2_integration/install/hikvision_interface/share/hikvision_interface/local_setup.zsh
-- Symlinking: /home/daizhijun/RobotMaster/hikvision_ros2_integration/install/hikvision_interface/share/hikvision_interface/local_setup.dsv
-- Symlinking: /home/daizhijun/RobotMaster/hikvision_ros2_integration/install/hikvision_interface/share/hikvision_interface/package.dsv
-- Symlinking: /home/daizhijun/RobotMaster/hikvision_ros2_integration/install/hikvision_interface/share/ament_index/resource_index/packages/hikvision_interface
-- Symlinking: /home/daizhijun/RobotMaster/hikvision_ros2_integration/install/hikvision_interface/share/hikvision_interface/cmake/rosidl_cmake-extras.cmake
-- Symlinking: /home/daizhijun/RobotMaster/hikvision_ros2_integration/install/hikvision_interface/share/hikvision_interface/cmake/ament_cmake_export_dependencies-extras.cmake
-- Symlinking: /home/daizhijun/RobotMaster/hikvision_ros2_integration/install/hikvision_interface/share/hikvision_interface/cmake/ament_cmake_export_include_directories-extras.cmake
-- Symlinking: /home/daizhijun/RobotMaster/hikvision_ros2_integration/install/hikvision_interface/share/hikvision_interface/cmake/ament_cmake_export_libraries-extras.cmake
-- Symlinking: /home/daizhijun/RobotMaster/hikvision_ros2_integration/install/hikvision_interface/share/hikvision_interface/cmake/ament_cmake_export_targets-extras.cmake
-- Symlinking: /home/daizhijun/RobotMaster/hikvision_ros2_integration/install/hikvision_interface/share/hikvision_interface/cmake/rosidl_cmake_export_typesupport_targets-extras.cmake
-- Symlinking: /home/daizhijun/RobotMaster/hikvision_ros2_integration/install/hikvision_interface/share/hikvision_interface/cmake/rosidl_cmake_export_typesupport_libraries-extras.cmake
-- Symlinking: /home/daizhijun/RobotMaster/hikvision_ros2_integration/install/hikvision_interface/share/hikvision_interface/cmake/hikvision_interfaceConfig.cmake
-- Symlinking: /home/daizhijun/RobotMaster/hikvision_ros2_integration/install/hikvision_interface/share/hikvision_interface/cmake/hikvision_interfaceConfig-version.cmake
-- Symlinking: /home/daizhijun/RobotMaster/hikvision_ros2_integration/install/hikvision_interface/share/hikvision_interface/package.xml
-- Installing: /home/daizhijun/RobotMaster/hikvision_ros2_integration/install/hikvision_interface/lib/libhikvision_interface__rosidl_generator_c.so
-- Set non-toolchain portion of runtime path of "/home/daizhijun/RobotMaster/hikvision_ros2_integration/install/hikvision_interface/lib/libhikvision_interface__rosidl_generator_c.so" to ""
-- Installing: /home/daizhijun/RobotMaster/hikvision_ros2_integration/install/hikvision_interface/lib/libhikvision_interface__rosidl_typesupport_fastrtps_c.so
-- Set non-toolchain portion of runtime path of "/home/daizhijun/RobotMaster/hikvision_ros2_integration/install/hikvision_interface/lib/libhikvision_interface__rosidl_typesupport_fastrtps_c.so" to ""
-- Installing: /home/daizhijun/RobotMaster/hikvision_ros2_integration/install/hikvision_interface/lib/libhikvision_interface__rosidl_typesupport_fastrtps_cpp.so
-- Set non-toolchain portion of runtime path of "/home/daizhijun/RobotMaster/hikvision_ros2_integration/install/hikvision_interface/lib/libhikvision_interface__rosidl_typesupport_fastrtps_cpp.so" to ""
-- Installing: /home/daizhijun/RobotMaster/hikvision_ros2_integration/install/hikvision_interface/lib/libhikvision_interface__rosidl_typesupport_introspection_c.so
-- Set non-toolchain portion of runtime path of "/home/daizhijun/RobotMaster/hikvision_ros2_integration/install/hikvision_interface/lib/libhikvision_interface__rosidl_typesupport_introspection_c.so" to ""
-- Installing: /home/daizhijun/RobotMaster/hikvision_ros2_integration/install/hikvision_interface/lib/libhikvision_interface__rosidl_typesupport_c.so
-- Set non-toolchain portion of runtime path of "/home/daizhijun/RobotMaster/hikvision_ros2_integration/install/hikvision_interface/lib/libhikvision_interface__rosidl_typesupport_c.so" to ""
-- Installing: /home/daizhijun/RobotMaster/hikvision_ros2_integration/install/hikvision_interface/lib/libhikvision_interface__rosidl_typesupport_introspection_cpp.so
-- Set non-toolchain portion of runtime path of "/home/daizhijun/RobotMaster/hikvision_ros2_integration/install/hikvision_interface/lib/libhikvision_interface__rosidl_typesupport_introspection_cpp.so" to ""
-- Installing: /home/daizhijun/RobotMaster/hikvision_ros2_integration/install/hikvision_interface/lib/libhikvision_interface__rosidl_typesupport_cpp.so
-- Set non-toolchain portion of runtime path of "/home/daizhijun/RobotMaster/hikvision_ros2_integration/install/hikvision_interface/lib/libhikvision_interface__rosidl_typesupport_cpp.so" to ""
Listing '/home/daizhijun/RobotMaster/hikvision_ros2_integration/install/hikvision_interface/lib/python3.12/site-packages/hikvision_interface'...
Compiling '/home/daizhijun/RobotMaster/hikvision_ros2_integration/install/hikvision_interface/lib/python3.12/site-packages/hikvision_interface/__init__.py'...
Listing '/home/daizhijun/RobotMaster/hikvision_ros2_integration/install/hikvision_interface/lib/python3.12/site-packages/hikvision_interface/msg'...
Compiling '/home/daizhijun/RobotMaster/hikvision_ros2_integration/install/hikvision_interface/lib/python3.12/site-packages/hikvision_interface/msg/__init__.py'...
Compiling '/home/daizhijun/RobotMaster/hikvision_ros2_integration/install/hikvision_interface/lib/python3.12/site-packages/hikvision_interface/msg/_hik_image_info.py'...
-- Installing: /home/daizhijun/RobotMaster/hikvision_ros2_integration/install/hikvision_interface/lib/libhikvision_interface__rosidl_generator_py.so
-- Set non-toolchain portion of runtime path of "/home/daizhijun/RobotMaster/hikvision_ros2_integration/install/hikvision_interface/lib/libhikvision_interface__rosidl_generator_py.so" to ""
-- Installing: /home/daizhijun/RobotMaster/hikvision_ros2_integration/install/hikvision_interface/share/hikvision_interface/cmake/export_hikvision_interface__rosidl_generator_cExport.cmake
-- Installing: /home/daizhijun/RobotMaster/hikvision_ros2_integration/install/hikvision_interface/share/hikvision_interface/cmake/export_hikvision_interface__rosidl_generator_cExport-noconfig.cmake
-- Installing: /home/daizhijun/RobotMaster/hikvision_ros2_integration/install/hikvision_interface/share/hikvision_interface/cmake/export_hikvision_interface__rosidl_typesupport_fastrtps_cExport.cmake
-- Installing: /home/daizhijun/RobotMaster/hikvision_ros2_integration/install/hikvision_interface/share/hikvision_interface/cmake/export_hikvision_interface__rosidl_typesupport_fastrtps_cExport-noconfig.cmake
-- Installing: /home/daizhijun/RobotMaster/hikvision_ros2_integration/install/hikvision_interface/share/hikvision_interface/cmake/export_hikvision_interface__rosidl_generator_cppExport.cmake
-- Installing: /home/daizhijun/RobotMaster/hikvision_ros2_integration/install/hikvision_interface/share/hikvision_interface/cmake/export_hikvision_interface__rosidl_typesupport_fastrtps_cppExport.cmake
-- Installing: /home/daizhijun/RobotMaster/hikvision_ros2_integration/install/hikvision_interface/share/hikvision_interface/cmake/export_hikvision_interface__rosidl_typesupport_fastrtps_cppExport-noconfig.cmake
-- Installing: /home/daizhijun/RobotMaster/hikvision_ros2_integration/install/hikvision_interface/share/hikvision_interface/cmake/hikvision_interface__rosidl_typesupport_introspection_cExport.cmake
-- Installing: /home/daizhijun/RobotMaster/hikvision_ros2_integration/install/hikvision_interface/share/hikvision_interface/cmake/hikvision_interface__rosidl_typesupport_introspection_cExport-noconfig.cmake
-- Installing: /home/daizhijun/RobotMaster/hikvision_ros2_integration/install/hikvision_interface/share/hikvision_interface/cmake/hikvision_interface__rosidl_typesupport_cExport.cmake
-- Installing: /home/daizhijun/RobotMaster/hikvision_ros2_integration/install/hikvision_interface/share/hikvision_interface/cmake/hikvision_interface__rosidl_typesupport_cExport-noconfig.cmake
-- Installing: /home/daizhijun/RobotMaster/hikvision_ros2_integration/install/hikvision_interface/share/hikvision_interface/cmake/hikvision_interface__rosidl_typesupport_introspection_cppExport.cmake
-- Installing: /home/daizhijun/RobotMaster/hikvision_ros2_integration/install/hikvision_interface/share/hikvision_interface/cmake/hikvision_interface__rosidl_typesupport_introspection_cppExport-noconfig.cmake
-- Installing: /home/daizhijun/RobotMaster/hikvision_ros2_integration/install/hikvision_interface/share/hikvision_interface/cmake/hikvision_interface__rosidl_typesupport_cppExport.cmake
-- Installing: /home/daizhijun/RobotMaster/hikvision_ros2_integration/install/hikvision_interface/share/hikvision_interface/cmake/hikvision_interface__rosidl_typesupport_cppExport-noconfig.cmake
-- Installing: /home/daizhijun/RobotMaster/hikvision_ros2_integration/install/hikvision_interface/share/hikvision_interface/cmake/export_hikvision_interface__rosidl_generator_pyExport.cmake
-- Installing: /home/daizhijun/RobotMaster/hikvision_ros2_integration/install/hikvision_interface/share/hikvision_interface/cmake/export_hikvision_interface__rosidl_generator_pyExport-noconfig.cmake
