[0.011s] Invoking command in '/home/daizhijun/RobotMaster/hikvision_ros2_integration/build/hikvision_interface': DEBUGINFOD_URLS=https://debuginfod.ubuntu.com /usr/bin/cmake --build /home/daizhijun/RobotMaster/hikvision_ros2_integration/build/hikvision_interface -- -j16 -l16
[0.102s] [  2%] Built target hikvision_interface__rosidl_generator_type_description
[0.116s] [  2%] Built target ament_cmake_python_symlink_hikvision_interface
[0.146s] [  5%] Built target hikvision_interface__cpp
[0.147s] [ 20%] Built target hikvision_interface__rosidl_generator_c
[0.175s] [ 44%] Built target hikvision_interface__rosidl_typesupport_cpp
[0.175s] [ 44%] Built target hikvision_interface__rosidl_typesupport_c
[0.175s] [ 47%] Built target hikvision_interface__rosidl_typesupport_fastrtps_cpp
[0.177s] [ 55%] Built target hikvision_interface__rosidl_typesupport_introspection_cpp
[0.179s] [ 64%] Built target hikvision_interface__rosidl_typesupport_introspection_c
[0.187s] [ 73%] Built target hikvision_interface__rosidl_typesupport_fastrtps_c
[0.216s] [ 73%] Built target hikvision_interface
[0.254s] [ 76%] Built target hikvision_interface__py
[0.282s] running egg_info
[0.290s] writing hikvision_interface.egg-info/PKG-INFO
[0.290s] writing dependency_links to hikvision_interface.egg-info/dependency_links.txt
[0.290s] writing top-level names to hikvision_interface.egg-info/top_level.txt
[0.296s] [ 82%] Built target hikvision_interface__rosidl_generator_py
[0.311s] reading manifest file 'hikvision_interface.egg-info/SOURCES.txt'
[0.311s] writing manifest file 'hikvision_interface.egg-info/SOURCES.txt'
[0.339s] [ 97%] Built target ament_cmake_python_build_hikvision_interface_egg
[0.339s] [100%] Built target hikvision_interface_s__rosidl_typesupport_fastrtps_c
[0.339s] [ 97%] Built target hikvision_interface_s__rosidl_typesupport_introspection_c
[0.339s] [ 97%] Built target hikvision_interface_s__rosidl_typesupport_c
[0.363s] Invoked command in '/home/daizhijun/RobotMaster/hikvision_ros2_integration/build/hikvision_interface' returned '0': DEBUGINFOD_URLS=https://debuginfod.ubuntu.com /usr/bin/cmake --build /home/daizhijun/RobotMaster/hikvision_ros2_integration/build/hikvision_interface -- -j16 -l16
[0.381s] Invoking command in '/home/daizhijun/RobotMaster/hikvision_ros2_integration/build/hikvision_interface': DEBUGINFOD_URLS=https://debuginfod.ubuntu.com /usr/bin/cmake --install /home/daizhijun/RobotMaster/hikvision_ros2_integration/build/hikvision_interface
[0.397s] -- Install configuration: ""
[0.398s] -- Execute custom install script
[0.398s] -- Up-to-date symlink: /home/daizhijun/RobotMaster/hikvision_ros2_integration/install/hikvision_interface/share/ament_index/resource_index/rosidl_interfaces/hikvision_interface
[0.399s] -- Up-to-date symlink: /home/daizhijun/RobotMaster/hikvision_ros2_integration/install/hikvision_interface/share/hikvision_interface/msg/HikImageInfo.json
[0.399s] -- Up-to-date symlink: /home/daizhijun/RobotMaster/hikvision_ros2_integration/install/hikvision_interface/include/hikvision_interface/hikvision_interface/msg/detail/hik_image_info__functions.h
[0.399s] -- Up-to-date symlink: /home/daizhijun/RobotMaster/hikvision_ros2_integration/install/hikvision_interface/include/hikvision_interface/hikvision_interface/msg/detail/hik_image_info__struct.h
[0.400s] -- Up-to-date symlink: /home/daizhijun/RobotMaster/hikvision_ros2_integration/install/hikvision_interface/include/hikvision_interface/hikvision_interface/msg/detail/hik_image_info__type_support.h
[0.400s] -- Up-to-date symlink: /home/daizhijun/RobotMaster/hikvision_ros2_integration/install/hikvision_interface/include/hikvision_interface/hikvision_interface/msg/hik_image_info.h
[0.400s] -- Up-to-date symlink: /home/daizhijun/RobotMaster/hikvision_ros2_integration/install/hikvision_interface/include/hikvision_interface/hikvision_interface/msg/rosidl_generator_c__visibility_control.h
[0.400s] -- Up-to-date symlink: /home/daizhijun/RobotMaster/hikvision_ros2_integration/install/hikvision_interface/share/hikvision_interface/environment/library_path.sh
[0.400s] -- Up-to-date symlink: /home/daizhijun/RobotMaster/hikvision_ros2_integration/install/hikvision_interface/share/hikvision_interface/environment/library_path.dsv
[0.401s] -- Up-to-date symlink: /home/daizhijun/RobotMaster/hikvision_ros2_integration/install/hikvision_interface/include/hikvision_interface/hikvision_interface/msg/detail/hik_image_info__rosidl_typesupport_fastrtps_c.h
[0.401s] -- Up-to-date symlink: /home/daizhijun/RobotMaster/hikvision_ros2_integration/install/hikvision_interface/include/hikvision_interface/hikvision_interface/msg/rosidl_typesupport_fastrtps_c__visibility_control.h
[0.401s] -- Up-to-date symlink: /home/daizhijun/RobotMaster/hikvision_ros2_integration/install/hikvision_interface/include/hikvision_interface/hikvision_interface/msg/detail/hik_image_info__builder.hpp
[0.401s] -- Up-to-date symlink: /home/daizhijun/RobotMaster/hikvision_ros2_integration/install/hikvision_interface/include/hikvision_interface/hikvision_interface/msg/detail/hik_image_info__struct.hpp
[0.402s] -- Up-to-date symlink: /home/daizhijun/RobotMaster/hikvision_ros2_integration/install/hikvision_interface/include/hikvision_interface/hikvision_interface/msg/detail/hik_image_info__traits.hpp
[0.402s] -- Up-to-date symlink: /home/daizhijun/RobotMaster/hikvision_ros2_integration/install/hikvision_interface/include/hikvision_interface/hikvision_interface/msg/detail/hik_image_info__type_support.hpp
[0.402s] -- Up-to-date symlink: /home/daizhijun/RobotMaster/hikvision_ros2_integration/install/hikvision_interface/include/hikvision_interface/hikvision_interface/msg/hik_image_info.hpp
[0.402s] -- Up-to-date symlink: /home/daizhijun/RobotMaster/hikvision_ros2_integration/install/hikvision_interface/include/hikvision_interface/hikvision_interface/msg/rosidl_generator_cpp__visibility_control.hpp
[0.402s] -- Up-to-date symlink: /home/daizhijun/RobotMaster/hikvision_ros2_integration/install/hikvision_interface/include/hikvision_interface/hikvision_interface/msg/detail/hik_image_info__rosidl_typesupport_fastrtps_cpp.hpp
[0.403s] -- Up-to-date symlink: /home/daizhijun/RobotMaster/hikvision_ros2_integration/install/hikvision_interface/include/hikvision_interface/hikvision_interface/msg/rosidl_typesupport_fastrtps_cpp__visibility_control.h
[0.403s] -- Up-to-date symlink: /home/daizhijun/RobotMaster/hikvision_ros2_integration/install/hikvision_interface/include/hikvision_interface/hikvision_interface/msg/detail/hik_image_info__rosidl_typesupport_introspection_c.h
[0.403s] -- Up-to-date symlink: /home/daizhijun/RobotMaster/hikvision_ros2_integration/install/hikvision_interface/include/hikvision_interface/hikvision_interface/msg/rosidl_typesupport_introspection_c__visibility_control.h
[0.403s] -- Up-to-date symlink: /home/daizhijun/RobotMaster/hikvision_ros2_integration/install/hikvision_interface/include/hikvision_interface/hikvision_interface/msg/detail/hik_image_info__rosidl_typesupport_introspection_cpp.hpp
[0.403s] -- Up-to-date symlink: /home/daizhijun/RobotMaster/hikvision_ros2_integration/install/hikvision_interface/share/hikvision_interface/environment/pythonpath.sh
[0.404s] -- Up-to-date symlink: /home/daizhijun/RobotMaster/hikvision_ros2_integration/install/hikvision_interface/share/hikvision_interface/environment/pythonpath.dsv
[0.404s] -- Up-to-date symlink: /home/daizhijun/RobotMaster/hikvision_ros2_integration/install/hikvision_interface/lib/python3.12/site-packages/hikvision_interface-0.0.0-py3.12.egg-info/PKG-INFO
[0.404s] -- Up-to-date symlink: /home/daizhijun/RobotMaster/hikvision_ros2_integration/install/hikvision_interface/lib/python3.12/site-packages/hikvision_interface-0.0.0-py3.12.egg-info/SOURCES.txt
[0.404s] -- Up-to-date symlink: /home/daizhijun/RobotMaster/hikvision_ros2_integration/install/hikvision_interface/lib/python3.12/site-packages/hikvision_interface-0.0.0-py3.12.egg-info/dependency_links.txt
[0.404s] -- Up-to-date symlink: /home/daizhijun/RobotMaster/hikvision_ros2_integration/install/hikvision_interface/lib/python3.12/site-packages/hikvision_interface-0.0.0-py3.12.egg-info/top_level.txt
[0.405s] -- Up-to-date symlink: /home/daizhijun/RobotMaster/hikvision_ros2_integration/install/hikvision_interface/lib/python3.12/site-packages/hikvision_interface/__init__.py
[0.405s] -- Up-to-date symlink: /home/daizhijun/RobotMaster/hikvision_ros2_integration/install/hikvision_interface/lib/python3.12/site-packages/hikvision_interface/_hikvision_interface_s.ep.rosidl_typesupport_c.c
[0.405s] -- Up-to-date symlink: /home/daizhijun/RobotMaster/hikvision_ros2_integration/install/hikvision_interface/lib/python3.12/site-packages/hikvision_interface/_hikvision_interface_s.ep.rosidl_typesupport_fastrtps_c.c
[0.405s] -- Up-to-date symlink: /home/daizhijun/RobotMaster/hikvision_ros2_integration/install/hikvision_interface/lib/python3.12/site-packages/hikvision_interface/_hikvision_interface_s.ep.rosidl_typesupport_introspection_c.c
[0.405s] -- Up-to-date symlink: /home/daizhijun/RobotMaster/hikvision_ros2_integration/install/hikvision_interface/lib/python3.12/site-packages/hikvision_interface/hikvision_interface_s__rosidl_typesupport_c.so
[0.406s] -- Up-to-date symlink: /home/daizhijun/RobotMaster/hikvision_ros2_integration/install/hikvision_interface/lib/python3.12/site-packages/hikvision_interface/hikvision_interface_s__rosidl_typesupport_fastrtps_c.so
[0.406s] -- Up-to-date symlink: /home/daizhijun/RobotMaster/hikvision_ros2_integration/install/hikvision_interface/lib/python3.12/site-packages/hikvision_interface/hikvision_interface_s__rosidl_typesupport_introspection_c.so
[0.406s] -- Up-to-date symlink: /home/daizhijun/RobotMaster/hikvision_ros2_integration/install/hikvision_interface/lib/python3.12/site-packages/hikvision_interface/msg/__init__.py
[0.406s] -- Up-to-date symlink: /home/daizhijun/RobotMaster/hikvision_ros2_integration/install/hikvision_interface/lib/python3.12/site-packages/hikvision_interface/msg/_hik_image_info.py
[0.406s] -- Up-to-date symlink: /home/daizhijun/RobotMaster/hikvision_ros2_integration/install/hikvision_interface/lib/python3.12/site-packages/hikvision_interface/msg/_hik_image_info_s.c
[0.406s] -- Up-to-date symlink: /home/daizhijun/RobotMaster/hikvision_ros2_integration/install/hikvision_interface/lib/python3.12/site-packages/hikvision_interface/hikvision_interface_s__rosidl_typesupport_fastrtps_c.so
[0.406s] -- Up-to-date symlink: /home/daizhijun/RobotMaster/hikvision_ros2_integration/install/hikvision_interface/lib/python3.12/site-packages/hikvision_interface/hikvision_interface_s__rosidl_typesupport_introspection_c.so
[0.407s] -- Up-to-date symlink: /home/daizhijun/RobotMaster/hikvision_ros2_integration/install/hikvision_interface/lib/python3.12/site-packages/hikvision_interface/hikvision_interface_s__rosidl_typesupport_c.so
[0.407s] -- Up-to-date symlink: /home/daizhijun/RobotMaster/hikvision_ros2_integration/install/hikvision_interface/share/hikvision_interface/msg/HikImageInfo.idl
[0.407s] -- Up-to-date symlink: /home/daizhijun/RobotMaster/hikvision_ros2_integration/install/hikvision_interface/share/hikvision_interface/msg/HikImageInfo.msg
[0.407s] -- Up-to-date symlink: /home/daizhijun/RobotMaster/hikvision_ros2_integration/install/hikvision_interface/share/ament_index/resource_index/package_run_dependencies/hikvision_interface
[0.407s] -- Up-to-date symlink: /home/daizhijun/RobotMaster/hikvision_ros2_integration/install/hikvision_interface/share/ament_index/resource_index/parent_prefix_path/hikvision_interface
[0.407s] -- Up-to-date symlink: /home/daizhijun/RobotMaster/hikvision_ros2_integration/install/hikvision_interface/share/hikvision_interface/environment/ament_prefix_path.sh
[0.407s] -- Up-to-date symlink: /home/daizhijun/RobotMaster/hikvision_ros2_integration/install/hikvision_interface/share/hikvision_interface/environment/ament_prefix_path.dsv
[0.407s] -- Up-to-date symlink: /home/daizhijun/RobotMaster/hikvision_ros2_integration/install/hikvision_interface/share/hikvision_interface/environment/path.sh
[0.408s] -- Up-to-date symlink: /home/daizhijun/RobotMaster/hikvision_ros2_integration/install/hikvision_interface/share/hikvision_interface/environment/path.dsv
[0.408s] -- Up-to-date symlink: /home/daizhijun/RobotMaster/hikvision_ros2_integration/install/hikvision_interface/share/hikvision_interface/local_setup.bash
[0.408s] -- Up-to-date symlink: /home/daizhijun/RobotMaster/hikvision_ros2_integration/install/hikvision_interface/share/hikvision_interface/local_setup.sh
[0.408s] -- Up-to-date symlink: /home/daizhijun/RobotMaster/hikvision_ros2_integration/install/hikvision_interface/share/hikvision_interface/local_setup.zsh
[0.408s] -- Up-to-date symlink: /home/daizhijun/RobotMaster/hikvision_ros2_integration/install/hikvision_interface/share/hikvision_interface/local_setup.dsv
[0.408s] -- Symlinking: /home/daizhijun/RobotMaster/hikvision_ros2_integration/install/hikvision_interface/share/hikvision_interface/package.dsv
[0.425s] -- Up-to-date symlink: /home/daizhijun/RobotMaster/hikvision_ros2_integration/install/hikvision_interface/share/ament_index/resource_index/packages/hikvision_interface
[0.425s] -- Up-to-date symlink: /home/daizhijun/RobotMaster/hikvision_ros2_integration/install/hikvision_interface/share/hikvision_interface/cmake/rosidl_cmake-extras.cmake
[0.425s] -- Up-to-date symlink: /home/daizhijun/RobotMaster/hikvision_ros2_integration/install/hikvision_interface/share/hikvision_interface/cmake/ament_cmake_export_dependencies-extras.cmake
[0.425s] -- Up-to-date symlink: /home/daizhijun/RobotMaster/hikvision_ros2_integration/install/hikvision_interface/share/hikvision_interface/cmake/ament_cmake_export_include_directories-extras.cmake
[0.425s] -- Up-to-date symlink: /home/daizhijun/RobotMaster/hikvision_ros2_integration/install/hikvision_interface/share/hikvision_interface/cmake/ament_cmake_export_libraries-extras.cmake
[0.426s] -- Up-to-date symlink: /home/daizhijun/RobotMaster/hikvision_ros2_integration/install/hikvision_interface/share/hikvision_interface/cmake/ament_cmake_export_targets-extras.cmake
[0.426s] -- Up-to-date symlink: /home/daizhijun/RobotMaster/hikvision_ros2_integration/install/hikvision_interface/share/hikvision_interface/cmake/rosidl_cmake_export_typesupport_targets-extras.cmake
[0.426s] -- Up-to-date symlink: /home/daizhijun/RobotMaster/hikvision_ros2_integration/install/hikvision_interface/share/hikvision_interface/cmake/rosidl_cmake_export_typesupport_libraries-extras.cmake
[0.426s] -- Up-to-date symlink: /home/daizhijun/RobotMaster/hikvision_ros2_integration/install/hikvision_interface/share/hikvision_interface/cmake/hikvision_interfaceConfig.cmake
[0.427s] -- Up-to-date symlink: /home/daizhijun/RobotMaster/hikvision_ros2_integration/install/hikvision_interface/share/hikvision_interface/cmake/hikvision_interfaceConfig-version.cmake
[0.427s] -- Up-to-date symlink: /home/daizhijun/RobotMaster/hikvision_ros2_integration/install/hikvision_interface/share/hikvision_interface/package.xml
[0.427s] -- Up-to-date: /home/daizhijun/RobotMaster/hikvision_ros2_integration/install/hikvision_interface/lib/libhikvision_interface__rosidl_generator_c.so
[0.428s] -- Up-to-date: /home/daizhijun/RobotMaster/hikvision_ros2_integration/install/hikvision_interface/lib/libhikvision_interface__rosidl_typesupport_fastrtps_c.so
[0.428s] -- Up-to-date: /home/daizhijun/RobotMaster/hikvision_ros2_integration/install/hikvision_interface/lib/libhikvision_interface__rosidl_typesupport_fastrtps_cpp.so
[0.429s] -- Up-to-date: /home/daizhijun/RobotMaster/hikvision_ros2_integration/install/hikvision_interface/lib/libhikvision_interface__rosidl_typesupport_introspection_c.so
[0.429s] -- Up-to-date: /home/daizhijun/RobotMaster/hikvision_ros2_integration/install/hikvision_interface/lib/libhikvision_interface__rosidl_typesupport_c.so
[0.429s] -- Up-to-date: /home/daizhijun/RobotMaster/hikvision_ros2_integration/install/hikvision_interface/lib/libhikvision_interface__rosidl_typesupport_introspection_cpp.so
[0.430s] -- Up-to-date: /home/daizhijun/RobotMaster/hikvision_ros2_integration/install/hikvision_interface/lib/libhikvision_interface__rosidl_typesupport_cpp.so
[0.467s] Listing '/home/daizhijun/RobotMaster/hikvision_ros2_integration/install/hikvision_interface/lib/python3.12/site-packages/hikvision_interface'...
[0.467s] Listing '/home/daizhijun/RobotMaster/hikvision_ros2_integration/install/hikvision_interface/lib/python3.12/site-packages/hikvision_interface/msg'...
[0.471s] -- Up-to-date: /home/daizhijun/RobotMaster/hikvision_ros2_integration/install/hikvision_interface/lib/libhikvision_interface__rosidl_generator_py.so
[0.472s] -- Up-to-date: /home/daizhijun/RobotMaster/hikvision_ros2_integration/install/hikvision_interface/share/hikvision_interface/cmake/export_hikvision_interface__rosidl_generator_cExport.cmake
[0.472s] -- Up-to-date: /home/daizhijun/RobotMaster/hikvision_ros2_integration/install/hikvision_interface/share/hikvision_interface/cmake/export_hikvision_interface__rosidl_generator_cExport-noconfig.cmake
[0.472s] -- Up-to-date: /home/daizhijun/RobotMaster/hikvision_ros2_integration/install/hikvision_interface/share/hikvision_interface/cmake/export_hikvision_interface__rosidl_typesupport_fastrtps_cExport.cmake
[0.472s] -- Up-to-date: /home/daizhijun/RobotMaster/hikvision_ros2_integration/install/hikvision_interface/share/hikvision_interface/cmake/export_hikvision_interface__rosidl_typesupport_fastrtps_cExport-noconfig.cmake
[0.472s] -- Up-to-date: /home/daizhijun/RobotMaster/hikvision_ros2_integration/install/hikvision_interface/share/hikvision_interface/cmake/export_hikvision_interface__rosidl_generator_cppExport.cmake
[0.472s] -- Up-to-date: /home/daizhijun/RobotMaster/hikvision_ros2_integration/install/hikvision_interface/share/hikvision_interface/cmake/export_hikvision_interface__rosidl_typesupport_fastrtps_cppExport.cmake
[0.472s] -- Up-to-date: /home/daizhijun/RobotMaster/hikvision_ros2_integration/install/hikvision_interface/share/hikvision_interface/cmake/export_hikvision_interface__rosidl_typesupport_fastrtps_cppExport-noconfig.cmake
[0.473s] -- Up-to-date: /home/daizhijun/RobotMaster/hikvision_ros2_integration/install/hikvision_interface/share/hikvision_interface/cmake/hikvision_interface__rosidl_typesupport_introspection_cExport.cmake
[0.473s] -- Up-to-date: /home/daizhijun/RobotMaster/hikvision_ros2_integration/install/hikvision_interface/share/hikvision_interface/cmake/hikvision_interface__rosidl_typesupport_introspection_cExport-noconfig.cmake
[0.473s] -- Up-to-date: /home/daizhijun/RobotMaster/hikvision_ros2_integration/install/hikvision_interface/share/hikvision_interface/cmake/hikvision_interface__rosidl_typesupport_cExport.cmake
[0.473s] -- Up-to-date: /home/daizhijun/RobotMaster/hikvision_ros2_integration/install/hikvision_interface/share/hikvision_interface/cmake/hikvision_interface__rosidl_typesupport_cExport-noconfig.cmake
[0.473s] -- Up-to-date: /home/daizhijun/RobotMaster/hikvision_ros2_integration/install/hikvision_interface/share/hikvision_interface/cmake/hikvision_interface__rosidl_typesupport_introspection_cppExport.cmake
[0.473s] -- Up-to-date: /home/daizhijun/RobotMaster/hikvision_ros2_integration/install/hikvision_interface/share/hikvision_interface/cmake/hikvision_interface__rosidl_typesupport_introspection_cppExport-noconfig.cmake
[0.473s] -- Up-to-date: /home/daizhijun/RobotMaster/hikvision_ros2_integration/install/hikvision_interface/share/hikvision_interface/cmake/hikvision_interface__rosidl_typesupport_cppExport.cmake
[0.473s] -- Up-to-date: /home/daizhijun/RobotMaster/hikvision_ros2_integration/install/hikvision_interface/share/hikvision_interface/cmake/hikvision_interface__rosidl_typesupport_cppExport-noconfig.cmake
[0.474s] -- Up-to-date: /home/daizhijun/RobotMaster/hikvision_ros2_integration/install/hikvision_interface/share/hikvision_interface/cmake/export_hikvision_interface__rosidl_generator_pyExport.cmake
[0.474s] -- Up-to-date: /home/daizhijun/RobotMaster/hikvision_ros2_integration/install/hikvision_interface/share/hikvision_interface/cmake/export_hikvision_interface__rosidl_generator_pyExport-noconfig.cmake
[0.478s] Invoked command in '/home/daizhijun/RobotMaster/hikvision_ros2_integration/build/hikvision_interface' returned '0': DEBUGINFOD_URLS=https://debuginfod.ubuntu.com /usr/bin/cmake --install /home/daizhijun/RobotMaster/hikvision_ros2_integration/build/hikvision_interface
