[0.012s] Invoking command in '/home/daizhijun/RobotMaster/hikvision_ros2_integration/build/hikvision_interface': DEBUGINFOD_URLS=https://debuginfod.ubuntu.com /usr/bin/cmake --build /home/daizhijun/RobotMaster/hikvision_ros2_integration/build/hikvision_interface -- -j16 -l16
[0.116s] [  2%] Built target hikvision_interface__rosidl_generator_type_description
[0.134s] [  2%] Built target ament_cmake_python_symlink_hikvision_interface
[0.154s] [  5%] Built target hikvision_interface__cpp
[0.157s] [ 20%] Built target hikvision_interface__rosidl_generator_c
[0.193s] [ 67%] Built target hikvision_interface__rosidl_typesupport_cpp
[0.194s] [ 67%] Built target hikvision_interface__rosidl_typesupport_fastrtps_cpp
[0.194s] [ 55%] Built target hikvision_interface__rosidl_typesupport_fastrtps_c
[0.194s] [ 67%] Built target hikvision_interface__rosidl_typesupport_introspection_cpp
[0.194s] [ 67%] Built target hikvision_interface__rosidl_typesupport_c
[0.194s] [ 73%] Built target hikvision_interface__rosidl_typesupport_introspection_c
[0.232s] [ 73%] Built target hikvision_interface
[0.277s] [ 76%] Built target hikvision_interface__py
[0.316s] [ 82%] Built target hikvision_interface__rosidl_generator_py
[0.362s] [ 88%] Built target hikvision_interface_s__rosidl_typesupport_c
[0.363s] [100%] Built target hikvision_interface_s__rosidl_typesupport_introspection_c
[0.363s] [100%] Built target hikvision_interface_s__rosidl_typesupport_fastrtps_c
[0.398s] running egg_info
[0.415s] writing hikvision_interface.egg-info/PKG-INFO
[0.416s] writing dependency_links to hikvision_interface.egg-info/dependency_links.txt
[0.416s] writing top-level names to hikvision_interface.egg-info/top_level.txt
[0.459s] reading manifest file 'hikvision_interface.egg-info/SOURCES.txt'
[0.460s] writing manifest file 'hikvision_interface.egg-info/SOURCES.txt'
[0.499s] [100%] Built target ament_cmake_python_build_hikvision_interface_egg
[0.523s] Invoked command in '/home/daizhijun/RobotMaster/hikvision_ros2_integration/build/hikvision_interface' returned '0': DEBUGINFOD_URLS=https://debuginfod.ubuntu.com /usr/bin/cmake --build /home/daizhijun/RobotMaster/hikvision_ros2_integration/build/hikvision_interface -- -j16 -l16
[0.545s] Invoking command in '/home/daizhijun/RobotMaster/hikvision_ros2_integration/build/hikvision_interface': DEBUGINFOD_URLS=https://debuginfod.ubuntu.com /usr/bin/cmake --install /home/daizhijun/RobotMaster/hikvision_ros2_integration/build/hikvision_interface
[0.562s] -- Install configuration: "RelWithDebInfo"
[0.563s] -- Execute custom install script
[0.563s] -- Up-to-date symlink: /home/daizhijun/RobotMaster/hikvision_ros2_integration/install/hikvision_interface/share/ament_index/resource_index/rosidl_interfaces/hikvision_interface
[0.564s] -- Up-to-date symlink: /home/daizhijun/RobotMaster/hikvision_ros2_integration/install/hikvision_interface/share/hikvision_interface/msg/HikImageInfo.json
[0.564s] -- Up-to-date symlink: /home/daizhijun/RobotMaster/hikvision_ros2_integration/install/hikvision_interface/include/hikvision_interface/hikvision_interface/msg/detail/hik_image_info__functions.h
[0.565s] -- Up-to-date symlink: /home/daizhijun/RobotMaster/hikvision_ros2_integration/install/hikvision_interface/include/hikvision_interface/hikvision_interface/msg/detail/hik_image_info__struct.h
[0.565s] -- Up-to-date symlink: /home/daizhijun/RobotMaster/hikvision_ros2_integration/install/hikvision_interface/include/hikvision_interface/hikvision_interface/msg/detail/hik_image_info__type_support.h
[0.565s] -- Up-to-date symlink: /home/daizhijun/RobotMaster/hikvision_ros2_integration/install/hikvision_interface/include/hikvision_interface/hikvision_interface/msg/hik_image_info.h
[0.565s] -- Up-to-date symlink: /home/daizhijun/RobotMaster/hikvision_ros2_integration/install/hikvision_interface/include/hikvision_interface/hikvision_interface/msg/rosidl_generator_c__visibility_control.h
[0.565s] -- Up-to-date symlink: /home/daizhijun/RobotMaster/hikvision_ros2_integration/install/hikvision_interface/share/hikvision_interface/environment/library_path.sh
[0.566s] -- Up-to-date symlink: /home/daizhijun/RobotMaster/hikvision_ros2_integration/install/hikvision_interface/share/hikvision_interface/environment/library_path.dsv
[0.566s] -- Up-to-date symlink: /home/daizhijun/RobotMaster/hikvision_ros2_integration/install/hikvision_interface/include/hikvision_interface/hikvision_interface/msg/detail/hik_image_info__rosidl_typesupport_fastrtps_c.h
[0.566s] -- Up-to-date symlink: /home/daizhijun/RobotMaster/hikvision_ros2_integration/install/hikvision_interface/include/hikvision_interface/hikvision_interface/msg/rosidl_typesupport_fastrtps_c__visibility_control.h
[0.567s] -- Up-to-date symlink: /home/daizhijun/RobotMaster/hikvision_ros2_integration/install/hikvision_interface/include/hikvision_interface/hikvision_interface/msg/detail/hik_image_info__builder.hpp
[0.567s] -- Up-to-date symlink: /home/daizhijun/RobotMaster/hikvision_ros2_integration/install/hikvision_interface/include/hikvision_interface/hikvision_interface/msg/detail/hik_image_info__struct.hpp
[0.567s] -- Up-to-date symlink: /home/daizhijun/RobotMaster/hikvision_ros2_integration/install/hikvision_interface/include/hikvision_interface/hikvision_interface/msg/detail/hik_image_info__traits.hpp
[0.567s] -- Up-to-date symlink: /home/daizhijun/RobotMaster/hikvision_ros2_integration/install/hikvision_interface/include/hikvision_interface/hikvision_interface/msg/detail/hik_image_info__type_support.hpp
[0.568s] -- Up-to-date symlink: /home/daizhijun/RobotMaster/hikvision_ros2_integration/install/hikvision_interface/include/hikvision_interface/hikvision_interface/msg/hik_image_info.hpp
[0.568s] -- Up-to-date symlink: /home/daizhijun/RobotMaster/hikvision_ros2_integration/install/hikvision_interface/include/hikvision_interface/hikvision_interface/msg/rosidl_generator_cpp__visibility_control.hpp
[0.568s] -- Up-to-date symlink: /home/daizhijun/RobotMaster/hikvision_ros2_integration/install/hikvision_interface/include/hikvision_interface/hikvision_interface/msg/detail/hik_image_info__rosidl_typesupport_fastrtps_cpp.hpp
[0.568s] -- Up-to-date symlink: /home/daizhijun/RobotMaster/hikvision_ros2_integration/install/hikvision_interface/include/hikvision_interface/hikvision_interface/msg/rosidl_typesupport_fastrtps_cpp__visibility_control.h
[0.569s] -- Up-to-date symlink: /home/daizhijun/RobotMaster/hikvision_ros2_integration/install/hikvision_interface/include/hikvision_interface/hikvision_interface/msg/detail/hik_image_info__rosidl_typesupport_introspection_c.h
[0.569s] -- Up-to-date symlink: /home/daizhijun/RobotMaster/hikvision_ros2_integration/install/hikvision_interface/include/hikvision_interface/hikvision_interface/msg/rosidl_typesupport_introspection_c__visibility_control.h
[0.569s] -- Up-to-date symlink: /home/daizhijun/RobotMaster/hikvision_ros2_integration/install/hikvision_interface/include/hikvision_interface/hikvision_interface/msg/detail/hik_image_info__rosidl_typesupport_introspection_cpp.hpp
[0.570s] -- Up-to-date symlink: /home/daizhijun/RobotMaster/hikvision_ros2_integration/install/hikvision_interface/share/hikvision_interface/environment/pythonpath.sh
[0.570s] -- Up-to-date symlink: /home/daizhijun/RobotMaster/hikvision_ros2_integration/install/hikvision_interface/share/hikvision_interface/environment/pythonpath.dsv
[0.570s] -- Up-to-date symlink: /home/daizhijun/RobotMaster/hikvision_ros2_integration/install/hikvision_interface/lib/python3.12/site-packages/hikvision_interface-0.0.0-py3.12.egg-info/PKG-INFO
[0.570s] -- Up-to-date symlink: /home/daizhijun/RobotMaster/hikvision_ros2_integration/install/hikvision_interface/lib/python3.12/site-packages/hikvision_interface-0.0.0-py3.12.egg-info/SOURCES.txt
[0.571s] -- Up-to-date symlink: /home/daizhijun/RobotMaster/hikvision_ros2_integration/install/hikvision_interface/lib/python3.12/site-packages/hikvision_interface-0.0.0-py3.12.egg-info/dependency_links.txt
[0.571s] -- Up-to-date symlink: /home/daizhijun/RobotMaster/hikvision_ros2_integration/install/hikvision_interface/lib/python3.12/site-packages/hikvision_interface-0.0.0-py3.12.egg-info/top_level.txt
[0.571s] -- Up-to-date symlink: /home/daizhijun/RobotMaster/hikvision_ros2_integration/install/hikvision_interface/lib/python3.12/site-packages/hikvision_interface/__init__.py
[0.571s] -- Up-to-date symlink: /home/daizhijun/RobotMaster/hikvision_ros2_integration/install/hikvision_interface/lib/python3.12/site-packages/hikvision_interface/_hikvision_interface_s.ep.rosidl_typesupport_c.c
[0.572s] -- Up-to-date symlink: /home/daizhijun/RobotMaster/hikvision_ros2_integration/install/hikvision_interface/lib/python3.12/site-packages/hikvision_interface/_hikvision_interface_s.ep.rosidl_typesupport_fastrtps_c.c
[0.572s] -- Up-to-date symlink: /home/daizhijun/RobotMaster/hikvision_ros2_integration/install/hikvision_interface/lib/python3.12/site-packages/hikvision_interface/_hikvision_interface_s.ep.rosidl_typesupport_introspection_c.c
[0.572s] -- Up-to-date symlink: /home/daizhijun/RobotMaster/hikvision_ros2_integration/install/hikvision_interface/lib/python3.12/site-packages/hikvision_interface/hikvision_interface_s__rosidl_typesupport_c.so
[0.572s] -- Up-to-date symlink: /home/daizhijun/RobotMaster/hikvision_ros2_integration/install/hikvision_interface/lib/python3.12/site-packages/hikvision_interface/hikvision_interface_s__rosidl_typesupport_fastrtps_c.so
[0.572s] -- Up-to-date symlink: /home/daizhijun/RobotMaster/hikvision_ros2_integration/install/hikvision_interface/lib/python3.12/site-packages/hikvision_interface/hikvision_interface_s__rosidl_typesupport_introspection_c.so
[0.572s] -- Up-to-date symlink: /home/daizhijun/RobotMaster/hikvision_ros2_integration/install/hikvision_interface/lib/python3.12/site-packages/hikvision_interface/msg/__init__.py
[0.573s] -- Up-to-date symlink: /home/daizhijun/RobotMaster/hikvision_ros2_integration/install/hikvision_interface/lib/python3.12/site-packages/hikvision_interface/msg/_hik_image_info.py
[0.573s] -- Up-to-date symlink: /home/daizhijun/RobotMaster/hikvision_ros2_integration/install/hikvision_interface/lib/python3.12/site-packages/hikvision_interface/msg/_hik_image_info_s.c
[0.573s] -- Up-to-date symlink: /home/daizhijun/RobotMaster/hikvision_ros2_integration/install/hikvision_interface/lib/python3.12/site-packages/hikvision_interface/hikvision_interface_s__rosidl_typesupport_fastrtps_c.so
[0.574s] -- Up-to-date symlink: /home/daizhijun/RobotMaster/hikvision_ros2_integration/install/hikvision_interface/lib/python3.12/site-packages/hikvision_interface/hikvision_interface_s__rosidl_typesupport_introspection_c.so
[0.574s] -- Up-to-date symlink: /home/daizhijun/RobotMaster/hikvision_ros2_integration/install/hikvision_interface/lib/python3.12/site-packages/hikvision_interface/hikvision_interface_s__rosidl_typesupport_c.so
[0.574s] -- Up-to-date symlink: /home/daizhijun/RobotMaster/hikvision_ros2_integration/install/hikvision_interface/share/hikvision_interface/msg/HikImageInfo.idl
[0.574s] -- Up-to-date symlink: /home/daizhijun/RobotMaster/hikvision_ros2_integration/install/hikvision_interface/share/hikvision_interface/msg/HikImageInfo.msg
[0.575s] -- Up-to-date symlink: /home/daizhijun/RobotMaster/hikvision_ros2_integration/install/hikvision_interface/share/ament_index/resource_index/package_run_dependencies/hikvision_interface
[0.575s] -- Up-to-date symlink: /home/daizhijun/RobotMaster/hikvision_ros2_integration/install/hikvision_interface/share/ament_index/resource_index/parent_prefix_path/hikvision_interface
[0.575s] -- Up-to-date symlink: /home/daizhijun/RobotMaster/hikvision_ros2_integration/install/hikvision_interface/share/hikvision_interface/environment/ament_prefix_path.sh
[0.575s] -- Up-to-date symlink: /home/daizhijun/RobotMaster/hikvision_ros2_integration/install/hikvision_interface/share/hikvision_interface/environment/ament_prefix_path.dsv
[0.575s] -- Up-to-date symlink: /home/daizhijun/RobotMaster/hikvision_ros2_integration/install/hikvision_interface/share/hikvision_interface/environment/path.sh
[0.576s] -- Up-to-date symlink: /home/daizhijun/RobotMaster/hikvision_ros2_integration/install/hikvision_interface/share/hikvision_interface/environment/path.dsv
[0.576s] -- Up-to-date symlink: /home/daizhijun/RobotMaster/hikvision_ros2_integration/install/hikvision_interface/share/hikvision_interface/local_setup.bash
[0.576s] -- Up-to-date symlink: /home/daizhijun/RobotMaster/hikvision_ros2_integration/install/hikvision_interface/share/hikvision_interface/local_setup.sh
[0.576s] -- Up-to-date symlink: /home/daizhijun/RobotMaster/hikvision_ros2_integration/install/hikvision_interface/share/hikvision_interface/local_setup.zsh
[0.576s] -- Up-to-date symlink: /home/daizhijun/RobotMaster/hikvision_ros2_integration/install/hikvision_interface/share/hikvision_interface/local_setup.dsv
[0.576s] -- Symlinking: /home/daizhijun/RobotMaster/hikvision_ros2_integration/install/hikvision_interface/share/hikvision_interface/package.dsv
[0.598s] -- Up-to-date symlink: /home/daizhijun/RobotMaster/hikvision_ros2_integration/install/hikvision_interface/share/ament_index/resource_index/packages/hikvision_interface
[0.598s] -- Up-to-date symlink: /home/daizhijun/RobotMaster/hikvision_ros2_integration/install/hikvision_interface/share/hikvision_interface/cmake/rosidl_cmake-extras.cmake
[0.598s] -- Up-to-date symlink: /home/daizhijun/RobotMaster/hikvision_ros2_integration/install/hikvision_interface/share/hikvision_interface/cmake/ament_cmake_export_dependencies-extras.cmake
[0.599s] -- Up-to-date symlink: /home/daizhijun/RobotMaster/hikvision_ros2_integration/install/hikvision_interface/share/hikvision_interface/cmake/ament_cmake_export_include_directories-extras.cmake
[0.599s] -- Up-to-date symlink: /home/daizhijun/RobotMaster/hikvision_ros2_integration/install/hikvision_interface/share/hikvision_interface/cmake/ament_cmake_export_libraries-extras.cmake
[0.599s] -- Up-to-date symlink: /home/daizhijun/RobotMaster/hikvision_ros2_integration/install/hikvision_interface/share/hikvision_interface/cmake/ament_cmake_export_targets-extras.cmake
[0.599s] -- Up-to-date symlink: /home/daizhijun/RobotMaster/hikvision_ros2_integration/install/hikvision_interface/share/hikvision_interface/cmake/rosidl_cmake_export_typesupport_targets-extras.cmake
[0.600s] -- Up-to-date symlink: /home/daizhijun/RobotMaster/hikvision_ros2_integration/install/hikvision_interface/share/hikvision_interface/cmake/rosidl_cmake_export_typesupport_libraries-extras.cmake
[0.600s] -- Up-to-date symlink: /home/daizhijun/RobotMaster/hikvision_ros2_integration/install/hikvision_interface/share/hikvision_interface/cmake/hikvision_interfaceConfig.cmake
[0.600s] -- Up-to-date symlink: /home/daizhijun/RobotMaster/hikvision_ros2_integration/install/hikvision_interface/share/hikvision_interface/cmake/hikvision_interfaceConfig-version.cmake
[0.601s] -- Up-to-date symlink: /home/daizhijun/RobotMaster/hikvision_ros2_integration/install/hikvision_interface/share/hikvision_interface/package.xml
[0.601s] -- Up-to-date: /home/daizhijun/RobotMaster/hikvision_ros2_integration/install/hikvision_interface/lib/libhikvision_interface__rosidl_generator_c.so
[0.602s] -- Up-to-date: /home/daizhijun/RobotMaster/hikvision_ros2_integration/install/hikvision_interface/lib/libhikvision_interface__rosidl_typesupport_fastrtps_c.so
[0.602s] -- Up-to-date: /home/daizhijun/RobotMaster/hikvision_ros2_integration/install/hikvision_interface/lib/libhikvision_interface__rosidl_typesupport_fastrtps_cpp.so
[0.603s] -- Up-to-date: /home/daizhijun/RobotMaster/hikvision_ros2_integration/install/hikvision_interface/lib/libhikvision_interface__rosidl_typesupport_introspection_c.so
[0.603s] -- Up-to-date: /home/daizhijun/RobotMaster/hikvision_ros2_integration/install/hikvision_interface/lib/libhikvision_interface__rosidl_typesupport_c.so
[0.604s] -- Up-to-date: /home/daizhijun/RobotMaster/hikvision_ros2_integration/install/hikvision_interface/lib/libhikvision_interface__rosidl_typesupport_introspection_cpp.so
[0.604s] -- Up-to-date: /home/daizhijun/RobotMaster/hikvision_ros2_integration/install/hikvision_interface/lib/libhikvision_interface__rosidl_typesupport_cpp.so
[0.670s] Listing '/home/daizhijun/RobotMaster/hikvision_ros2_integration/install/hikvision_interface/lib/python3.12/site-packages/hikvision_interface'...
[0.670s] Listing '/home/daizhijun/RobotMaster/hikvision_ros2_integration/install/hikvision_interface/lib/python3.12/site-packages/hikvision_interface/msg'...
[0.680s] -- Up-to-date: /home/daizhijun/RobotMaster/hikvision_ros2_integration/install/hikvision_interface/lib/libhikvision_interface__rosidl_generator_py.so
[0.680s] -- Up-to-date: /home/daizhijun/RobotMaster/hikvision_ros2_integration/install/hikvision_interface/share/hikvision_interface/cmake/export_hikvision_interface__rosidl_generator_cExport.cmake
[0.681s] -- Up-to-date: /home/daizhijun/RobotMaster/hikvision_ros2_integration/install/hikvision_interface/share/hikvision_interface/cmake/export_hikvision_interface__rosidl_generator_cExport-relwithdebinfo.cmake
[0.681s] -- Up-to-date: /home/daizhijun/RobotMaster/hikvision_ros2_integration/install/hikvision_interface/share/hikvision_interface/cmake/export_hikvision_interface__rosidl_typesupport_fastrtps_cExport.cmake
[0.681s] -- Up-to-date: /home/daizhijun/RobotMaster/hikvision_ros2_integration/install/hikvision_interface/share/hikvision_interface/cmake/export_hikvision_interface__rosidl_typesupport_fastrtps_cExport-relwithdebinfo.cmake
[0.681s] -- Up-to-date: /home/daizhijun/RobotMaster/hikvision_ros2_integration/install/hikvision_interface/share/hikvision_interface/cmake/export_hikvision_interface__rosidl_generator_cppExport.cmake
[0.681s] -- Up-to-date: /home/daizhijun/RobotMaster/hikvision_ros2_integration/install/hikvision_interface/share/hikvision_interface/cmake/export_hikvision_interface__rosidl_typesupport_fastrtps_cppExport.cmake
[0.682s] -- Up-to-date: /home/daizhijun/RobotMaster/hikvision_ros2_integration/install/hikvision_interface/share/hikvision_interface/cmake/export_hikvision_interface__rosidl_typesupport_fastrtps_cppExport-relwithdebinfo.cmake
[0.682s] -- Up-to-date: /home/daizhijun/RobotMaster/hikvision_ros2_integration/install/hikvision_interface/share/hikvision_interface/cmake/hikvision_interface__rosidl_typesupport_introspection_cExport.cmake
[0.682s] -- Up-to-date: /home/daizhijun/RobotMaster/hikvision_ros2_integration/install/hikvision_interface/share/hikvision_interface/cmake/hikvision_interface__rosidl_typesupport_introspection_cExport-relwithdebinfo.cmake
[0.682s] -- Up-to-date: /home/daizhijun/RobotMaster/hikvision_ros2_integration/install/hikvision_interface/share/hikvision_interface/cmake/hikvision_interface__rosidl_typesupport_cExport.cmake
[0.682s] -- Up-to-date: /home/daizhijun/RobotMaster/hikvision_ros2_integration/install/hikvision_interface/share/hikvision_interface/cmake/hikvision_interface__rosidl_typesupport_cExport-relwithdebinfo.cmake
[0.682s] -- Up-to-date: /home/daizhijun/RobotMaster/hikvision_ros2_integration/install/hikvision_interface/share/hikvision_interface/cmake/hikvision_interface__rosidl_typesupport_introspection_cppExport.cmake
[0.683s] -- Up-to-date: /home/daizhijun/RobotMaster/hikvision_ros2_integration/install/hikvision_interface/share/hikvision_interface/cmake/hikvision_interface__rosidl_typesupport_introspection_cppExport-relwithdebinfo.cmake
[0.683s] -- Up-to-date: /home/daizhijun/RobotMaster/hikvision_ros2_integration/install/hikvision_interface/share/hikvision_interface/cmake/hikvision_interface__rosidl_typesupport_cppExport.cmake
[0.683s] -- Up-to-date: /home/daizhijun/RobotMaster/hikvision_ros2_integration/install/hikvision_interface/share/hikvision_interface/cmake/hikvision_interface__rosidl_typesupport_cppExport-relwithdebinfo.cmake
[0.683s] -- Up-to-date: /home/daizhijun/RobotMaster/hikvision_ros2_integration/install/hikvision_interface/share/hikvision_interface/cmake/export_hikvision_interface__rosidl_generator_pyExport.cmake
[0.683s] -- Up-to-date: /home/daizhijun/RobotMaster/hikvision_ros2_integration/install/hikvision_interface/share/hikvision_interface/cmake/export_hikvision_interface__rosidl_generator_pyExport-relwithdebinfo.cmake
[0.688s] Invoked command in '/home/daizhijun/RobotMaster/hikvision_ros2_integration/build/hikvision_interface' returned '0': DEBUGINFOD_URLS=https://debuginfod.ubuntu.com /usr/bin/cmake --install /home/daizhijun/RobotMaster/hikvision_ros2_integration/build/hikvision_interface
