[0.013s] Invoking command in '/home/daizhijun/RobotMaster/hikvision_ros2_integration/build/hikvision_ros2_driver': CMAKE_PREFIX_PATH=/home/daizhijun/RobotMaster/hikvision_ros2_integration/install/hikvision_interface:/home/daizhijun/RobotMaster/hikvision_ros2_integration/install/hikvision_ros2_driver:/opt/ros/jazzy:/opt/ros/jazzy/opt/gz_math_vendor:/opt/ros/jazzy/opt/gz_utils_vendor:/opt/ros/jazzy/opt/gz_cmake_vendor:/opt/ros/jazzy LD_LIBRARY_PATH=/home/daizhijun/RobotMaster/hikvision_ros2_integration/install/hikvision_interface/lib:/home/daizhijun/RobotMaster/hikvision_ros2_integration/install/hikvision_ros2_driver/lib:/opt/ros/jazzy/lib:/opt/ros/jazzy/opt/rviz_ogre_vendor/lib:/opt/ros/jazzy/lib/x86_64-linux-gnu:/opt/ros/jazzy/opt/gz_math_vendor/lib:/opt/ros/jazzy/opt/gz_utils_vendor/lib:/opt/ros/jazzy/opt/gz_cmake_vendor/lib:/opt/ros/jazzy/lib PYTHONPATH=/home/daizhijun/RobotMaster/hikvision_ros2_integration/install/hikvision_interface/lib/python3.12/site-packages:/opt/ros/jazzy/lib/python3.12/site-packages:/opt/ros/jazzy/lib/python3.12/site-packages /usr/bin/cmake /home/daizhijun/RobotMaster/hikvision_ros2_integration/hikvision_ros2_driver -DCMAKE_BUILD_TYPE=RelWithDebInfo -DCMAKE_INSTALL_PREFIX=/home/daizhijun/RobotMaster/hikvision_ros2_integration/install/hikvision_ros2_driver
[0.042s] -- Found ament_cmake_auto: 2.5.4 (/opt/ros/jazzy/share/ament_cmake_auto/cmake)
[0.283s] -- Override CMake install command with custom implementation using symlinks instead of copying resources
[0.419s] -- Found rosidl_generator_c: 4.6.6 (/opt/ros/jazzy/share/rosidl_generator_c/cmake)
[0.424s] -- Found rosidl_generator_cpp: 4.6.6 (/opt/ros/jazzy/share/rosidl_generator_cpp/cmake)
[0.431s] -- Using all available rosidl_typesupport_c: rosidl_typesupport_fastrtps_c;rosidl_typesupport_introspection_c
[0.440s] -- Using all available rosidl_typesupport_cpp: rosidl_typesupport_fastrtps_cpp;rosidl_typesupport_introspection_cpp
[0.491s] -- Found rmw_implementation_cmake: 7.3.2 (/opt/ros/jazzy/share/rmw_implementation_cmake/cmake)
[0.491s] -- Found rmw_fastrtps_cpp: 8.4.3 (/opt/ros/jazzy/share/rmw_fastrtps_cpp/cmake)
[0.545s] -- Using RMW implementation 'rmw_fastrtps_cpp' as default
[0.651s] -- Found ament_lint_auto: 0.17.3 (/opt/ros/jazzy/share/ament_lint_auto/cmake)
[0.653s] [0mIn this package, headers install destination is set to `include` by ament_auto_package. It is recommended to install `include/hikvision_ros2_driver` instead and will be the default behavior of ament_auto_package from ROS 2 Kilted Kaiju. On distributions before Kilted, ament_auto_package behaves the same way when you use USE_SCOPED_HEADER_INSTALL_DIR option.[0m
[0.656s] -- Added test 'cppcheck' to perform static code analysis on C / C++ code
[0.656s] -- Configured cppcheck include dirs: /home/daizhijun/RobotMaster/hikvision_ros2_integration/hikvision_ros2_driver/include
[0.656s] -- Configured cppcheck exclude dirs and/or files: 
[0.656s] -- Added test 'flake8' to check Python code syntax and style conventions
[0.656s] -- Configured 'flake8' exclude dirs and/or files: 
[0.656s] -- Added test 'lint_cmake' to check CMake code style
[0.657s] -- Added test 'pep257' to check Python code against some of the docstring style conventions in PEP 257
[0.657s] -- Added test 'uncrustify' to check C / C++ code style
[0.657s] -- Configured uncrustify additional arguments: 
[0.657s] -- Added test 'xmllint' to check XML markup files
[0.658s] -- Configuring done (0.6s)
[0.669s] -- Generating done (0.0s)
[0.672s] -- Build files have been written to: /home/daizhijun/RobotMaster/hikvision_ros2_integration/build/hikvision_ros2_driver
[0.681s] Invoked command in '/home/daizhijun/RobotMaster/hikvision_ros2_integration/build/hikvision_ros2_driver' returned '0': CMAKE_PREFIX_PATH=/home/daizhijun/RobotMaster/hikvision_ros2_integration/install/hikvision_interface:/home/daizhijun/RobotMaster/hikvision_ros2_integration/install/hikvision_ros2_driver:/opt/ros/jazzy:/opt/ros/jazzy/opt/gz_math_vendor:/opt/ros/jazzy/opt/gz_utils_vendor:/opt/ros/jazzy/opt/gz_cmake_vendor:/opt/ros/jazzy LD_LIBRARY_PATH=/home/daizhijun/RobotMaster/hikvision_ros2_integration/install/hikvision_interface/lib:/home/daizhijun/RobotMaster/hikvision_ros2_integration/install/hikvision_ros2_driver/lib:/opt/ros/jazzy/lib:/opt/ros/jazzy/opt/rviz_ogre_vendor/lib:/opt/ros/jazzy/lib/x86_64-linux-gnu:/opt/ros/jazzy/opt/gz_math_vendor/lib:/opt/ros/jazzy/opt/gz_utils_vendor/lib:/opt/ros/jazzy/opt/gz_cmake_vendor/lib:/opt/ros/jazzy/lib PYTHONPATH=/home/daizhijun/RobotMaster/hikvision_ros2_integration/install/hikvision_interface/lib/python3.12/site-packages:/opt/ros/jazzy/lib/python3.12/site-packages:/opt/ros/jazzy/lib/python3.12/site-packages /usr/bin/cmake /home/daizhijun/RobotMaster/hikvision_ros2_integration/hikvision_ros2_driver -DCMAKE_BUILD_TYPE=RelWithDebInfo -DCMAKE_INSTALL_PREFIX=/home/daizhijun/RobotMaster/hikvision_ros2_integration/install/hikvision_ros2_driver
[0.683s] Invoking command in '/home/daizhijun/RobotMaster/hikvision_ros2_integration/build/hikvision_ros2_driver': CMAKE_PREFIX_PATH=/home/daizhijun/RobotMaster/hikvision_ros2_integration/install/hikvision_interface:/home/daizhijun/RobotMaster/hikvision_ros2_integration/install/hikvision_ros2_driver:/opt/ros/jazzy:/opt/ros/jazzy/opt/gz_math_vendor:/opt/ros/jazzy/opt/gz_utils_vendor:/opt/ros/jazzy/opt/gz_cmake_vendor:/opt/ros/jazzy LD_LIBRARY_PATH=/home/daizhijun/RobotMaster/hikvision_ros2_integration/install/hikvision_interface/lib:/home/daizhijun/RobotMaster/hikvision_ros2_integration/install/hikvision_ros2_driver/lib:/opt/ros/jazzy/lib:/opt/ros/jazzy/opt/rviz_ogre_vendor/lib:/opt/ros/jazzy/lib/x86_64-linux-gnu:/opt/ros/jazzy/opt/gz_math_vendor/lib:/opt/ros/jazzy/opt/gz_utils_vendor/lib:/opt/ros/jazzy/opt/gz_cmake_vendor/lib:/opt/ros/jazzy/lib PYTHONPATH=/home/daizhijun/RobotMaster/hikvision_ros2_integration/install/hikvision_interface/lib/python3.12/site-packages:/opt/ros/jazzy/lib/python3.12/site-packages:/opt/ros/jazzy/lib/python3.12/site-packages /usr/bin/cmake --build /home/daizhijun/RobotMaster/hikvision_ros2_integration/build/hikvision_ros2_driver -- -j16 -l16
[0.799s] [ 50%] Built target hikvision_ros2_driver_node
[0.808s] [ 75%] [32mBuilding CXX object CMakeFiles/hikvision_ros2_driver.dir/src/hikvision_ros2_driver.cpp.o[0m
[16.398s] [100%] [32m[1mLinking CXX shared library libhikvision_ros2_driver.so[0m
[16.700s] [100%] Built target hikvision_ros2_driver
[16.723s] Invoked command in '/home/daizhijun/RobotMaster/hikvision_ros2_integration/build/hikvision_ros2_driver' returned '0': CMAKE_PREFIX_PATH=/home/daizhijun/RobotMaster/hikvision_ros2_integration/install/hikvision_interface:/home/daizhijun/RobotMaster/hikvision_ros2_integration/install/hikvision_ros2_driver:/opt/ros/jazzy:/opt/ros/jazzy/opt/gz_math_vendor:/opt/ros/jazzy/opt/gz_utils_vendor:/opt/ros/jazzy/opt/gz_cmake_vendor:/opt/ros/jazzy LD_LIBRARY_PATH=/home/daizhijun/RobotMaster/hikvision_ros2_integration/install/hikvision_interface/lib:/home/daizhijun/RobotMaster/hikvision_ros2_integration/install/hikvision_ros2_driver/lib:/opt/ros/jazzy/lib:/opt/ros/jazzy/opt/rviz_ogre_vendor/lib:/opt/ros/jazzy/lib/x86_64-linux-gnu:/opt/ros/jazzy/opt/gz_math_vendor/lib:/opt/ros/jazzy/opt/gz_utils_vendor/lib:/opt/ros/jazzy/opt/gz_cmake_vendor/lib:/opt/ros/jazzy/lib PYTHONPATH=/home/daizhijun/RobotMaster/hikvision_ros2_integration/install/hikvision_interface/lib/python3.12/site-packages:/opt/ros/jazzy/lib/python3.12/site-packages:/opt/ros/jazzy/lib/python3.12/site-packages /usr/bin/cmake --build /home/daizhijun/RobotMaster/hikvision_ros2_integration/build/hikvision_ros2_driver -- -j16 -l16
[16.742s] Invoking command in '/home/daizhijun/RobotMaster/hikvision_ros2_integration/build/hikvision_ros2_driver': CMAKE_PREFIX_PATH=/home/daizhijun/RobotMaster/hikvision_ros2_integration/install/hikvision_interface:/home/daizhijun/RobotMaster/hikvision_ros2_integration/install/hikvision_ros2_driver:/opt/ros/jazzy:/opt/ros/jazzy/opt/gz_math_vendor:/opt/ros/jazzy/opt/gz_utils_vendor:/opt/ros/jazzy/opt/gz_cmake_vendor:/opt/ros/jazzy LD_LIBRARY_PATH=/home/daizhijun/RobotMaster/hikvision_ros2_integration/install/hikvision_interface/lib:/home/daizhijun/RobotMaster/hikvision_ros2_integration/install/hikvision_ros2_driver/lib:/opt/ros/jazzy/lib:/opt/ros/jazzy/opt/rviz_ogre_vendor/lib:/opt/ros/jazzy/lib/x86_64-linux-gnu:/opt/ros/jazzy/opt/gz_math_vendor/lib:/opt/ros/jazzy/opt/gz_utils_vendor/lib:/opt/ros/jazzy/opt/gz_cmake_vendor/lib:/opt/ros/jazzy/lib PYTHONPATH=/home/daizhijun/RobotMaster/hikvision_ros2_integration/install/hikvision_interface/lib/python3.12/site-packages:/opt/ros/jazzy/lib/python3.12/site-packages:/opt/ros/jazzy/lib/python3.12/site-packages /usr/bin/cmake --install /home/daizhijun/RobotMaster/hikvision_ros2_integration/build/hikvision_ros2_driver
[16.758s] -- Install configuration: "RelWithDebInfo"
[16.759s] -- Execute custom install script
[16.760s] -- Up-to-date symlink: /home/daizhijun/RobotMaster/hikvision_ros2_integration/install/hikvision_ros2_driver/lib/hikvision_ros2_driver/hikvision_ros2_driver_node
[16.760s] -- Up-to-date symlink: /home/daizhijun/RobotMaster/hikvision_ros2_integration/install/hikvision_ros2_driver/share/hikvision_ros2_driver//launch/camera_with_recognizer_and_rviz.launch.py
[16.761s] -- Up-to-date symlink: /home/daizhijun/RobotMaster/hikvision_ros2_integration/install/hikvision_ros2_driver/share/hikvision_ros2_driver//launch/camera_with_rviz.launch.py
[16.761s] -- Up-to-date symlink: /home/daizhijun/RobotMaster/hikvision_ros2_integration/install/hikvision_ros2_driver/share/hikvision_ros2_driver//launch/component.launch.yaml
[16.761s] -- Up-to-date symlink: /home/daizhijun/RobotMaster/hikvision_ros2_integration/install/hikvision_ros2_driver/share/hikvision_ros2_driver//launch/standalone.launch.yaml
[16.762s] -- Up-to-date symlink: /home/daizhijun/RobotMaster/hikvision_ros2_integration/install/hikvision_ros2_driver/include/hikvision_ros2_driver/hikvision_ros2_driver.hpp
[16.762s] -- Up-to-date symlink: /home/daizhijun/RobotMaster/hikvision_ros2_integration/install/hikvision_ros2_driver/share/hikvision_ros2_driver/environment/library_path.sh
[16.762s] -- Up-to-date symlink: /home/daizhijun/RobotMaster/hikvision_ros2_integration/install/hikvision_ros2_driver/share/hikvision_ros2_driver/environment/library_path.dsv
[16.763s] -- Up-to-date symlink: /home/daizhijun/RobotMaster/hikvision_ros2_integration/install/hikvision_ros2_driver/lib/libhikvision_ros2_driver.so
[16.763s] -- Up-to-date symlink: /home/daizhijun/RobotMaster/hikvision_ros2_integration/install/hikvision_ros2_driver/share/hikvision_ros2_driver/launch/camera_with_recognizer_and_rviz.launch.py
[16.763s] -- Up-to-date symlink: /home/daizhijun/RobotMaster/hikvision_ros2_integration/install/hikvision_ros2_driver/share/hikvision_ros2_driver/launch/camera_with_rviz.launch.py
[16.764s] -- Up-to-date symlink: /home/daizhijun/RobotMaster/hikvision_ros2_integration/install/hikvision_ros2_driver/share/hikvision_ros2_driver/launch/component.launch.yaml
[16.764s] -- Up-to-date symlink: /home/daizhijun/RobotMaster/hikvision_ros2_integration/install/hikvision_ros2_driver/share/hikvision_ros2_driver/launch/standalone.launch.yaml
[16.764s] -- Up-to-date symlink: /home/daizhijun/RobotMaster/hikvision_ros2_integration/install/hikvision_ros2_driver/share/ament_index/resource_index/package_run_dependencies/hikvision_ros2_driver
[16.764s] -- Up-to-date symlink: /home/daizhijun/RobotMaster/hikvision_ros2_integration/install/hikvision_ros2_driver/share/ament_index/resource_index/parent_prefix_path/hikvision_ros2_driver
[16.764s] -- Up-to-date symlink: /home/daizhijun/RobotMaster/hikvision_ros2_integration/install/hikvision_ros2_driver/share/hikvision_ros2_driver/environment/ament_prefix_path.sh
[16.765s] -- Up-to-date symlink: /home/daizhijun/RobotMaster/hikvision_ros2_integration/install/hikvision_ros2_driver/share/hikvision_ros2_driver/environment/ament_prefix_path.dsv
[16.765s] -- Up-to-date symlink: /home/daizhijun/RobotMaster/hikvision_ros2_integration/install/hikvision_ros2_driver/share/hikvision_ros2_driver/environment/path.sh
[16.765s] -- Up-to-date symlink: /home/daizhijun/RobotMaster/hikvision_ros2_integration/install/hikvision_ros2_driver/share/hikvision_ros2_driver/environment/path.dsv
[16.765s] -- Up-to-date symlink: /home/daizhijun/RobotMaster/hikvision_ros2_integration/install/hikvision_ros2_driver/share/hikvision_ros2_driver/local_setup.bash
[16.765s] -- Up-to-date symlink: /home/daizhijun/RobotMaster/hikvision_ros2_integration/install/hikvision_ros2_driver/share/hikvision_ros2_driver/local_setup.sh
[16.766s] -- Up-to-date symlink: /home/daizhijun/RobotMaster/hikvision_ros2_integration/install/hikvision_ros2_driver/share/hikvision_ros2_driver/local_setup.zsh
[16.766s] -- Up-to-date symlink: /home/daizhijun/RobotMaster/hikvision_ros2_integration/install/hikvision_ros2_driver/share/hikvision_ros2_driver/local_setup.dsv
[16.766s] -- Symlinking: /home/daizhijun/RobotMaster/hikvision_ros2_integration/install/hikvision_ros2_driver/share/hikvision_ros2_driver/package.dsv
[16.783s] -- Up-to-date symlink: /home/daizhijun/RobotMaster/hikvision_ros2_integration/install/hikvision_ros2_driver/share/ament_index/resource_index/packages/hikvision_ros2_driver
[16.784s] -- Up-to-date symlink: /home/daizhijun/RobotMaster/hikvision_ros2_integration/install/hikvision_ros2_driver/share/ament_index/resource_index/rclcpp_components/hikvision_ros2_driver
[16.784s] -- Up-to-date symlink: /home/daizhijun/RobotMaster/hikvision_ros2_integration/install/hikvision_ros2_driver/share/hikvision_ros2_driver/cmake/ament_cmake_export_dependencies-extras.cmake
[16.784s] -- Up-to-date symlink: /home/daizhijun/RobotMaster/hikvision_ros2_integration/install/hikvision_ros2_driver/share/hikvision_ros2_driver/cmake/ament_cmake_export_include_directories-extras.cmake
[16.785s] -- Up-to-date symlink: /home/daizhijun/RobotMaster/hikvision_ros2_integration/install/hikvision_ros2_driver/share/hikvision_ros2_driver/cmake/ament_cmake_export_libraries-extras.cmake
[16.785s] -- Up-to-date symlink: /home/daizhijun/RobotMaster/hikvision_ros2_integration/install/hikvision_ros2_driver/share/hikvision_ros2_driver/cmake/hikvision_ros2_driverConfig.cmake
[16.785s] -- Up-to-date symlink: /home/daizhijun/RobotMaster/hikvision_ros2_integration/install/hikvision_ros2_driver/share/hikvision_ros2_driver/cmake/hikvision_ros2_driverConfig-version.cmake
[16.785s] -- Up-to-date symlink: /home/daizhijun/RobotMaster/hikvision_ros2_integration/install/hikvision_ros2_driver/share/hikvision_ros2_driver/package.xml
[16.785s] -- Up-to-date symlink: /home/daizhijun/RobotMaster/hikvision_ros2_integration/install/hikvision_ros2_driver/lib/hikvision_ros2_driver/armor_recognizer_node.py
[16.790s] Invoked command in '/home/daizhijun/RobotMaster/hikvision_ros2_integration/build/hikvision_ros2_driver' returned '0': CMAKE_PREFIX_PATH=/home/daizhijun/RobotMaster/hikvision_ros2_integration/install/hikvision_interface:/home/daizhijun/RobotMaster/hikvision_ros2_integration/install/hikvision_ros2_driver:/opt/ros/jazzy:/opt/ros/jazzy/opt/gz_math_vendor:/opt/ros/jazzy/opt/gz_utils_vendor:/opt/ros/jazzy/opt/gz_cmake_vendor:/opt/ros/jazzy LD_LIBRARY_PATH=/home/daizhijun/RobotMaster/hikvision_ros2_integration/install/hikvision_interface/lib:/home/daizhijun/RobotMaster/hikvision_ros2_integration/install/hikvision_ros2_driver/lib:/opt/ros/jazzy/lib:/opt/ros/jazzy/opt/rviz_ogre_vendor/lib:/opt/ros/jazzy/lib/x86_64-linux-gnu:/opt/ros/jazzy/opt/gz_math_vendor/lib:/opt/ros/jazzy/opt/gz_utils_vendor/lib:/opt/ros/jazzy/opt/gz_cmake_vendor/lib:/opt/ros/jazzy/lib PYTHONPATH=/home/daizhijun/RobotMaster/hikvision_ros2_integration/install/hikvision_interface/lib/python3.12/site-packages:/opt/ros/jazzy/lib/python3.12/site-packages:/opt/ros/jazzy/lib/python3.12/site-packages /usr/bin/cmake --install /home/daizhijun/RobotMaster/hikvision_ros2_integration/build/hikvision_ros2_driver
