[0.073s] DEBUG:colcon:Command line arguments: ['/usr/bin/colcon', 'build', '--packages-select', 'hikvision_ros2_driver', '--cmake-args', '-DCMAKE_BUILD_TYPE=RelWithDebInfo', '-DCMAKE_EXPORT_COMPILE_COMMANDS=ON', '-Wno-dev', '--no-warn-unused-cli']
[0.073s] DEBUG:colcon:Parsed command line arguments: Namespace(log_base=None, log_level=None, verb_name='build', build_base='build', install_base='install', merge_install=False, symlink_install=False, test_result_base=None, continue_on_error=False, executor='parallel', parallel_workers=16, event_handlers=None, ignore_user_meta=False, metas=['./colcon.meta'], base_paths=['.'], packages_ignore=None, packages_ignore_regex=None, paths=None, packages_up_to=None, packages_up_to_regex=None, packages_above=None, packages_above_and_dependencies=None, packages_above_depth=None, packages_select_by_dep=None, packages_skip_by_dep=None, packages_skip_up_to=None, packages_select_build_failed=False, packages_skip_build_finished=False, packages_select_test_failures=False, packages_skip_test_passed=False, packages_select=['hikvision_ros2_driver'], packages_skip=None, packages_select_regex=None, packages_skip_regex=None, packages_start=None, packages_end=None, allow_overriding=[], cmake_args=['-DCMAKE_BUILD_TYPE=RelWithDebInfo', '-DCMAKE_EXPORT_COMPILE_COMMANDS=ON', '-Wno-dev', '--no-warn-unused-cli'], cmake_target=None, cmake_target_skip_unavailable=False, cmake_clean_cache=False, cmake_clean_first=False, cmake_force_configure=False, ament_cmake_args=None, catkin_cmake_args=None, catkin_skip_building_tests=False, verb_parser=<colcon_defaults.argument_parser.defaults.DefaultArgumentsDecorator object at 0x78ff3f879f10>, verb_extension=<colcon_core.verb.build.BuildVerb object at 0x78ff3f879e80>, main=<bound method BuildVerb.main of <colcon_core.verb.build.BuildVerb object at 0x78ff3f879e80>>)
[0.092s] Level 1:colcon.colcon_core.package_discovery:discover_packages(colcon_meta) check parameters
[0.092s] Level 1:colcon.colcon_core.package_discovery:discover_packages(recursive) check parameters
[0.092s] Level 1:colcon.colcon_core.package_discovery:discover_packages(ignore) check parameters
[0.092s] Level 1:colcon.colcon_core.package_discovery:discover_packages(path) check parameters
[0.092s] Level 1:colcon.colcon_core.package_discovery:discover_packages(colcon_meta) discover
[0.092s] Level 1:colcon.colcon_core.package_discovery:discover_packages(recursive) discover
[0.092s] INFO:colcon.colcon_core.package_discovery:Crawling recursively for packages in '/home/daizhijun/RobotMaster/hikvision_ros2_integration'
[0.092s] Level 1:colcon.colcon_core.package_identification:_identify(.) by extensions ['ignore', 'ignore_ament_install']
[0.093s] Level 1:colcon.colcon_core.package_identification:_identify(.) by extension 'ignore'
[0.093s] Level 1:colcon.colcon_core.package_identification:_identify(.) by extension 'ignore_ament_install'
[0.093s] Level 1:colcon.colcon_core.package_identification:_identify(.) by extensions ['colcon_pkg']
[0.093s] Level 1:colcon.colcon_core.package_identification:_identify(.) by extension 'colcon_pkg'
[0.093s] Level 1:colcon.colcon_core.package_identification:_identify(.) by extensions ['colcon_meta']
[0.093s] Level 1:colcon.colcon_core.package_identification:_identify(.) by extension 'colcon_meta'
[0.093s] Level 1:colcon.colcon_core.package_identification:_identify(.) by extensions ['ros']
[0.093s] Level 1:colcon.colcon_core.package_identification:_identify(.) by extension 'ros'
[0.106s] Level 1:colcon.colcon_core.package_identification:_identify(.) by extensions ['cmake', 'python']
[0.106s] Level 1:colcon.colcon_core.package_identification:_identify(.) by extension 'cmake'
[0.106s] Level 1:colcon.colcon_core.package_identification:_identify(.) by extension 'python'
[0.106s] Level 1:colcon.colcon_core.package_identification:_identify(.) by extensions ['python_setup_py']
[0.106s] Level 1:colcon.colcon_core.package_identification:_identify(.) by extension 'python_setup_py'
[0.106s] Level 1:colcon.colcon_core.package_identification:_identify(build) by extensions ['ignore', 'ignore_ament_install']
[0.106s] Level 1:colcon.colcon_core.package_identification:_identify(build) by extension 'ignore'
[0.106s] Level 1:colcon.colcon_core.package_identification:_identify(build) ignored
[0.106s] Level 1:colcon.colcon_core.package_identification:_identify(hikvision_interface) by extensions ['ignore', 'ignore_ament_install']
[0.106s] Level 1:colcon.colcon_core.package_identification:_identify(hikvision_interface) by extension 'ignore'
[0.106s] Level 1:colcon.colcon_core.package_identification:_identify(hikvision_interface) by extension 'ignore_ament_install'
[0.106s] Level 1:colcon.colcon_core.package_identification:_identify(hikvision_interface) by extensions ['colcon_pkg']
[0.106s] Level 1:colcon.colcon_core.package_identification:_identify(hikvision_interface) by extension 'colcon_pkg'
[0.106s] Level 1:colcon.colcon_core.package_identification:_identify(hikvision_interface) by extensions ['colcon_meta']
[0.106s] Level 1:colcon.colcon_core.package_identification:_identify(hikvision_interface) by extension 'colcon_meta'
[0.106s] Level 1:colcon.colcon_core.package_identification:_identify(hikvision_interface) by extensions ['ros']
[0.106s] Level 1:colcon.colcon_core.package_identification:_identify(hikvision_interface) by extension 'ros'
[0.108s] DEBUG:colcon.colcon_core.package_identification:Package 'hikvision_interface' with type 'ros.ament_cmake' and name 'hikvision_interface'
[0.108s] Level 1:colcon.colcon_core.package_identification:_identify(hikvision_ros2_driver) by extensions ['ignore', 'ignore_ament_install']
[0.108s] Level 1:colcon.colcon_core.package_identification:_identify(hikvision_ros2_driver) by extension 'ignore'
[0.108s] Level 1:colcon.colcon_core.package_identification:_identify(hikvision_ros2_driver) by extension 'ignore_ament_install'
[0.108s] Level 1:colcon.colcon_core.package_identification:_identify(hikvision_ros2_driver) by extensions ['colcon_pkg']
[0.108s] Level 1:colcon.colcon_core.package_identification:_identify(hikvision_ros2_driver) by extension 'colcon_pkg'
[0.108s] Level 1:colcon.colcon_core.package_identification:_identify(hikvision_ros2_driver) by extensions ['colcon_meta']
[0.108s] Level 1:colcon.colcon_core.package_identification:_identify(hikvision_ros2_driver) by extension 'colcon_meta'
[0.108s] Level 1:colcon.colcon_core.package_identification:_identify(hikvision_ros2_driver) by extensions ['ros']
[0.108s] Level 1:colcon.colcon_core.package_identification:_identify(hikvision_ros2_driver) by extension 'ros'
[0.108s] DEBUG:colcon.colcon_core.package_identification:Package 'hikvision_ros2_driver' with type 'ros.ament_cmake' and name 'hikvision_ros2_driver'
[0.108s] Level 1:colcon.colcon_core.package_identification:_identify(install) by extensions ['ignore', 'ignore_ament_install']
[0.108s] Level 1:colcon.colcon_core.package_identification:_identify(install) by extension 'ignore'
[0.108s] Level 1:colcon.colcon_core.package_identification:_identify(install) ignored
[0.108s] Level 1:colcon.colcon_core.package_identification:_identify(log) by extensions ['ignore', 'ignore_ament_install']
[0.108s] Level 1:colcon.colcon_core.package_identification:_identify(log) by extension 'ignore'
[0.108s] Level 1:colcon.colcon_core.package_identification:_identify(log) ignored
[0.108s] Level 1:colcon.colcon_core.package_discovery:discover_packages(recursive) using defaults
[0.108s] Level 1:colcon.colcon_core.package_discovery:discover_packages(ignore) discover
[0.108s] Level 1:colcon.colcon_core.package_discovery:discover_packages(ignore) using defaults
[0.108s] Level 1:colcon.colcon_core.package_discovery:discover_packages(path) discover
[0.108s] Level 1:colcon.colcon_core.package_discovery:discover_packages(path) using defaults
[0.118s] INFO:colcon.colcon_core.package_selection:Skipping not selected package 'hikvision_interface' in 'hikvision_interface'
[0.119s] Level 1:colcon.colcon_core.package_discovery:discover_packages(prefix_path) check parameters
[0.119s] Level 1:colcon.colcon_core.package_discovery:discover_packages(prefix_path) discover
[0.119s] DEBUG:colcon.colcon_installed_package_information.package_discovery:Found 2 installed packages in /home/daizhijun/RobotMaster/hikvision_ros2_integration/install
[0.120s] DEBUG:colcon.colcon_installed_package_information.package_discovery:Found 291 installed packages in /opt/ros/jazzy
[0.120s] Level 1:colcon.colcon_core.package_discovery:discover_packages(prefix_path) using defaults
[0.137s] Level 5:colcon.colcon_core.verb:set package 'hikvision_ros2_driver' build argument 'cmake_args' from command line to '['-DCMAKE_BUILD_TYPE=RelWithDebInfo', '-DCMAKE_EXPORT_COMPILE_COMMANDS=ON', '-Wno-dev', '--no-warn-unused-cli']'
[0.137s] Level 5:colcon.colcon_core.verb:set package 'hikvision_ros2_driver' build argument 'cmake_target' from command line to 'None'
[0.137s] Level 5:colcon.colcon_core.verb:set package 'hikvision_ros2_driver' build argument 'cmake_target_skip_unavailable' from command line to 'False'
[0.137s] Level 5:colcon.colcon_core.verb:set package 'hikvision_ros2_driver' build argument 'cmake_clean_cache' from command line to 'False'
[0.137s] Level 5:colcon.colcon_core.verb:set package 'hikvision_ros2_driver' build argument 'cmake_clean_first' from command line to 'False'
[0.137s] Level 5:colcon.colcon_core.verb:set package 'hikvision_ros2_driver' build argument 'cmake_force_configure' from command line to 'False'
[0.137s] Level 5:colcon.colcon_core.verb:set package 'hikvision_ros2_driver' build argument 'ament_cmake_args' from command line to 'None'
[0.137s] Level 5:colcon.colcon_core.verb:set package 'hikvision_ros2_driver' build argument 'catkin_cmake_args' from command line to 'None'
[0.137s] Level 5:colcon.colcon_core.verb:set package 'hikvision_ros2_driver' build argument 'catkin_skip_building_tests' from command line to 'False'
[0.137s] DEBUG:colcon.colcon_core.verb:Building package 'hikvision_ros2_driver' with the following arguments: {'ament_cmake_args': None, 'build_base': '/home/daizhijun/RobotMaster/hikvision_ros2_integration/build/hikvision_ros2_driver', 'catkin_cmake_args': None, 'catkin_skip_building_tests': False, 'cmake_args': ['-DCMAKE_BUILD_TYPE=RelWithDebInfo', '-DCMAKE_EXPORT_COMPILE_COMMANDS=ON', '-Wno-dev', '--no-warn-unused-cli'], 'cmake_clean_cache': False, 'cmake_clean_first': False, 'cmake_force_configure': False, 'cmake_target': None, 'cmake_target_skip_unavailable': False, 'install_base': '/home/daizhijun/RobotMaster/hikvision_ros2_integration/install/hikvision_ros2_driver', 'merge_install': False, 'path': '/home/daizhijun/RobotMaster/hikvision_ros2_integration/hikvision_ros2_driver', 'symlink_install': False, 'test_result_base': None}
[0.137s] INFO:colcon.colcon_core.executor:Executing jobs using 'parallel' executor
[0.139s] DEBUG:colcon.colcon_parallel_executor.executor.parallel:run_until_complete
[0.140s] INFO:colcon.colcon_ros.task.ament_cmake.build:Building ROS package in '/home/daizhijun/RobotMaster/hikvision_ros2_integration/hikvision_ros2_driver' with build type 'ament_cmake'
[0.140s] INFO:colcon.colcon_cmake.task.cmake.build:Building CMake package in '/home/daizhijun/RobotMaster/hikvision_ros2_integration/hikvision_ros2_driver'
[0.142s] INFO:colcon.colcon_core.plugin_system:Skipping extension 'colcon_core.shell.bat': Not used on non-Windows systems
[0.142s] INFO:colcon.colcon_core.shell:Skip shell extension 'powershell' for command environment: Not usable outside of PowerShell
[0.142s] DEBUG:colcon.colcon_core.shell:Skip shell extension 'dsv' for command environment
[0.160s] DEBUG:colcon.colcon_core.event_handler.log_command:Invoking command in '/home/daizhijun/RobotMaster/hikvision_ros2_integration/build/hikvision_ros2_driver': CMAKE_PREFIX_PATH=/home/daizhijun/RobotMaster/hikvision_ros2_integration/install/hikvision_interface:/home/daizhijun/RobotMaster/hikvision_ros2_integration/install/hikvision_ros2_driver:/opt/ros/jazzy:/opt/ros/jazzy/opt/gz_math_vendor:/opt/ros/jazzy/opt/gz_utils_vendor:/opt/ros/jazzy/opt/gz_cmake_vendor:/opt/ros/jazzy DEBUGINFOD_URLS=https://debuginfod.ubuntu.com LD_LIBRARY_PATH=/home/daizhijun/RobotMaster/hikvision_ros2_integration/install/hikvision_interface/lib:/opt/MVS/lib/64:/opt/MVS/lib/32:/opt/MVS/lib/64:/opt/MVS/lib/32:/home/daizhijun/RobotMaster/hikvision_ros2_integration/install/hikvision_ros2_driver/lib:/opt/ros/jazzy/lib:/opt/ros/jazzy/opt/rviz_ogre_vendor/lib:/opt/ros/jazzy/lib/x86_64-linux-gnu:/opt/ros/jazzy/opt/gz_math_vendor/lib:/opt/ros/jazzy/opt/gz_utils_vendor/lib:/opt/ros/jazzy/opt/gz_cmake_vendor/lib:/opt/ros/jazzy/lib PYTHONPATH=/home/daizhijun/RobotMaster/hikvision_ros2_integration/install/hikvision_interface/lib/python3.12/site-packages:/opt/ros/jazzy/lib/python3.12/site-packages:/opt/ros/jazzy/lib/python3.12/site-packages /usr/bin/cmake --build /home/daizhijun/RobotMaster/hikvision_ros2_integration/build/hikvision_ros2_driver -- -j16 -l16
[16.073s] DEBUG:colcon.colcon_core.event_handler.log_command:Invoked command in '/home/daizhijun/RobotMaster/hikvision_ros2_integration/build/hikvision_ros2_driver' returned '0': CMAKE_PREFIX_PATH=/home/daizhijun/RobotMaster/hikvision_ros2_integration/install/hikvision_interface:/home/daizhijun/RobotMaster/hikvision_ros2_integration/install/hikvision_ros2_driver:/opt/ros/jazzy:/opt/ros/jazzy/opt/gz_math_vendor:/opt/ros/jazzy/opt/gz_utils_vendor:/opt/ros/jazzy/opt/gz_cmake_vendor:/opt/ros/jazzy DEBUGINFOD_URLS=https://debuginfod.ubuntu.com LD_LIBRARY_PATH=/home/daizhijun/RobotMaster/hikvision_ros2_integration/install/hikvision_interface/lib:/opt/MVS/lib/64:/opt/MVS/lib/32:/opt/MVS/lib/64:/opt/MVS/lib/32:/home/daizhijun/RobotMaster/hikvision_ros2_integration/install/hikvision_ros2_driver/lib:/opt/ros/jazzy/lib:/opt/ros/jazzy/opt/rviz_ogre_vendor/lib:/opt/ros/jazzy/lib/x86_64-linux-gnu:/opt/ros/jazzy/opt/gz_math_vendor/lib:/opt/ros/jazzy/opt/gz_utils_vendor/lib:/opt/ros/jazzy/opt/gz_cmake_vendor/lib:/opt/ros/jazzy/lib PYTHONPATH=/home/daizhijun/RobotMaster/hikvision_ros2_integration/install/hikvision_interface/lib/python3.12/site-packages:/opt/ros/jazzy/lib/python3.12/site-packages:/opt/ros/jazzy/lib/python3.12/site-packages /usr/bin/cmake --build /home/daizhijun/RobotMaster/hikvision_ros2_integration/build/hikvision_ros2_driver -- -j16 -l16
[16.093s] DEBUG:colcon.colcon_core.event_handler.log_command:Invoking command in '/home/daizhijun/RobotMaster/hikvision_ros2_integration/build/hikvision_ros2_driver': CMAKE_PREFIX_PATH=/home/daizhijun/RobotMaster/hikvision_ros2_integration/install/hikvision_interface:/home/daizhijun/RobotMaster/hikvision_ros2_integration/install/hikvision_ros2_driver:/opt/ros/jazzy:/opt/ros/jazzy/opt/gz_math_vendor:/opt/ros/jazzy/opt/gz_utils_vendor:/opt/ros/jazzy/opt/gz_cmake_vendor:/opt/ros/jazzy DEBUGINFOD_URLS=https://debuginfod.ubuntu.com LD_LIBRARY_PATH=/home/daizhijun/RobotMaster/hikvision_ros2_integration/install/hikvision_interface/lib:/opt/MVS/lib/64:/opt/MVS/lib/32:/opt/MVS/lib/64:/opt/MVS/lib/32:/home/daizhijun/RobotMaster/hikvision_ros2_integration/install/hikvision_ros2_driver/lib:/opt/ros/jazzy/lib:/opt/ros/jazzy/opt/rviz_ogre_vendor/lib:/opt/ros/jazzy/lib/x86_64-linux-gnu:/opt/ros/jazzy/opt/gz_math_vendor/lib:/opt/ros/jazzy/opt/gz_utils_vendor/lib:/opt/ros/jazzy/opt/gz_cmake_vendor/lib:/opt/ros/jazzy/lib PYTHONPATH=/home/daizhijun/RobotMaster/hikvision_ros2_integration/install/hikvision_interface/lib/python3.12/site-packages:/opt/ros/jazzy/lib/python3.12/site-packages:/opt/ros/jazzy/lib/python3.12/site-packages /usr/bin/cmake --install /home/daizhijun/RobotMaster/hikvision_ros2_integration/build/hikvision_ros2_driver
[16.158s] Level 1:colcon.colcon_core.environment:create_environment_scripts_only(hikvision_ros2_driver)
[16.159s] DEBUG:colcon.colcon_core.event_handler.log_command:Invoked command in '/home/daizhijun/RobotMaster/hikvision_ros2_integration/build/hikvision_ros2_driver' returned '0': CMAKE_PREFIX_PATH=/home/daizhijun/RobotMaster/hikvision_ros2_integration/install/hikvision_interface:/home/daizhijun/RobotMaster/hikvision_ros2_integration/install/hikvision_ros2_driver:/opt/ros/jazzy:/opt/ros/jazzy/opt/gz_math_vendor:/opt/ros/jazzy/opt/gz_utils_vendor:/opt/ros/jazzy/opt/gz_cmake_vendor:/opt/ros/jazzy DEBUGINFOD_URLS=https://debuginfod.ubuntu.com LD_LIBRARY_PATH=/home/daizhijun/RobotMaster/hikvision_ros2_integration/install/hikvision_interface/lib:/opt/MVS/lib/64:/opt/MVS/lib/32:/opt/MVS/lib/64:/opt/MVS/lib/32:/home/daizhijun/RobotMaster/hikvision_ros2_integration/install/hikvision_ros2_driver/lib:/opt/ros/jazzy/lib:/opt/ros/jazzy/opt/rviz_ogre_vendor/lib:/opt/ros/jazzy/lib/x86_64-linux-gnu:/opt/ros/jazzy/opt/gz_math_vendor/lib:/opt/ros/jazzy/opt/gz_utils_vendor/lib:/opt/ros/jazzy/opt/gz_cmake_vendor/lib:/opt/ros/jazzy/lib PYTHONPATH=/home/daizhijun/RobotMaster/hikvision_ros2_integration/install/hikvision_interface/lib/python3.12/site-packages:/opt/ros/jazzy/lib/python3.12/site-packages:/opt/ros/jazzy/lib/python3.12/site-packages /usr/bin/cmake --install /home/daizhijun/RobotMaster/hikvision_ros2_integration/build/hikvision_ros2_driver
[16.162s] Level 1:colcon.colcon_core.environment:checking '/home/daizhijun/RobotMaster/hikvision_ros2_integration/install/hikvision_ros2_driver' for CMake module files
[16.162s] Level 1:colcon.colcon_core.environment:checking '/home/daizhijun/RobotMaster/hikvision_ros2_integration/install/hikvision_ros2_driver' for CMake config files
[16.163s] Level 1:colcon.colcon_core.shell:create_environment_hook('hikvision_ros2_driver', 'cmake_prefix_path')
[16.163s] INFO:colcon.colcon_core.shell:Creating environment hook '/home/daizhijun/RobotMaster/hikvision_ros2_integration/install/hikvision_ros2_driver/share/hikvision_ros2_driver/hook/cmake_prefix_path.ps1'
[16.164s] INFO:colcon.colcon_core.shell:Creating environment descriptor '/home/daizhijun/RobotMaster/hikvision_ros2_integration/install/hikvision_ros2_driver/share/hikvision_ros2_driver/hook/cmake_prefix_path.dsv'
[16.164s] INFO:colcon.colcon_core.shell:Creating environment hook '/home/daizhijun/RobotMaster/hikvision_ros2_integration/install/hikvision_ros2_driver/share/hikvision_ros2_driver/hook/cmake_prefix_path.sh'
[16.165s] Level 1:colcon.colcon_core.environment:checking '/home/daizhijun/RobotMaster/hikvision_ros2_integration/install/hikvision_ros2_driver/lib'
[16.166s] Level 1:colcon.colcon_core.shell:create_environment_hook('hikvision_ros2_driver', 'ld_library_path_lib')
[16.166s] INFO:colcon.colcon_core.shell:Creating environment hook '/home/daizhijun/RobotMaster/hikvision_ros2_integration/install/hikvision_ros2_driver/share/hikvision_ros2_driver/hook/ld_library_path_lib.ps1'
[16.166s] INFO:colcon.colcon_core.shell:Creating environment descriptor '/home/daizhijun/RobotMaster/hikvision_ros2_integration/install/hikvision_ros2_driver/share/hikvision_ros2_driver/hook/ld_library_path_lib.dsv'
[16.167s] INFO:colcon.colcon_core.shell:Creating environment hook '/home/daizhijun/RobotMaster/hikvision_ros2_integration/install/hikvision_ros2_driver/share/hikvision_ros2_driver/hook/ld_library_path_lib.sh'
[16.167s] Level 1:colcon.colcon_core.environment:checking '/home/daizhijun/RobotMaster/hikvision_ros2_integration/install/hikvision_ros2_driver/bin'
[16.167s] Level 1:colcon.colcon_core.environment:checking '/home/daizhijun/RobotMaster/hikvision_ros2_integration/install/hikvision_ros2_driver/lib/pkgconfig/hikvision_ros2_driver.pc'
[16.168s] Level 1:colcon.colcon_core.environment:checking '/home/daizhijun/RobotMaster/hikvision_ros2_integration/install/hikvision_ros2_driver/lib/python3.12/site-packages'
[16.168s] Level 1:colcon.colcon_core.environment:checking '/home/daizhijun/RobotMaster/hikvision_ros2_integration/install/hikvision_ros2_driver/bin'
[16.168s] INFO:colcon.colcon_core.shell:Creating package script '/home/daizhijun/RobotMaster/hikvision_ros2_integration/install/hikvision_ros2_driver/share/hikvision_ros2_driver/package.ps1'
[16.169s] INFO:colcon.colcon_core.shell:Creating package descriptor '/home/daizhijun/RobotMaster/hikvision_ros2_integration/install/hikvision_ros2_driver/share/hikvision_ros2_driver/package.dsv'
[16.170s] INFO:colcon.colcon_core.shell:Creating package script '/home/daizhijun/RobotMaster/hikvision_ros2_integration/install/hikvision_ros2_driver/share/hikvision_ros2_driver/package.sh'
[16.171s] INFO:colcon.colcon_core.shell:Creating package script '/home/daizhijun/RobotMaster/hikvision_ros2_integration/install/hikvision_ros2_driver/share/hikvision_ros2_driver/package.bash'
[16.171s] INFO:colcon.colcon_core.shell:Creating package script '/home/daizhijun/RobotMaster/hikvision_ros2_integration/install/hikvision_ros2_driver/share/hikvision_ros2_driver/package.zsh'
[16.172s] Level 1:colcon.colcon_core.environment:create_file_with_runtime_dependencies(/home/daizhijun/RobotMaster/hikvision_ros2_integration/install/hikvision_ros2_driver/share/colcon-core/packages/hikvision_ros2_driver)
[16.173s] Level 1:colcon.colcon_core.environment:create_environment_scripts_only(hikvision_ros2_driver)
[16.173s] Level 1:colcon.colcon_core.environment:checking '/home/daizhijun/RobotMaster/hikvision_ros2_integration/install/hikvision_ros2_driver' for CMake module files
[16.173s] Level 1:colcon.colcon_core.environment:checking '/home/daizhijun/RobotMaster/hikvision_ros2_integration/install/hikvision_ros2_driver' for CMake config files
[16.174s] Level 1:colcon.colcon_core.shell:create_environment_hook('hikvision_ros2_driver', 'cmake_prefix_path')
[16.174s] INFO:colcon.colcon_core.shell:Creating environment hook '/home/daizhijun/RobotMaster/hikvision_ros2_integration/install/hikvision_ros2_driver/share/hikvision_ros2_driver/hook/cmake_prefix_path.ps1'
[16.174s] INFO:colcon.colcon_core.shell:Creating environment descriptor '/home/daizhijun/RobotMaster/hikvision_ros2_integration/install/hikvision_ros2_driver/share/hikvision_ros2_driver/hook/cmake_prefix_path.dsv'
[16.174s] INFO:colcon.colcon_core.shell:Creating environment hook '/home/daizhijun/RobotMaster/hikvision_ros2_integration/install/hikvision_ros2_driver/share/hikvision_ros2_driver/hook/cmake_prefix_path.sh'
[16.175s] Level 1:colcon.colcon_core.environment:checking '/home/daizhijun/RobotMaster/hikvision_ros2_integration/install/hikvision_ros2_driver/lib'
[16.175s] Level 1:colcon.colcon_core.shell:create_environment_hook('hikvision_ros2_driver', 'ld_library_path_lib')
[16.175s] INFO:colcon.colcon_core.shell:Creating environment hook '/home/daizhijun/RobotMaster/hikvision_ros2_integration/install/hikvision_ros2_driver/share/hikvision_ros2_driver/hook/ld_library_path_lib.ps1'
[16.176s] INFO:colcon.colcon_core.shell:Creating environment descriptor '/home/daizhijun/RobotMaster/hikvision_ros2_integration/install/hikvision_ros2_driver/share/hikvision_ros2_driver/hook/ld_library_path_lib.dsv'
[16.176s] INFO:colcon.colcon_core.shell:Creating environment hook '/home/daizhijun/RobotMaster/hikvision_ros2_integration/install/hikvision_ros2_driver/share/hikvision_ros2_driver/hook/ld_library_path_lib.sh'
[16.176s] Level 1:colcon.colcon_core.environment:checking '/home/daizhijun/RobotMaster/hikvision_ros2_integration/install/hikvision_ros2_driver/bin'
[16.176s] Level 1:colcon.colcon_core.environment:checking '/home/daizhijun/RobotMaster/hikvision_ros2_integration/install/hikvision_ros2_driver/lib/pkgconfig/hikvision_ros2_driver.pc'
[16.176s] Level 1:colcon.colcon_core.environment:checking '/home/daizhijun/RobotMaster/hikvision_ros2_integration/install/hikvision_ros2_driver/lib/python3.12/site-packages'
[16.177s] Level 1:colcon.colcon_core.environment:checking '/home/daizhijun/RobotMaster/hikvision_ros2_integration/install/hikvision_ros2_driver/bin'
[16.177s] INFO:colcon.colcon_core.shell:Creating package script '/home/daizhijun/RobotMaster/hikvision_ros2_integration/install/hikvision_ros2_driver/share/hikvision_ros2_driver/package.ps1'
[16.177s] INFO:colcon.colcon_core.shell:Creating package descriptor '/home/daizhijun/RobotMaster/hikvision_ros2_integration/install/hikvision_ros2_driver/share/hikvision_ros2_driver/package.dsv'
[16.178s] INFO:colcon.colcon_core.shell:Creating package script '/home/daizhijun/RobotMaster/hikvision_ros2_integration/install/hikvision_ros2_driver/share/hikvision_ros2_driver/package.sh'
[16.178s] INFO:colcon.colcon_core.shell:Creating package script '/home/daizhijun/RobotMaster/hikvision_ros2_integration/install/hikvision_ros2_driver/share/hikvision_ros2_driver/package.bash'
[16.178s] INFO:colcon.colcon_core.shell:Creating package script '/home/daizhijun/RobotMaster/hikvision_ros2_integration/install/hikvision_ros2_driver/share/hikvision_ros2_driver/package.zsh'
[16.178s] Level 1:colcon.colcon_core.environment:create_file_with_runtime_dependencies(/home/daizhijun/RobotMaster/hikvision_ros2_integration/install/hikvision_ros2_driver/share/colcon-core/packages/hikvision_ros2_driver)
[16.178s] DEBUG:colcon.colcon_parallel_executor.executor.parallel:closing loop
[16.179s] DEBUG:colcon.colcon_parallel_executor.executor.parallel:loop closed
[16.179s] DEBUG:colcon.colcon_parallel_executor.executor.parallel:run_until_complete finished with '0'
[16.179s] DEBUG:colcon.colcon_core.event_reactor:joining thread
[16.192s] INFO:colcon.colcon_core.plugin_system:Skipping extension 'colcon_notification.desktop_notification.terminal_notifier': Not used on non-Darwin systems
[16.192s] INFO:colcon.colcon_core.plugin_system:Skipping extension 'colcon_notification.desktop_notification.win32': Not used on non-Windows systems
[16.192s] INFO:colcon.colcon_notification.desktop_notification:Sending desktop notification using 'notify2'
[16.223s] DEBUG:colcon.colcon_core.event_reactor:joined thread
[16.224s] INFO:colcon.colcon_core.shell:Creating prefix script '/home/daizhijun/RobotMaster/hikvision_ros2_integration/install/local_setup.ps1'
[16.225s] INFO:colcon.colcon_core.shell:Creating prefix util module '/home/daizhijun/RobotMaster/hikvision_ros2_integration/install/_local_setup_util_ps1.py'
[16.226s] INFO:colcon.colcon_core.shell:Creating prefix chain script '/home/daizhijun/RobotMaster/hikvision_ros2_integration/install/setup.ps1'
[16.227s] INFO:colcon.colcon_core.shell:Creating prefix script '/home/daizhijun/RobotMaster/hikvision_ros2_integration/install/local_setup.sh'
[16.228s] INFO:colcon.colcon_core.shell:Creating prefix util module '/home/daizhijun/RobotMaster/hikvision_ros2_integration/install/_local_setup_util_sh.py'
[16.229s] INFO:colcon.colcon_core.shell:Creating prefix chain script '/home/daizhijun/RobotMaster/hikvision_ros2_integration/install/setup.sh'
[16.230s] INFO:colcon.colcon_core.shell:Creating prefix script '/home/daizhijun/RobotMaster/hikvision_ros2_integration/install/local_setup.bash'
[16.230s] INFO:colcon.colcon_core.shell:Creating prefix chain script '/home/daizhijun/RobotMaster/hikvision_ros2_integration/install/setup.bash'
[16.231s] INFO:colcon.colcon_core.shell:Creating prefix script '/home/daizhijun/RobotMaster/hikvision_ros2_integration/install/local_setup.zsh'
[16.232s] INFO:colcon.colcon_core.shell:Creating prefix chain script '/home/daizhijun/RobotMaster/hikvision_ros2_integration/install/setup.zsh'
