[0.010s] Invoking command in '/home/daizhijun/RobotMaster/hikvision_ros2_integration/build/hikvision_ros2_driver': CMAKE_PREFIX_PATH=/home/daizhijun/RobotMaster/hikvision_ros2_integration/install/hikvision_interface:/home/daizhijun/RobotMaster/hikvision_ros2_integration/install/hikvision_ros2_driver:/opt/ros/jazzy:/opt/ros/jazzy/opt/gz_math_vendor:/opt/ros/jazzy/opt/gz_utils_vendor:/opt/ros/jazzy/opt/gz_cmake_vendor:/opt/ros/jazzy LD_LIBRARY_PATH=/home/daizhijun/RobotMaster/hikvision_ros2_integration/install/hikvision_interface/lib:/home/daizhijun/RobotMaster/hikvision_ros2_integration/install/hikvision_ros2_driver/lib:/opt/ros/jazzy/lib:/opt/ros/jazzy/opt/rviz_ogre_vendor/lib:/opt/ros/jazzy/lib/x86_64-linux-gnu:/opt/ros/jazzy/opt/gz_math_vendor/lib:/opt/ros/jazzy/opt/gz_utils_vendor/lib:/opt/ros/jazzy/opt/gz_cmake_vendor/lib:/opt/ros/jazzy/lib PYTHONPATH=/home/daizhijun/RobotMaster/hikvision_ros2_integration/install/hikvision_interface/lib/python3.12/site-packages:/opt/ros/jazzy/lib/python3.12/site-packages:/opt/ros/jazzy/lib/python3.12/site-packages /usr/bin/cmake /home/daizhijun/RobotMaster/hikvision_ros2_integration/hikvision_ros2_driver -DCMAKE_INSTALL_PREFIX=/home/daizhijun/RobotMaster/hikvision_ros2_integration/install/hikvision_ros2_driver
[0.019s] -- Found ament_cmake_auto: 2.5.4 (/opt/ros/jazzy/share/ament_cmake_auto/cmake)
[0.148s] -- Override CMake install command with custom implementation using symlinks instead of copying resources
[0.218s] -- Found rosidl_generator_c: 4.6.6 (/opt/ros/jazzy/share/rosidl_generator_c/cmake)
[0.223s] -- Found rosidl_generator_cpp: 4.6.6 (/opt/ros/jazzy/share/rosidl_generator_cpp/cmake)
[0.229s] -- Using all available rosidl_typesupport_c: rosidl_typesupport_fastrtps_c;rosidl_typesupport_introspection_c
[0.237s] -- Using all available rosidl_typesupport_cpp: rosidl_typesupport_fastrtps_cpp;rosidl_typesupport_introspection_cpp
[0.272s] -- Found rmw_implementation_cmake: 7.3.2 (/opt/ros/jazzy/share/rmw_implementation_cmake/cmake)
[0.272s] -- Found rmw_fastrtps_cpp: 8.4.3 (/opt/ros/jazzy/share/rmw_fastrtps_cpp/cmake)
[0.304s] -- Using RMW implementation 'rmw_fastrtps_cpp' as default
[0.407s] -- Found ament_lint_auto: 0.17.3 (/opt/ros/jazzy/share/ament_lint_auto/cmake)
[0.409s] [0mIn this package, headers install destination is set to `include` by ament_auto_package. It is recommended to install `include/hikvision_ros2_driver` instead and will be the default behavior of ament_auto_package from ROS 2 Kilted Kaiju. On distributions before Kilted, ament_auto_package behaves the same way when you use USE_SCOPED_HEADER_INSTALL_DIR option.[0m
[0.412s] -- Added test 'cppcheck' to perform static code analysis on C / C++ code
[0.412s] -- Configured cppcheck include dirs: /home/daizhijun/RobotMaster/hikvision_ros2_integration/hikvision_ros2_driver/include
[0.412s] -- Configured cppcheck exclude dirs and/or files: 
[0.412s] -- Added test 'flake8' to check Python code syntax and style conventions
[0.412s] -- Configured 'flake8' exclude dirs and/or files: 
[0.412s] -- Added test 'lint_cmake' to check CMake code style
[0.412s] -- Added test 'pep257' to check Python code against some of the docstring style conventions in PEP 257
[0.413s] -- Added test 'uncrustify' to check C / C++ code style
[0.413s] -- Configured uncrustify additional arguments: 
[0.413s] -- Added test 'xmllint' to check XML markup files
[0.414s] -- Configuring done (0.4s)
[0.425s] -- Generating done (0.0s)
[0.427s] -- Build files have been written to: /home/daizhijun/RobotMaster/hikvision_ros2_integration/build/hikvision_ros2_driver
[0.433s] Invoked command in '/home/daizhijun/RobotMaster/hikvision_ros2_integration/build/hikvision_ros2_driver' returned '0': CMAKE_PREFIX_PATH=/home/daizhijun/RobotMaster/hikvision_ros2_integration/install/hikvision_interface:/home/daizhijun/RobotMaster/hikvision_ros2_integration/install/hikvision_ros2_driver:/opt/ros/jazzy:/opt/ros/jazzy/opt/gz_math_vendor:/opt/ros/jazzy/opt/gz_utils_vendor:/opt/ros/jazzy/opt/gz_cmake_vendor:/opt/ros/jazzy LD_LIBRARY_PATH=/home/daizhijun/RobotMaster/hikvision_ros2_integration/install/hikvision_interface/lib:/home/daizhijun/RobotMaster/hikvision_ros2_integration/install/hikvision_ros2_driver/lib:/opt/ros/jazzy/lib:/opt/ros/jazzy/opt/rviz_ogre_vendor/lib:/opt/ros/jazzy/lib/x86_64-linux-gnu:/opt/ros/jazzy/opt/gz_math_vendor/lib:/opt/ros/jazzy/opt/gz_utils_vendor/lib:/opt/ros/jazzy/opt/gz_cmake_vendor/lib:/opt/ros/jazzy/lib PYTHONPATH=/home/daizhijun/RobotMaster/hikvision_ros2_integration/install/hikvision_interface/lib/python3.12/site-packages:/opt/ros/jazzy/lib/python3.12/site-packages:/opt/ros/jazzy/lib/python3.12/site-packages /usr/bin/cmake /home/daizhijun/RobotMaster/hikvision_ros2_integration/hikvision_ros2_driver -DCMAKE_INSTALL_PREFIX=/home/daizhijun/RobotMaster/hikvision_ros2_integration/install/hikvision_ros2_driver
[0.434s] Invoking command in '/home/daizhijun/RobotMaster/hikvision_ros2_integration/build/hikvision_ros2_driver': CMAKE_PREFIX_PATH=/home/daizhijun/RobotMaster/hikvision_ros2_integration/install/hikvision_interface:/home/daizhijun/RobotMaster/hikvision_ros2_integration/install/hikvision_ros2_driver:/opt/ros/jazzy:/opt/ros/jazzy/opt/gz_math_vendor:/opt/ros/jazzy/opt/gz_utils_vendor:/opt/ros/jazzy/opt/gz_cmake_vendor:/opt/ros/jazzy LD_LIBRARY_PATH=/home/daizhijun/RobotMaster/hikvision_ros2_integration/install/hikvision_interface/lib:/home/daizhijun/RobotMaster/hikvision_ros2_integration/install/hikvision_ros2_driver/lib:/opt/ros/jazzy/lib:/opt/ros/jazzy/opt/rviz_ogre_vendor/lib:/opt/ros/jazzy/lib/x86_64-linux-gnu:/opt/ros/jazzy/opt/gz_math_vendor/lib:/opt/ros/jazzy/opt/gz_utils_vendor/lib:/opt/ros/jazzy/opt/gz_cmake_vendor/lib:/opt/ros/jazzy/lib PYTHONPATH=/home/daizhijun/RobotMaster/hikvision_ros2_integration/install/hikvision_interface/lib/python3.12/site-packages:/opt/ros/jazzy/lib/python3.12/site-packages:/opt/ros/jazzy/lib/python3.12/site-packages /usr/bin/cmake --build /home/daizhijun/RobotMaster/hikvision_ros2_integration/build/hikvision_ros2_driver -- -j16 -l16
[0.472s] [100%] Built target hikvision_ros2_driver
[0.472s] [ 75%] Built target hikvision_ros2_driver_node
[0.479s] Invoked command in '/home/daizhijun/RobotMaster/hikvision_ros2_integration/build/hikvision_ros2_driver' returned '0': CMAKE_PREFIX_PATH=/home/daizhijun/RobotMaster/hikvision_ros2_integration/install/hikvision_interface:/home/daizhijun/RobotMaster/hikvision_ros2_integration/install/hikvision_ros2_driver:/opt/ros/jazzy:/opt/ros/jazzy/opt/gz_math_vendor:/opt/ros/jazzy/opt/gz_utils_vendor:/opt/ros/jazzy/opt/gz_cmake_vendor:/opt/ros/jazzy LD_LIBRARY_PATH=/home/daizhijun/RobotMaster/hikvision_ros2_integration/install/hikvision_interface/lib:/home/daizhijun/RobotMaster/hikvision_ros2_integration/install/hikvision_ros2_driver/lib:/opt/ros/jazzy/lib:/opt/ros/jazzy/opt/rviz_ogre_vendor/lib:/opt/ros/jazzy/lib/x86_64-linux-gnu:/opt/ros/jazzy/opt/gz_math_vendor/lib:/opt/ros/jazzy/opt/gz_utils_vendor/lib:/opt/ros/jazzy/opt/gz_cmake_vendor/lib:/opt/ros/jazzy/lib PYTHONPATH=/home/daizhijun/RobotMaster/hikvision_ros2_integration/install/hikvision_interface/lib/python3.12/site-packages:/opt/ros/jazzy/lib/python3.12/site-packages:/opt/ros/jazzy/lib/python3.12/site-packages /usr/bin/cmake --build /home/daizhijun/RobotMaster/hikvision_ros2_integration/build/hikvision_ros2_driver -- -j16 -l16
[0.479s] Invoking command in '/home/daizhijun/RobotMaster/hikvision_ros2_integration/build/hikvision_ros2_driver': CMAKE_PREFIX_PATH=/home/daizhijun/RobotMaster/hikvision_ros2_integration/install/hikvision_interface:/home/daizhijun/RobotMaster/hikvision_ros2_integration/install/hikvision_ros2_driver:/opt/ros/jazzy:/opt/ros/jazzy/opt/gz_math_vendor:/opt/ros/jazzy/opt/gz_utils_vendor:/opt/ros/jazzy/opt/gz_cmake_vendor:/opt/ros/jazzy LD_LIBRARY_PATH=/home/daizhijun/RobotMaster/hikvision_ros2_integration/install/hikvision_interface/lib:/home/daizhijun/RobotMaster/hikvision_ros2_integration/install/hikvision_ros2_driver/lib:/opt/ros/jazzy/lib:/opt/ros/jazzy/opt/rviz_ogre_vendor/lib:/opt/ros/jazzy/lib/x86_64-linux-gnu:/opt/ros/jazzy/opt/gz_math_vendor/lib:/opt/ros/jazzy/opt/gz_utils_vendor/lib:/opt/ros/jazzy/opt/gz_cmake_vendor/lib:/opt/ros/jazzy/lib PYTHONPATH=/home/daizhijun/RobotMaster/hikvision_ros2_integration/install/hikvision_interface/lib/python3.12/site-packages:/opt/ros/jazzy/lib/python3.12/site-packages:/opt/ros/jazzy/lib/python3.12/site-packages /usr/bin/cmake --install /home/daizhijun/RobotMaster/hikvision_ros2_integration/build/hikvision_ros2_driver
[0.485s] -- Install configuration: "RelWithDebInfo"
[0.485s] -- Execute custom install script
[0.485s] -- Up-to-date symlink: /home/daizhijun/RobotMaster/hikvision_ros2_integration/install/hikvision_ros2_driver/lib/hikvision_ros2_driver/hikvision_ros2_driver_node
[0.485s] -- Up-to-date symlink: /home/daizhijun/RobotMaster/hikvision_ros2_integration/install/hikvision_ros2_driver/share/hikvision_ros2_driver//launch/camera_with_recognizer_and_rviz.launch.py
[0.485s] -- Up-to-date symlink: /home/daizhijun/RobotMaster/hikvision_ros2_integration/install/hikvision_ros2_driver/share/hikvision_ros2_driver//launch/camera_with_rviz.launch.py
[0.485s] -- Up-to-date symlink: /home/daizhijun/RobotMaster/hikvision_ros2_integration/install/hikvision_ros2_driver/share/hikvision_ros2_driver//launch/component.launch.yaml
[0.485s] -- Up-to-date symlink: /home/daizhijun/RobotMaster/hikvision_ros2_integration/install/hikvision_ros2_driver/share/hikvision_ros2_driver//launch/standalone.launch.yaml
[0.485s] -- Up-to-date symlink: /home/daizhijun/RobotMaster/hikvision_ros2_integration/install/hikvision_ros2_driver/include/hikvision_ros2_driver/hikvision_ros2_driver.hpp
[0.486s] -- Up-to-date symlink: /home/daizhijun/RobotMaster/hikvision_ros2_integration/install/hikvision_ros2_driver/share/hikvision_ros2_driver/environment/library_path.sh
[0.486s] -- Up-to-date symlink: /home/daizhijun/RobotMaster/hikvision_ros2_integration/install/hikvision_ros2_driver/share/hikvision_ros2_driver/environment/library_path.dsv
[0.486s] -- Up-to-date symlink: /home/daizhijun/RobotMaster/hikvision_ros2_integration/install/hikvision_ros2_driver/lib/libhikvision_ros2_driver.so
[0.486s] -- Up-to-date symlink: /home/daizhijun/RobotMaster/hikvision_ros2_integration/install/hikvision_ros2_driver/share/hikvision_ros2_driver/launch/camera_with_recognizer_and_rviz.launch.py
[0.486s] -- Up-to-date symlink: /home/daizhijun/RobotMaster/hikvision_ros2_integration/install/hikvision_ros2_driver/share/hikvision_ros2_driver/launch/camera_with_rviz.launch.py
[0.486s] -- Up-to-date symlink: /home/daizhijun/RobotMaster/hikvision_ros2_integration/install/hikvision_ros2_driver/share/hikvision_ros2_driver/launch/component.launch.yaml
[0.486s] -- Up-to-date symlink: /home/daizhijun/RobotMaster/hikvision_ros2_integration/install/hikvision_ros2_driver/share/hikvision_ros2_driver/launch/standalone.launch.yaml
[0.486s] -- Up-to-date symlink: /home/daizhijun/RobotMaster/hikvision_ros2_integration/install/hikvision_ros2_driver/share/ament_index/resource_index/package_run_dependencies/hikvision_ros2_driver
[0.486s] -- Up-to-date symlink: /home/daizhijun/RobotMaster/hikvision_ros2_integration/install/hikvision_ros2_driver/share/ament_index/resource_index/parent_prefix_path/hikvision_ros2_driver
[0.486s] -- Up-to-date symlink: /home/daizhijun/RobotMaster/hikvision_ros2_integration/install/hikvision_ros2_driver/share/hikvision_ros2_driver/environment/ament_prefix_path.sh
[0.486s] -- Up-to-date symlink: /home/daizhijun/RobotMaster/hikvision_ros2_integration/install/hikvision_ros2_driver/share/hikvision_ros2_driver/environment/ament_prefix_path.dsv
[0.486s] -- Up-to-date symlink: /home/daizhijun/RobotMaster/hikvision_ros2_integration/install/hikvision_ros2_driver/share/hikvision_ros2_driver/environment/path.sh
[0.487s] -- Up-to-date symlink: /home/daizhijun/RobotMaster/hikvision_ros2_integration/install/hikvision_ros2_driver/share/hikvision_ros2_driver/environment/path.dsv
[0.487s] -- Up-to-date symlink: /home/daizhijun/RobotMaster/hikvision_ros2_integration/install/hikvision_ros2_driver/share/hikvision_ros2_driver/local_setup.bash
[0.487s] -- Up-to-date symlink: /home/daizhijun/RobotMaster/hikvision_ros2_integration/install/hikvision_ros2_driver/share/hikvision_ros2_driver/local_setup.sh
[0.487s] -- Up-to-date symlink: /home/daizhijun/RobotMaster/hikvision_ros2_integration/install/hikvision_ros2_driver/share/hikvision_ros2_driver/local_setup.zsh
[0.487s] -- Up-to-date symlink: /home/daizhijun/RobotMaster/hikvision_ros2_integration/install/hikvision_ros2_driver/share/hikvision_ros2_driver/local_setup.dsv
[0.487s] -- Symlinking: /home/daizhijun/RobotMaster/hikvision_ros2_integration/install/hikvision_ros2_driver/share/hikvision_ros2_driver/package.dsv
[0.493s] -- Up-to-date symlink: /home/daizhijun/RobotMaster/hikvision_ros2_integration/install/hikvision_ros2_driver/share/ament_index/resource_index/packages/hikvision_ros2_driver
[0.493s] -- Up-to-date symlink: /home/daizhijun/RobotMaster/hikvision_ros2_integration/install/hikvision_ros2_driver/share/ament_index/resource_index/rclcpp_components/hikvision_ros2_driver
[0.493s] -- Up-to-date symlink: /home/daizhijun/RobotMaster/hikvision_ros2_integration/install/hikvision_ros2_driver/share/hikvision_ros2_driver/cmake/ament_cmake_export_dependencies-extras.cmake
[0.493s] -- Up-to-date symlink: /home/daizhijun/RobotMaster/hikvision_ros2_integration/install/hikvision_ros2_driver/share/hikvision_ros2_driver/cmake/ament_cmake_export_include_directories-extras.cmake
[0.493s] -- Up-to-date symlink: /home/daizhijun/RobotMaster/hikvision_ros2_integration/install/hikvision_ros2_driver/share/hikvision_ros2_driver/cmake/ament_cmake_export_libraries-extras.cmake
[0.493s] -- Up-to-date symlink: /home/daizhijun/RobotMaster/hikvision_ros2_integration/install/hikvision_ros2_driver/share/hikvision_ros2_driver/cmake/hikvision_ros2_driverConfig.cmake
[0.493s] -- Up-to-date symlink: /home/daizhijun/RobotMaster/hikvision_ros2_integration/install/hikvision_ros2_driver/share/hikvision_ros2_driver/cmake/hikvision_ros2_driverConfig-version.cmake
[0.493s] -- Up-to-date symlink: /home/daizhijun/RobotMaster/hikvision_ros2_integration/install/hikvision_ros2_driver/share/hikvision_ros2_driver/package.xml
[0.493s] -- Up-to-date symlink: /home/daizhijun/RobotMaster/hikvision_ros2_integration/install/hikvision_ros2_driver/lib/hikvision_ros2_driver/armor_recognizer_node.py
[0.495s] Invoked command in '/home/daizhijun/RobotMaster/hikvision_ros2_integration/build/hikvision_ros2_driver' returned '0': CMAKE_PREFIX_PATH=/home/daizhijun/RobotMaster/hikvision_ros2_integration/install/hikvision_interface:/home/daizhijun/RobotMaster/hikvision_ros2_integration/install/hikvision_ros2_driver:/opt/ros/jazzy:/opt/ros/jazzy/opt/gz_math_vendor:/opt/ros/jazzy/opt/gz_utils_vendor:/opt/ros/jazzy/opt/gz_cmake_vendor:/opt/ros/jazzy LD_LIBRARY_PATH=/home/daizhijun/RobotMaster/hikvision_ros2_integration/install/hikvision_interface/lib:/home/daizhijun/RobotMaster/hikvision_ros2_integration/install/hikvision_ros2_driver/lib:/opt/ros/jazzy/lib:/opt/ros/jazzy/opt/rviz_ogre_vendor/lib:/opt/ros/jazzy/lib/x86_64-linux-gnu:/opt/ros/jazzy/opt/gz_math_vendor/lib:/opt/ros/jazzy/opt/gz_utils_vendor/lib:/opt/ros/jazzy/opt/gz_cmake_vendor/lib:/opt/ros/jazzy/lib PYTHONPATH=/home/daizhijun/RobotMaster/hikvision_ros2_integration/install/hikvision_interface/lib/python3.12/site-packages:/opt/ros/jazzy/lib/python3.12/site-packages:/opt/ros/jazzy/lib/python3.12/site-packages /usr/bin/cmake --install /home/daizhijun/RobotMaster/hikvision_ros2_integration/build/hikvision_ros2_driver
