[0.057s] DEBUG:colcon:Command line arguments: ['/usr/bin/colcon', 'build']
[0.057s] DEBUG:colcon:Parsed command line arguments: Namespace(log_base=None, log_level=None, verb_name='build', build_base='build', install_base='install', merge_install=False, symlink_install=False, test_result_base=None, continue_on_error=False, executor='parallel', parallel_workers=16, event_handlers=None, ignore_user_meta=False, metas=['./colcon.meta'], base_paths=['.'], packages_ignore=None, packages_ignore_regex=None, paths=None, packages_up_to=None, packages_up_to_regex=None, packages_above=None, packages_above_and_dependencies=None, packages_above_depth=None, packages_select_by_dep=None, packages_skip_by_dep=None, packages_skip_up_to=None, packages_select_build_failed=False, packages_skip_build_finished=False, packages_select_test_failures=False, packages_skip_test_passed=False, packages_select=None, packages_skip=None, packages_select_regex=None, packages_skip_regex=None, packages_start=None, packages_end=None, allow_overriding=[], cmake_args=None, cmake_target=None, cmake_target_skip_unavailable=False, cmake_clean_cache=False, cmake_clean_first=False, cmake_force_configure=False, ament_cmake_args=None, catkin_cmake_args=None, catkin_skip_building_tests=False, verb_parser=<colcon_defaults.argument_parser.defaults.DefaultArgumentsDecorator object at 0x70d1d9879d30>, verb_extension=<colcon_core.verb.build.BuildVerb object at 0x70d1d9879b50>, main=<bound method BuildVerb.main of <colcon_core.verb.build.BuildVerb object at 0x70d1d9879b50>>)
[0.078s] Level 1:colcon.colcon_core.package_discovery:discover_packages(colcon_meta) check parameters
[0.078s] Level 1:colcon.colcon_core.package_discovery:discover_packages(recursive) check parameters
[0.078s] Level 1:colcon.colcon_core.package_discovery:discover_packages(ignore) check parameters
[0.078s] Level 1:colcon.colcon_core.package_discovery:discover_packages(path) check parameters
[0.078s] Level 1:colcon.colcon_core.package_discovery:discover_packages(colcon_meta) discover
[0.078s] Level 1:colcon.colcon_core.package_discovery:discover_packages(recursive) discover
[0.078s] INFO:colcon.colcon_core.package_discovery:Crawling recursively for packages in '/home/daizhijun/RobotMaster/hikvision_ros2_integration'
[0.078s] Level 1:colcon.colcon_core.package_identification:_identify(.) by extensions ['ignore', 'ignore_ament_install']
[0.078s] Level 1:colcon.colcon_core.package_identification:_identify(.) by extension 'ignore'
[0.078s] Level 1:colcon.colcon_core.package_identification:_identify(.) by extension 'ignore_ament_install'
[0.078s] Level 1:colcon.colcon_core.package_identification:_identify(.) by extensions ['colcon_pkg']
[0.078s] Level 1:colcon.colcon_core.package_identification:_identify(.) by extension 'colcon_pkg'
[0.078s] Level 1:colcon.colcon_core.package_identification:_identify(.) by extensions ['colcon_meta']
[0.078s] Level 1:colcon.colcon_core.package_identification:_identify(.) by extension 'colcon_meta'
[0.078s] Level 1:colcon.colcon_core.package_identification:_identify(.) by extensions ['ros']
[0.078s] Level 1:colcon.colcon_core.package_identification:_identify(.) by extension 'ros'
[0.092s] Level 1:colcon.colcon_core.package_identification:_identify(.) by extensions ['cmake', 'python']
[0.092s] Level 1:colcon.colcon_core.package_identification:_identify(.) by extension 'cmake'
[0.092s] Level 1:colcon.colcon_core.package_identification:_identify(.) by extension 'python'
[0.092s] Level 1:colcon.colcon_core.package_identification:_identify(.) by extensions ['python_setup_py']
[0.092s] Level 1:colcon.colcon_core.package_identification:_identify(.) by extension 'python_setup_py'
[0.092s] Level 1:colcon.colcon_core.package_identification:_identify(build) by extensions ['ignore', 'ignore_ament_install']
[0.092s] Level 1:colcon.colcon_core.package_identification:_identify(build) by extension 'ignore'
[0.092s] Level 1:colcon.colcon_core.package_identification:_identify(build) ignored
[0.092s] Level 1:colcon.colcon_core.package_identification:_identify(hikvision_interface) by extensions ['ignore', 'ignore_ament_install']
[0.092s] Level 1:colcon.colcon_core.package_identification:_identify(hikvision_interface) by extension 'ignore'
[0.092s] Level 1:colcon.colcon_core.package_identification:_identify(hikvision_interface) by extension 'ignore_ament_install'
[0.092s] Level 1:colcon.colcon_core.package_identification:_identify(hikvision_interface) by extensions ['colcon_pkg']
[0.092s] Level 1:colcon.colcon_core.package_identification:_identify(hikvision_interface) by extension 'colcon_pkg'
[0.092s] Level 1:colcon.colcon_core.package_identification:_identify(hikvision_interface) by extensions ['colcon_meta']
[0.092s] Level 1:colcon.colcon_core.package_identification:_identify(hikvision_interface) by extension 'colcon_meta'
[0.092s] Level 1:colcon.colcon_core.package_identification:_identify(hikvision_interface) by extensions ['ros']
[0.092s] Level 1:colcon.colcon_core.package_identification:_identify(hikvision_interface) by extension 'ros'
[0.093s] DEBUG:colcon.colcon_core.package_identification:Package 'hikvision_interface' with type 'ros.ament_cmake' and name 'hikvision_interface'
[0.093s] Level 1:colcon.colcon_core.package_identification:_identify(hikvision_ros2_driver) by extensions ['ignore', 'ignore_ament_install']
[0.093s] Level 1:colcon.colcon_core.package_identification:_identify(hikvision_ros2_driver) by extension 'ignore'
[0.093s] Level 1:colcon.colcon_core.package_identification:_identify(hikvision_ros2_driver) by extension 'ignore_ament_install'
[0.093s] Level 1:colcon.colcon_core.package_identification:_identify(hikvision_ros2_driver) by extensions ['colcon_pkg']
[0.093s] Level 1:colcon.colcon_core.package_identification:_identify(hikvision_ros2_driver) by extension 'colcon_pkg'
[0.094s] Level 1:colcon.colcon_core.package_identification:_identify(hikvision_ros2_driver) by extensions ['colcon_meta']
[0.094s] Level 1:colcon.colcon_core.package_identification:_identify(hikvision_ros2_driver) by extension 'colcon_meta'
[0.094s] Level 1:colcon.colcon_core.package_identification:_identify(hikvision_ros2_driver) by extensions ['ros']
[0.094s] Level 1:colcon.colcon_core.package_identification:_identify(hikvision_ros2_driver) by extension 'ros'
[0.094s] DEBUG:colcon.colcon_core.package_identification:Package 'hikvision_ros2_driver' with type 'ros.ament_cmake' and name 'hikvision_ros2_driver'
[0.094s] Level 1:colcon.colcon_core.package_identification:_identify(install) by extensions ['ignore', 'ignore_ament_install']
[0.094s] Level 1:colcon.colcon_core.package_identification:_identify(install) by extension 'ignore'
[0.094s] Level 1:colcon.colcon_core.package_identification:_identify(install) ignored
[0.094s] Level 1:colcon.colcon_core.package_identification:_identify(log) by extensions ['ignore', 'ignore_ament_install']
[0.094s] Level 1:colcon.colcon_core.package_identification:_identify(log) by extension 'ignore'
[0.094s] Level 1:colcon.colcon_core.package_identification:_identify(log) ignored
[0.094s] Level 1:colcon.colcon_core.package_discovery:discover_packages(recursive) using defaults
[0.094s] Level 1:colcon.colcon_core.package_discovery:discover_packages(ignore) discover
[0.094s] Level 1:colcon.colcon_core.package_discovery:discover_packages(ignore) using defaults
[0.094s] Level 1:colcon.colcon_core.package_discovery:discover_packages(path) discover
[0.094s] Level 1:colcon.colcon_core.package_discovery:discover_packages(path) using defaults
[0.104s] Level 1:colcon.colcon_core.package_discovery:discover_packages(prefix_path) check parameters
[0.104s] Level 1:colcon.colcon_core.package_discovery:discover_packages(prefix_path) discover
[0.105s] DEBUG:colcon.colcon_installed_package_information.package_discovery:Found 2 installed packages in /home/daizhijun/RobotMaster/hikvision_ros2_integration/install
[0.106s] DEBUG:colcon.colcon_installed_package_information.package_discovery:Found 291 installed packages in /opt/ros/jazzy
[0.106s] Level 1:colcon.colcon_core.package_discovery:discover_packages(prefix_path) using defaults
[0.122s] Level 5:colcon.colcon_core.verb:set package 'hikvision_interface' build argument 'cmake_args' from command line to 'None'
[0.122s] Level 5:colcon.colcon_core.verb:set package 'hikvision_interface' build argument 'cmake_target' from command line to 'None'
[0.122s] Level 5:colcon.colcon_core.verb:set package 'hikvision_interface' build argument 'cmake_target_skip_unavailable' from command line to 'False'
[0.122s] Level 5:colcon.colcon_core.verb:set package 'hikvision_interface' build argument 'cmake_clean_cache' from command line to 'False'
[0.122s] Level 5:colcon.colcon_core.verb:set package 'hikvision_interface' build argument 'cmake_clean_first' from command line to 'False'
[0.122s] Level 5:colcon.colcon_core.verb:set package 'hikvision_interface' build argument 'cmake_force_configure' from command line to 'False'
[0.123s] Level 5:colcon.colcon_core.verb:set package 'hikvision_interface' build argument 'ament_cmake_args' from command line to 'None'
[0.123s] Level 5:colcon.colcon_core.verb:set package 'hikvision_interface' build argument 'catkin_cmake_args' from command line to 'None'
[0.123s] Level 5:colcon.colcon_core.verb:set package 'hikvision_interface' build argument 'catkin_skip_building_tests' from command line to 'False'
[0.123s] DEBUG:colcon.colcon_core.verb:Building package 'hikvision_interface' with the following arguments: {'ament_cmake_args': None, 'build_base': '/home/daizhijun/RobotMaster/hikvision_ros2_integration/build/hikvision_interface', 'catkin_cmake_args': None, 'catkin_skip_building_tests': False, 'cmake_args': None, 'cmake_clean_cache': False, 'cmake_clean_first': False, 'cmake_force_configure': False, 'cmake_target': None, 'cmake_target_skip_unavailable': False, 'install_base': '/home/daizhijun/RobotMaster/hikvision_ros2_integration/install/hikvision_interface', 'merge_install': False, 'path': '/home/daizhijun/RobotMaster/hikvision_ros2_integration/hikvision_interface', 'symlink_install': False, 'test_result_base': None}
[0.123s] Level 5:colcon.colcon_core.verb:set package 'hikvision_ros2_driver' build argument 'cmake_args' from command line to 'None'
[0.123s] Level 5:colcon.colcon_core.verb:set package 'hikvision_ros2_driver' build argument 'cmake_target' from command line to 'None'
[0.123s] Level 5:colcon.colcon_core.verb:set package 'hikvision_ros2_driver' build argument 'cmake_target_skip_unavailable' from command line to 'False'
[0.123s] Level 5:colcon.colcon_core.verb:set package 'hikvision_ros2_driver' build argument 'cmake_clean_cache' from command line to 'False'
[0.123s] Level 5:colcon.colcon_core.verb:set package 'hikvision_ros2_driver' build argument 'cmake_clean_first' from command line to 'False'
[0.123s] Level 5:colcon.colcon_core.verb:set package 'hikvision_ros2_driver' build argument 'cmake_force_configure' from command line to 'False'
[0.123s] Level 5:colcon.colcon_core.verb:set package 'hikvision_ros2_driver' build argument 'ament_cmake_args' from command line to 'None'
[0.123s] Level 5:colcon.colcon_core.verb:set package 'hikvision_ros2_driver' build argument 'catkin_cmake_args' from command line to 'None'
[0.123s] Level 5:colcon.colcon_core.verb:set package 'hikvision_ros2_driver' build argument 'catkin_skip_building_tests' from command line to 'False'
[0.123s] DEBUG:colcon.colcon_core.verb:Building package 'hikvision_ros2_driver' with the following arguments: {'ament_cmake_args': None, 'build_base': '/home/daizhijun/RobotMaster/hikvision_ros2_integration/build/hikvision_ros2_driver', 'catkin_cmake_args': None, 'catkin_skip_building_tests': False, 'cmake_args': None, 'cmake_clean_cache': False, 'cmake_clean_first': False, 'cmake_force_configure': False, 'cmake_target': None, 'cmake_target_skip_unavailable': False, 'install_base': '/home/daizhijun/RobotMaster/hikvision_ros2_integration/install/hikvision_ros2_driver', 'merge_install': False, 'path': '/home/daizhijun/RobotMaster/hikvision_ros2_integration/hikvision_ros2_driver', 'symlink_install': False, 'test_result_base': None}
[0.123s] INFO:colcon.colcon_core.executor:Executing jobs using 'parallel' executor
[0.124s] DEBUG:colcon.colcon_parallel_executor.executor.parallel:run_until_complete
[0.124s] INFO:colcon.colcon_ros.task.ament_cmake.build:Building ROS package in '/home/daizhijun/RobotMaster/hikvision_ros2_integration/hikvision_interface' with build type 'ament_cmake'
[0.124s] INFO:colcon.colcon_cmake.task.cmake.build:Building CMake package in '/home/daizhijun/RobotMaster/hikvision_ros2_integration/hikvision_interface'
[0.125s] INFO:colcon.colcon_core.plugin_system:Skipping extension 'colcon_core.shell.bat': Not used on non-Windows systems
[0.125s] INFO:colcon.colcon_core.shell:Skip shell extension 'powershell' for command environment: Not usable outside of PowerShell
[0.125s] DEBUG:colcon.colcon_core.shell:Skip shell extension 'dsv' for command environment
[0.134s] DEBUG:colcon.colcon_core.event_handler.log_command:Invoking command in '/home/daizhijun/RobotMaster/hikvision_ros2_integration/build/hikvision_interface': /usr/bin/cmake /home/daizhijun/RobotMaster/hikvision_ros2_integration/hikvision_interface -DCMAKE_INSTALL_PREFIX=/home/daizhijun/RobotMaster/hikvision_ros2_integration/install/hikvision_interface
[1.516s] DEBUG:colcon.colcon_core.event_handler.log_command:Invoked command in '/home/daizhijun/RobotMaster/hikvision_ros2_integration/build/hikvision_interface' returned '0': /usr/bin/cmake /home/daizhijun/RobotMaster/hikvision_ros2_integration/hikvision_interface -DCMAKE_INSTALL_PREFIX=/home/daizhijun/RobotMaster/hikvision_ros2_integration/install/hikvision_interface
[1.518s] DEBUG:colcon.colcon_core.event_handler.log_command:Invoking command in '/home/daizhijun/RobotMaster/hikvision_ros2_integration/build/hikvision_interface': /usr/bin/cmake --build /home/daizhijun/RobotMaster/hikvision_ros2_integration/build/hikvision_interface -- -j16 -l16
[1.873s] DEBUG:colcon.colcon_core.event_handler.log_command:Invoked command in '/home/daizhijun/RobotMaster/hikvision_ros2_integration/build/hikvision_interface' returned '0': /usr/bin/cmake --build /home/daizhijun/RobotMaster/hikvision_ros2_integration/build/hikvision_interface -- -j16 -l16
[1.894s] DEBUG:colcon.colcon_core.event_handler.log_command:Invoking command in '/home/daizhijun/RobotMaster/hikvision_ros2_integration/build/hikvision_interface': /usr/bin/cmake --install /home/daizhijun/RobotMaster/hikvision_ros2_integration/build/hikvision_interface
[2.003s] Level 1:colcon.colcon_core.environment:create_environment_scripts_only(hikvision_interface)
[2.004s] DEBUG:colcon.colcon_core.event_handler.log_command:Invoked command in '/home/daizhijun/RobotMaster/hikvision_ros2_integration/build/hikvision_interface' returned '0': /usr/bin/cmake --install /home/daizhijun/RobotMaster/hikvision_ros2_integration/build/hikvision_interface
[2.008s] Level 1:colcon.colcon_core.environment:checking '/home/daizhijun/RobotMaster/hikvision_ros2_integration/install/hikvision_interface' for CMake module files
[2.010s] Level 1:colcon.colcon_core.environment:checking '/home/daizhijun/RobotMaster/hikvision_ros2_integration/install/hikvision_interface' for CMake config files
[2.011s] Level 1:colcon.colcon_core.shell:create_environment_hook('hikvision_interface', 'cmake_prefix_path')
[2.011s] INFO:colcon.colcon_core.shell:Creating environment hook '/home/daizhijun/RobotMaster/hikvision_ros2_integration/install/hikvision_interface/share/hikvision_interface/hook/cmake_prefix_path.ps1'
[2.012s] INFO:colcon.colcon_core.shell:Creating environment descriptor '/home/daizhijun/RobotMaster/hikvision_ros2_integration/install/hikvision_interface/share/hikvision_interface/hook/cmake_prefix_path.dsv'
[2.013s] INFO:colcon.colcon_core.shell:Creating environment hook '/home/daizhijun/RobotMaster/hikvision_ros2_integration/install/hikvision_interface/share/hikvision_interface/hook/cmake_prefix_path.sh'
[2.015s] Level 1:colcon.colcon_core.environment:checking '/home/daizhijun/RobotMaster/hikvision_ros2_integration/install/hikvision_interface/lib'
[2.015s] Level 1:colcon.colcon_core.shell:create_environment_hook('hikvision_interface', 'ld_library_path_lib')
[2.015s] INFO:colcon.colcon_core.shell:Creating environment hook '/home/daizhijun/RobotMaster/hikvision_ros2_integration/install/hikvision_interface/share/hikvision_interface/hook/ld_library_path_lib.ps1'
[2.016s] INFO:colcon.colcon_core.shell:Creating environment descriptor '/home/daizhijun/RobotMaster/hikvision_ros2_integration/install/hikvision_interface/share/hikvision_interface/hook/ld_library_path_lib.dsv'
[2.017s] INFO:colcon.colcon_core.shell:Creating environment hook '/home/daizhijun/RobotMaster/hikvision_ros2_integration/install/hikvision_interface/share/hikvision_interface/hook/ld_library_path_lib.sh'
[2.017s] Level 1:colcon.colcon_core.environment:checking '/home/daizhijun/RobotMaster/hikvision_ros2_integration/install/hikvision_interface/bin'
[2.018s] Level 1:colcon.colcon_core.environment:checking '/home/daizhijun/RobotMaster/hikvision_ros2_integration/install/hikvision_interface/lib/pkgconfig/hikvision_interface.pc'
[2.018s] Level 1:colcon.colcon_core.environment:checking '/home/daizhijun/RobotMaster/hikvision_ros2_integration/install/hikvision_interface/lib/python3.12/site-packages'
[2.018s] Level 1:colcon.colcon_core.shell:create_environment_hook('hikvision_interface', 'pythonpath')
[2.019s] INFO:colcon.colcon_core.shell:Creating environment hook '/home/daizhijun/RobotMaster/hikvision_ros2_integration/install/hikvision_interface/share/hikvision_interface/hook/pythonpath.ps1'
[2.019s] INFO:colcon.colcon_core.shell:Creating environment descriptor '/home/daizhijun/RobotMaster/hikvision_ros2_integration/install/hikvision_interface/share/hikvision_interface/hook/pythonpath.dsv'
[2.020s] INFO:colcon.colcon_core.shell:Creating environment hook '/home/daizhijun/RobotMaster/hikvision_ros2_integration/install/hikvision_interface/share/hikvision_interface/hook/pythonpath.sh'
[2.021s] Level 1:colcon.colcon_core.environment:checking '/home/daizhijun/RobotMaster/hikvision_ros2_integration/install/hikvision_interface/bin'
[2.021s] INFO:colcon.colcon_core.shell:Creating package script '/home/daizhijun/RobotMaster/hikvision_ros2_integration/install/hikvision_interface/share/hikvision_interface/package.ps1'
[2.023s] INFO:colcon.colcon_core.shell:Creating package descriptor '/home/daizhijun/RobotMaster/hikvision_ros2_integration/install/hikvision_interface/share/hikvision_interface/package.dsv'
[2.024s] INFO:colcon.colcon_core.shell:Creating package script '/home/daizhijun/RobotMaster/hikvision_ros2_integration/install/hikvision_interface/share/hikvision_interface/package.sh'
[2.025s] INFO:colcon.colcon_core.shell:Creating package script '/home/daizhijun/RobotMaster/hikvision_ros2_integration/install/hikvision_interface/share/hikvision_interface/package.bash'
[2.026s] INFO:colcon.colcon_core.shell:Creating package script '/home/daizhijun/RobotMaster/hikvision_ros2_integration/install/hikvision_interface/share/hikvision_interface/package.zsh'
[2.026s] Level 1:colcon.colcon_core.environment:create_file_with_runtime_dependencies(/home/daizhijun/RobotMaster/hikvision_ros2_integration/install/hikvision_interface/share/colcon-core/packages/hikvision_interface)
[2.027s] Level 1:colcon.colcon_core.environment:create_environment_scripts_only(hikvision_interface)
[2.027s] Level 1:colcon.colcon_core.environment:checking '/home/daizhijun/RobotMaster/hikvision_ros2_integration/install/hikvision_interface' for CMake module files
[2.029s] Level 1:colcon.colcon_core.environment:checking '/home/daizhijun/RobotMaster/hikvision_ros2_integration/install/hikvision_interface' for CMake config files
[2.029s] Level 1:colcon.colcon_core.shell:create_environment_hook('hikvision_interface', 'cmake_prefix_path')
[2.029s] INFO:colcon.colcon_core.shell:Creating environment hook '/home/daizhijun/RobotMaster/hikvision_ros2_integration/install/hikvision_interface/share/hikvision_interface/hook/cmake_prefix_path.ps1'
[2.030s] INFO:colcon.colcon_core.shell:Creating environment descriptor '/home/daizhijun/RobotMaster/hikvision_ros2_integration/install/hikvision_interface/share/hikvision_interface/hook/cmake_prefix_path.dsv'
[2.030s] INFO:colcon.colcon_core.shell:Creating environment hook '/home/daizhijun/RobotMaster/hikvision_ros2_integration/install/hikvision_interface/share/hikvision_interface/hook/cmake_prefix_path.sh'
[2.031s] Level 1:colcon.colcon_core.environment:checking '/home/daizhijun/RobotMaster/hikvision_ros2_integration/install/hikvision_interface/lib'
[2.031s] Level 1:colcon.colcon_core.shell:create_environment_hook('hikvision_interface', 'ld_library_path_lib')
[2.031s] INFO:colcon.colcon_core.shell:Creating environment hook '/home/daizhijun/RobotMaster/hikvision_ros2_integration/install/hikvision_interface/share/hikvision_interface/hook/ld_library_path_lib.ps1'
[2.031s] INFO:colcon.colcon_core.shell:Creating environment descriptor '/home/daizhijun/RobotMaster/hikvision_ros2_integration/install/hikvision_interface/share/hikvision_interface/hook/ld_library_path_lib.dsv'
[2.032s] INFO:colcon.colcon_core.shell:Creating environment hook '/home/daizhijun/RobotMaster/hikvision_ros2_integration/install/hikvision_interface/share/hikvision_interface/hook/ld_library_path_lib.sh'
[2.032s] Level 1:colcon.colcon_core.environment:checking '/home/daizhijun/RobotMaster/hikvision_ros2_integration/install/hikvision_interface/bin'
[2.032s] Level 1:colcon.colcon_core.environment:checking '/home/daizhijun/RobotMaster/hikvision_ros2_integration/install/hikvision_interface/lib/pkgconfig/hikvision_interface.pc'
[2.033s] Level 1:colcon.colcon_core.environment:checking '/home/daizhijun/RobotMaster/hikvision_ros2_integration/install/hikvision_interface/lib/python3.12/site-packages'
[2.033s] Level 1:colcon.colcon_core.shell:create_environment_hook('hikvision_interface', 'pythonpath')
[2.033s] INFO:colcon.colcon_core.shell:Creating environment hook '/home/daizhijun/RobotMaster/hikvision_ros2_integration/install/hikvision_interface/share/hikvision_interface/hook/pythonpath.ps1'
[2.033s] INFO:colcon.colcon_core.shell:Creating environment descriptor '/home/daizhijun/RobotMaster/hikvision_ros2_integration/install/hikvision_interface/share/hikvision_interface/hook/pythonpath.dsv'
[2.034s] INFO:colcon.colcon_core.shell:Creating environment hook '/home/daizhijun/RobotMaster/hikvision_ros2_integration/install/hikvision_interface/share/hikvision_interface/hook/pythonpath.sh'
[2.034s] Level 1:colcon.colcon_core.environment:checking '/home/daizhijun/RobotMaster/hikvision_ros2_integration/install/hikvision_interface/bin'
[2.034s] INFO:colcon.colcon_core.shell:Creating package script '/home/daizhijun/RobotMaster/hikvision_ros2_integration/install/hikvision_interface/share/hikvision_interface/package.ps1'
[2.035s] INFO:colcon.colcon_core.shell:Creating package descriptor '/home/daizhijun/RobotMaster/hikvision_ros2_integration/install/hikvision_interface/share/hikvision_interface/package.dsv'
[2.035s] INFO:colcon.colcon_core.shell:Creating package script '/home/daizhijun/RobotMaster/hikvision_ros2_integration/install/hikvision_interface/share/hikvision_interface/package.sh'
[2.036s] INFO:colcon.colcon_core.shell:Creating package script '/home/daizhijun/RobotMaster/hikvision_ros2_integration/install/hikvision_interface/share/hikvision_interface/package.bash'
[2.036s] INFO:colcon.colcon_core.shell:Creating package script '/home/daizhijun/RobotMaster/hikvision_ros2_integration/install/hikvision_interface/share/hikvision_interface/package.zsh'
[2.036s] Level 1:colcon.colcon_core.environment:create_file_with_runtime_dependencies(/home/daizhijun/RobotMaster/hikvision_ros2_integration/install/hikvision_interface/share/colcon-core/packages/hikvision_interface)
[2.037s] INFO:colcon.colcon_ros.task.ament_cmake.build:Building ROS package in '/home/daizhijun/RobotMaster/hikvision_ros2_integration/hikvision_ros2_driver' with build type 'ament_cmake'
[2.037s] INFO:colcon.colcon_cmake.task.cmake.build:Building CMake package in '/home/daizhijun/RobotMaster/hikvision_ros2_integration/hikvision_ros2_driver'
[2.037s] INFO:colcon.colcon_core.shell:Skip shell extension 'powershell' for command environment: Not usable outside of PowerShell
[2.037s] DEBUG:colcon.colcon_core.shell:Skip shell extension 'dsv' for command environment
[2.052s] DEBUG:colcon.colcon_core.event_handler.log_command:Invoking command in '/home/daizhijun/RobotMaster/hikvision_ros2_integration/build/hikvision_ros2_driver': CMAKE_PREFIX_PATH=/home/daizhijun/RobotMaster/hikvision_ros2_integration/install/hikvision_interface:/home/daizhijun/RobotMaster/hikvision_ros2_integration/install/hikvision_ros2_driver:/opt/ros/jazzy:/opt/ros/jazzy/opt/gz_math_vendor:/opt/ros/jazzy/opt/gz_utils_vendor:/opt/ros/jazzy/opt/gz_cmake_vendor:/opt/ros/jazzy LD_LIBRARY_PATH=/home/daizhijun/RobotMaster/hikvision_ros2_integration/install/hikvision_interface/lib:/home/daizhijun/RobotMaster/hikvision_ros2_integration/install/hikvision_ros2_driver/lib:/opt/ros/jazzy/lib:/opt/ros/jazzy/opt/rviz_ogre_vendor/lib:/opt/ros/jazzy/lib/x86_64-linux-gnu:/opt/ros/jazzy/opt/gz_math_vendor/lib:/opt/ros/jazzy/opt/gz_utils_vendor/lib:/opt/ros/jazzy/opt/gz_cmake_vendor/lib:/opt/ros/jazzy/lib PYTHONPATH=/home/daizhijun/RobotMaster/hikvision_ros2_integration/install/hikvision_interface/lib/python3.12/site-packages:/opt/ros/jazzy/lib/python3.12/site-packages:/opt/ros/jazzy/lib/python3.12/site-packages /usr/bin/cmake /home/daizhijun/RobotMaster/hikvision_ros2_integration/hikvision_ros2_driver -DCMAKE_INSTALL_PREFIX=/home/daizhijun/RobotMaster/hikvision_ros2_integration/install/hikvision_ros2_driver
[2.808s] DEBUG:colcon.colcon_core.event_handler.log_command:Invoked command in '/home/daizhijun/RobotMaster/hikvision_ros2_integration/build/hikvision_ros2_driver' returned '0': CMAKE_PREFIX_PATH=/home/daizhijun/RobotMaster/hikvision_ros2_integration/install/hikvision_interface:/home/daizhijun/RobotMaster/hikvision_ros2_integration/install/hikvision_ros2_driver:/opt/ros/jazzy:/opt/ros/jazzy/opt/gz_math_vendor:/opt/ros/jazzy/opt/gz_utils_vendor:/opt/ros/jazzy/opt/gz_cmake_vendor:/opt/ros/jazzy LD_LIBRARY_PATH=/home/daizhijun/RobotMaster/hikvision_ros2_integration/install/hikvision_interface/lib:/home/daizhijun/RobotMaster/hikvision_ros2_integration/install/hikvision_ros2_driver/lib:/opt/ros/jazzy/lib:/opt/ros/jazzy/opt/rviz_ogre_vendor/lib:/opt/ros/jazzy/lib/x86_64-linux-gnu:/opt/ros/jazzy/opt/gz_math_vendor/lib:/opt/ros/jazzy/opt/gz_utils_vendor/lib:/opt/ros/jazzy/opt/gz_cmake_vendor/lib:/opt/ros/jazzy/lib PYTHONPATH=/home/daizhijun/RobotMaster/hikvision_ros2_integration/install/hikvision_interface/lib/python3.12/site-packages:/opt/ros/jazzy/lib/python3.12/site-packages:/opt/ros/jazzy/lib/python3.12/site-packages /usr/bin/cmake /home/daizhijun/RobotMaster/hikvision_ros2_integration/hikvision_ros2_driver -DCMAKE_INSTALL_PREFIX=/home/daizhijun/RobotMaster/hikvision_ros2_integration/install/hikvision_ros2_driver
[2.808s] DEBUG:colcon.colcon_core.event_handler.log_command:Invoking command in '/home/daizhijun/RobotMaster/hikvision_ros2_integration/build/hikvision_ros2_driver': CMAKE_PREFIX_PATH=/home/daizhijun/RobotMaster/hikvision_ros2_integration/install/hikvision_interface:/home/daizhijun/RobotMaster/hikvision_ros2_integration/install/hikvision_ros2_driver:/opt/ros/jazzy:/opt/ros/jazzy/opt/gz_math_vendor:/opt/ros/jazzy/opt/gz_utils_vendor:/opt/ros/jazzy/opt/gz_cmake_vendor:/opt/ros/jazzy LD_LIBRARY_PATH=/home/daizhijun/RobotMaster/hikvision_ros2_integration/install/hikvision_interface/lib:/home/daizhijun/RobotMaster/hikvision_ros2_integration/install/hikvision_ros2_driver/lib:/opt/ros/jazzy/lib:/opt/ros/jazzy/opt/rviz_ogre_vendor/lib:/opt/ros/jazzy/lib/x86_64-linux-gnu:/opt/ros/jazzy/opt/gz_math_vendor/lib:/opt/ros/jazzy/opt/gz_utils_vendor/lib:/opt/ros/jazzy/opt/gz_cmake_vendor/lib:/opt/ros/jazzy/lib PYTHONPATH=/home/daizhijun/RobotMaster/hikvision_ros2_integration/install/hikvision_interface/lib/python3.12/site-packages:/opt/ros/jazzy/lib/python3.12/site-packages:/opt/ros/jazzy/lib/python3.12/site-packages /usr/bin/cmake --build /home/daizhijun/RobotMaster/hikvision_ros2_integration/build/hikvision_ros2_driver -- -j16 -l16
[6.810s] DEBUG:colcon.colcon_core.event_handler.log_command:Invoked command in '/home/daizhijun/RobotMaster/hikvision_ros2_integration/build/hikvision_ros2_driver' returned '2': CMAKE_PREFIX_PATH=/home/daizhijun/RobotMaster/hikvision_ros2_integration/install/hikvision_interface:/home/daizhijun/RobotMaster/hikvision_ros2_integration/install/hikvision_ros2_driver:/opt/ros/jazzy:/opt/ros/jazzy/opt/gz_math_vendor:/opt/ros/jazzy/opt/gz_utils_vendor:/opt/ros/jazzy/opt/gz_cmake_vendor:/opt/ros/jazzy LD_LIBRARY_PATH=/home/daizhijun/RobotMaster/hikvision_ros2_integration/install/hikvision_interface/lib:/home/daizhijun/RobotMaster/hikvision_ros2_integration/install/hikvision_ros2_driver/lib:/opt/ros/jazzy/lib:/opt/ros/jazzy/opt/rviz_ogre_vendor/lib:/opt/ros/jazzy/lib/x86_64-linux-gnu:/opt/ros/jazzy/opt/gz_math_vendor/lib:/opt/ros/jazzy/opt/gz_utils_vendor/lib:/opt/ros/jazzy/opt/gz_cmake_vendor/lib:/opt/ros/jazzy/lib PYTHONPATH=/home/daizhijun/RobotMaster/hikvision_ros2_integration/install/hikvision_interface/lib/python3.12/site-packages:/opt/ros/jazzy/lib/python3.12/site-packages:/opt/ros/jazzy/lib/python3.12/site-packages /usr/bin/cmake --build /home/daizhijun/RobotMaster/hikvision_ros2_integration/build/hikvision_ros2_driver -- -j16 -l16
[6.811s] Level 1:colcon.colcon_core.environment:create_environment_scripts_only(hikvision_ros2_driver)
[6.812s] Level 1:colcon.colcon_core.environment:checking '/home/daizhijun/RobotMaster/hikvision_ros2_integration/install/hikvision_ros2_driver' for CMake module files
[6.813s] Level 1:colcon.colcon_core.environment:checking '/home/daizhijun/RobotMaster/hikvision_ros2_integration/install/hikvision_ros2_driver' for CMake config files
[6.813s] Level 1:colcon.colcon_core.shell:create_environment_hook('hikvision_ros2_driver', 'cmake_prefix_path')
[6.814s] INFO:colcon.colcon_core.shell:Creating environment hook '/home/daizhijun/RobotMaster/hikvision_ros2_integration/install/hikvision_ros2_driver/share/hikvision_ros2_driver/hook/cmake_prefix_path.ps1'
[6.815s] INFO:colcon.colcon_core.shell:Creating environment descriptor '/home/daizhijun/RobotMaster/hikvision_ros2_integration/install/hikvision_ros2_driver/share/hikvision_ros2_driver/hook/cmake_prefix_path.dsv'
[6.815s] INFO:colcon.colcon_core.shell:Creating environment hook '/home/daizhijun/RobotMaster/hikvision_ros2_integration/install/hikvision_ros2_driver/share/hikvision_ros2_driver/hook/cmake_prefix_path.sh'
[6.816s] Level 1:colcon.colcon_core.environment:checking '/home/daizhijun/RobotMaster/hikvision_ros2_integration/install/hikvision_ros2_driver/lib'
[6.817s] Level 1:colcon.colcon_core.shell:create_environment_hook('hikvision_ros2_driver', 'ld_library_path_lib')
[6.817s] INFO:colcon.colcon_core.shell:Creating environment hook '/home/daizhijun/RobotMaster/hikvision_ros2_integration/install/hikvision_ros2_driver/share/hikvision_ros2_driver/hook/ld_library_path_lib.ps1'
[6.818s] INFO:colcon.colcon_core.shell:Creating environment descriptor '/home/daizhijun/RobotMaster/hikvision_ros2_integration/install/hikvision_ros2_driver/share/hikvision_ros2_driver/hook/ld_library_path_lib.dsv'
[6.818s] INFO:colcon.colcon_core.shell:Creating environment hook '/home/daizhijun/RobotMaster/hikvision_ros2_integration/install/hikvision_ros2_driver/share/hikvision_ros2_driver/hook/ld_library_path_lib.sh'
[6.819s] Level 1:colcon.colcon_core.environment:checking '/home/daizhijun/RobotMaster/hikvision_ros2_integration/install/hikvision_ros2_driver/bin'
[6.819s] Level 1:colcon.colcon_core.environment:checking '/home/daizhijun/RobotMaster/hikvision_ros2_integration/install/hikvision_ros2_driver/lib/pkgconfig/hikvision_ros2_driver.pc'
[6.820s] Level 1:colcon.colcon_core.environment:checking '/home/daizhijun/RobotMaster/hikvision_ros2_integration/install/hikvision_ros2_driver/lib/python3.12/site-packages'
[6.820s] Level 1:colcon.colcon_core.environment:checking '/home/daizhijun/RobotMaster/hikvision_ros2_integration/install/hikvision_ros2_driver/bin'
[6.821s] INFO:colcon.colcon_core.shell:Creating package script '/home/daizhijun/RobotMaster/hikvision_ros2_integration/install/hikvision_ros2_driver/share/hikvision_ros2_driver/package.ps1'
[6.822s] INFO:colcon.colcon_core.shell:Creating package descriptor '/home/daizhijun/RobotMaster/hikvision_ros2_integration/install/hikvision_ros2_driver/share/hikvision_ros2_driver/package.dsv'
[6.823s] INFO:colcon.colcon_core.shell:Creating package script '/home/daizhijun/RobotMaster/hikvision_ros2_integration/install/hikvision_ros2_driver/share/hikvision_ros2_driver/package.sh'
[6.824s] INFO:colcon.colcon_core.shell:Creating package script '/home/daizhijun/RobotMaster/hikvision_ros2_integration/install/hikvision_ros2_driver/share/hikvision_ros2_driver/package.bash'
[6.824s] INFO:colcon.colcon_core.shell:Creating package script '/home/daizhijun/RobotMaster/hikvision_ros2_integration/install/hikvision_ros2_driver/share/hikvision_ros2_driver/package.zsh'
[6.825s] Level 1:colcon.colcon_core.environment:create_file_with_runtime_dependencies(/home/daizhijun/RobotMaster/hikvision_ros2_integration/install/hikvision_ros2_driver/share/colcon-core/packages/hikvision_ros2_driver)
[6.835s] DEBUG:colcon.colcon_parallel_executor.executor.parallel:closing loop
[6.835s] DEBUG:colcon.colcon_parallel_executor.executor.parallel:loop closed
[6.835s] DEBUG:colcon.colcon_parallel_executor.executor.parallel:run_until_complete finished with '2'
[6.835s] DEBUG:colcon.colcon_core.event_reactor:joining thread
[6.846s] INFO:colcon.colcon_core.plugin_system:Skipping extension 'colcon_notification.desktop_notification.terminal_notifier': Not used on non-Darwin systems
[6.846s] INFO:colcon.colcon_core.plugin_system:Skipping extension 'colcon_notification.desktop_notification.win32': Not used on non-Windows systems
[6.847s] INFO:colcon.colcon_notification.desktop_notification:Sending desktop notification using 'notify2'
[6.877s] DEBUG:colcon.colcon_core.event_reactor:joined thread
[6.878s] INFO:colcon.colcon_core.shell:Creating prefix script '/home/daizhijun/RobotMaster/hikvision_ros2_integration/install/local_setup.ps1'
[6.880s] INFO:colcon.colcon_core.shell:Creating prefix util module '/home/daizhijun/RobotMaster/hikvision_ros2_integration/install/_local_setup_util_ps1.py'
[6.882s] INFO:colcon.colcon_core.shell:Creating prefix chain script '/home/daizhijun/RobotMaster/hikvision_ros2_integration/install/setup.ps1'
[6.884s] INFO:colcon.colcon_core.shell:Creating prefix script '/home/daizhijun/RobotMaster/hikvision_ros2_integration/install/local_setup.sh'
[6.885s] INFO:colcon.colcon_core.shell:Creating prefix util module '/home/daizhijun/RobotMaster/hikvision_ros2_integration/install/_local_setup_util_sh.py'
[6.886s] INFO:colcon.colcon_core.shell:Creating prefix chain script '/home/daizhijun/RobotMaster/hikvision_ros2_integration/install/setup.sh'
[6.888s] INFO:colcon.colcon_core.shell:Creating prefix script '/home/daizhijun/RobotMaster/hikvision_ros2_integration/install/local_setup.bash'
[6.889s] INFO:colcon.colcon_core.shell:Creating prefix chain script '/home/daizhijun/RobotMaster/hikvision_ros2_integration/install/setup.bash'
[6.891s] INFO:colcon.colcon_core.shell:Creating prefix script '/home/daizhijun/RobotMaster/hikvision_ros2_integration/install/local_setup.zsh'
[6.892s] INFO:colcon.colcon_core.shell:Creating prefix chain script '/home/daizhijun/RobotMaster/hikvision_ros2_integration/install/setup.zsh'
