[0.046s] DEBUG:colcon:Command line arguments: ['/usr/bin/colcon', 'build', '--packages-select', 'hikvision_ros2_driver', 'hikvision_interface']
[0.046s] DEBUG:colcon:Parsed command line arguments: Namespace(log_base=None, log_level=None, verb_name='build', build_base='build', install_base='install', merge_install=False, symlink_install=False, test_result_base=None, continue_on_error=False, executor='parallel', parallel_workers=16, event_handlers=None, ignore_user_meta=False, metas=['./colcon.meta'], base_paths=['.'], packages_ignore=None, packages_ignore_regex=None, paths=None, packages_up_to=None, packages_up_to_regex=None, packages_above=None, packages_above_and_dependencies=None, packages_above_depth=None, packages_select_by_dep=None, packages_skip_by_dep=None, packages_skip_up_to=None, packages_select_build_failed=False, packages_skip_build_finished=False, packages_select_test_failures=False, packages_skip_test_passed=False, packages_select=['hikvision_ros2_driver', 'hikvision_interface'], packages_skip=None, packages_select_regex=None, packages_skip_regex=None, packages_start=None, packages_end=None, allow_overriding=[], cmake_args=None, cmake_target=None, cmake_target_skip_unavailable=False, cmake_clean_cache=False, cmake_clean_first=False, cmake_force_configure=False, ament_cmake_args=None, catkin_cmake_args=None, catkin_skip_building_tests=False, verb_parser=<colcon_defaults.argument_parser.defaults.DefaultArgumentsDecorator object at 0x76a3e1681d00>, verb_extension=<colcon_core.verb.build.BuildVerb object at 0x76a3e1681970>, main=<bound method BuildVerb.main of <colcon_core.verb.build.BuildVerb object at 0x76a3e1681970>>)
[0.064s] Level 1:colcon.colcon_core.package_discovery:discover_packages(colcon_meta) check parameters
[0.065s] Level 1:colcon.colcon_core.package_discovery:discover_packages(recursive) check parameters
[0.065s] Level 1:colcon.colcon_core.package_discovery:discover_packages(ignore) check parameters
[0.065s] Level 1:colcon.colcon_core.package_discovery:discover_packages(path) check parameters
[0.065s] Level 1:colcon.colcon_core.package_discovery:discover_packages(colcon_meta) discover
[0.065s] Level 1:colcon.colcon_core.package_discovery:discover_packages(recursive) discover
[0.065s] INFO:colcon.colcon_core.package_discovery:Crawling recursively for packages in '/home/daizhijun/RobotMaster/hikvision_ros2_integration'
[0.065s] Level 1:colcon.colcon_core.package_identification:_identify(.) by extensions ['ignore', 'ignore_ament_install']
[0.065s] Level 1:colcon.colcon_core.package_identification:_identify(.) by extension 'ignore'
[0.065s] Level 1:colcon.colcon_core.package_identification:_identify(.) by extension 'ignore_ament_install'
[0.065s] Level 1:colcon.colcon_core.package_identification:_identify(.) by extensions ['colcon_pkg']
[0.065s] Level 1:colcon.colcon_core.package_identification:_identify(.) by extension 'colcon_pkg'
[0.065s] Level 1:colcon.colcon_core.package_identification:_identify(.) by extensions ['colcon_meta']
[0.065s] Level 1:colcon.colcon_core.package_identification:_identify(.) by extension 'colcon_meta'
[0.065s] Level 1:colcon.colcon_core.package_identification:_identify(.) by extensions ['ros']
[0.065s] Level 1:colcon.colcon_core.package_identification:_identify(.) by extension 'ros'
[0.077s] Level 1:colcon.colcon_core.package_identification:_identify(.) by extensions ['cmake', 'python']
[0.077s] Level 1:colcon.colcon_core.package_identification:_identify(.) by extension 'cmake'
[0.077s] Level 1:colcon.colcon_core.package_identification:_identify(.) by extension 'python'
[0.077s] Level 1:colcon.colcon_core.package_identification:_identify(.) by extensions ['python_setup_py']
[0.077s] Level 1:colcon.colcon_core.package_identification:_identify(.) by extension 'python_setup_py'
[0.077s] Level 1:colcon.colcon_core.package_identification:_identify(build) by extensions ['ignore', 'ignore_ament_install']
[0.077s] Level 1:colcon.colcon_core.package_identification:_identify(build) by extension 'ignore'
[0.077s] Level 1:colcon.colcon_core.package_identification:_identify(build) ignored
[0.078s] Level 1:colcon.colcon_core.package_identification:_identify(hikvision_interface) by extensions ['ignore', 'ignore_ament_install']
[0.078s] Level 1:colcon.colcon_core.package_identification:_identify(hikvision_interface) by extension 'ignore'
[0.078s] Level 1:colcon.colcon_core.package_identification:_identify(hikvision_interface) by extension 'ignore_ament_install'
[0.078s] Level 1:colcon.colcon_core.package_identification:_identify(hikvision_interface) by extensions ['colcon_pkg']
[0.078s] Level 1:colcon.colcon_core.package_identification:_identify(hikvision_interface) by extension 'colcon_pkg'
[0.078s] Level 1:colcon.colcon_core.package_identification:_identify(hikvision_interface) by extensions ['colcon_meta']
[0.078s] Level 1:colcon.colcon_core.package_identification:_identify(hikvision_interface) by extension 'colcon_meta'
[0.078s] Level 1:colcon.colcon_core.package_identification:_identify(hikvision_interface) by extensions ['ros']
[0.078s] Level 1:colcon.colcon_core.package_identification:_identify(hikvision_interface) by extension 'ros'
[0.079s] DEBUG:colcon.colcon_core.package_identification:Package 'hikvision_interface' with type 'ros.ament_cmake' and name 'hikvision_interface'
[0.079s] Level 1:colcon.colcon_core.package_identification:_identify(hikvision_ros2_driver) by extensions ['ignore', 'ignore_ament_install']
[0.079s] Level 1:colcon.colcon_core.package_identification:_identify(hikvision_ros2_driver) by extension 'ignore'
[0.079s] Level 1:colcon.colcon_core.package_identification:_identify(hikvision_ros2_driver) by extension 'ignore_ament_install'
[0.079s] Level 1:colcon.colcon_core.package_identification:_identify(hikvision_ros2_driver) by extensions ['colcon_pkg']
[0.079s] Level 1:colcon.colcon_core.package_identification:_identify(hikvision_ros2_driver) by extension 'colcon_pkg'
[0.079s] Level 1:colcon.colcon_core.package_identification:_identify(hikvision_ros2_driver) by extensions ['colcon_meta']
[0.079s] Level 1:colcon.colcon_core.package_identification:_identify(hikvision_ros2_driver) by extension 'colcon_meta'
[0.079s] Level 1:colcon.colcon_core.package_identification:_identify(hikvision_ros2_driver) by extensions ['ros']
[0.079s] Level 1:colcon.colcon_core.package_identification:_identify(hikvision_ros2_driver) by extension 'ros'
[0.079s] DEBUG:colcon.colcon_core.package_identification:Package 'hikvision_ros2_driver' with type 'ros.ament_cmake' and name 'hikvision_ros2_driver'
[0.080s] Level 1:colcon.colcon_core.package_identification:_identify(install) by extensions ['ignore', 'ignore_ament_install']
[0.080s] Level 1:colcon.colcon_core.package_identification:_identify(install) by extension 'ignore'
[0.080s] Level 1:colcon.colcon_core.package_identification:_identify(install) ignored
[0.080s] Level 1:colcon.colcon_core.package_identification:_identify(log) by extensions ['ignore', 'ignore_ament_install']
[0.080s] Level 1:colcon.colcon_core.package_identification:_identify(log) by extension 'ignore'
[0.080s] Level 1:colcon.colcon_core.package_identification:_identify(log) ignored
[0.080s] Level 1:colcon.colcon_core.package_discovery:discover_packages(recursive) using defaults
[0.080s] Level 1:colcon.colcon_core.package_discovery:discover_packages(ignore) discover
[0.080s] Level 1:colcon.colcon_core.package_discovery:discover_packages(ignore) using defaults
[0.080s] Level 1:colcon.colcon_core.package_discovery:discover_packages(path) discover
[0.080s] Level 1:colcon.colcon_core.package_discovery:discover_packages(path) using defaults
[0.089s] Level 1:colcon.colcon_core.package_discovery:discover_packages(prefix_path) check parameters
[0.089s] Level 1:colcon.colcon_core.package_discovery:discover_packages(prefix_path) discover
[0.090s] DEBUG:colcon.colcon_installed_package_information.package_discovery:Found 2 installed packages in /home/daizhijun/RobotMaster/hikvision_ros2_integration/install
[0.090s] DEBUG:colcon.colcon_installed_package_information.package_discovery:Found 291 installed packages in /opt/ros/jazzy
[0.090s] Level 1:colcon.colcon_core.package_discovery:discover_packages(prefix_path) using defaults
[0.106s] Level 5:colcon.colcon_core.verb:set package 'hikvision_interface' build argument 'cmake_args' from command line to 'None'
[0.106s] Level 5:colcon.colcon_core.verb:set package 'hikvision_interface' build argument 'cmake_target' from command line to 'None'
[0.106s] Level 5:colcon.colcon_core.verb:set package 'hikvision_interface' build argument 'cmake_target_skip_unavailable' from command line to 'False'
[0.106s] Level 5:colcon.colcon_core.verb:set package 'hikvision_interface' build argument 'cmake_clean_cache' from command line to 'False'
[0.106s] Level 5:colcon.colcon_core.verb:set package 'hikvision_interface' build argument 'cmake_clean_first' from command line to 'False'
[0.106s] Level 5:colcon.colcon_core.verb:set package 'hikvision_interface' build argument 'cmake_force_configure' from command line to 'False'
[0.106s] Level 5:colcon.colcon_core.verb:set package 'hikvision_interface' build argument 'ament_cmake_args' from command line to 'None'
[0.106s] Level 5:colcon.colcon_core.verb:set package 'hikvision_interface' build argument 'catkin_cmake_args' from command line to 'None'
[0.106s] Level 5:colcon.colcon_core.verb:set package 'hikvision_interface' build argument 'catkin_skip_building_tests' from command line to 'False'
[0.106s] DEBUG:colcon.colcon_core.verb:Building package 'hikvision_interface' with the following arguments: {'ament_cmake_args': None, 'build_base': '/home/daizhijun/RobotMaster/hikvision_ros2_integration/build/hikvision_interface', 'catkin_cmake_args': None, 'catkin_skip_building_tests': False, 'cmake_args': None, 'cmake_clean_cache': False, 'cmake_clean_first': False, 'cmake_force_configure': False, 'cmake_target': None, 'cmake_target_skip_unavailable': False, 'install_base': '/home/daizhijun/RobotMaster/hikvision_ros2_integration/install/hikvision_interface', 'merge_install': False, 'path': '/home/daizhijun/RobotMaster/hikvision_ros2_integration/hikvision_interface', 'symlink_install': False, 'test_result_base': None}
[0.107s] Level 5:colcon.colcon_core.verb:set package 'hikvision_ros2_driver' build argument 'cmake_args' from command line to 'None'
[0.107s] Level 5:colcon.colcon_core.verb:set package 'hikvision_ros2_driver' build argument 'cmake_target' from command line to 'None'
[0.107s] Level 5:colcon.colcon_core.verb:set package 'hikvision_ros2_driver' build argument 'cmake_target_skip_unavailable' from command line to 'False'
[0.107s] Level 5:colcon.colcon_core.verb:set package 'hikvision_ros2_driver' build argument 'cmake_clean_cache' from command line to 'False'
[0.107s] Level 5:colcon.colcon_core.verb:set package 'hikvision_ros2_driver' build argument 'cmake_clean_first' from command line to 'False'
[0.107s] Level 5:colcon.colcon_core.verb:set package 'hikvision_ros2_driver' build argument 'cmake_force_configure' from command line to 'False'
[0.107s] Level 5:colcon.colcon_core.verb:set package 'hikvision_ros2_driver' build argument 'ament_cmake_args' from command line to 'None'
[0.107s] Level 5:colcon.colcon_core.verb:set package 'hikvision_ros2_driver' build argument 'catkin_cmake_args' from command line to 'None'
[0.107s] Level 5:colcon.colcon_core.verb:set package 'hikvision_ros2_driver' build argument 'catkin_skip_building_tests' from command line to 'False'
[0.107s] DEBUG:colcon.colcon_core.verb:Building package 'hikvision_ros2_driver' with the following arguments: {'ament_cmake_args': None, 'build_base': '/home/daizhijun/RobotMaster/hikvision_ros2_integration/build/hikvision_ros2_driver', 'catkin_cmake_args': None, 'catkin_skip_building_tests': False, 'cmake_args': None, 'cmake_clean_cache': False, 'cmake_clean_first': False, 'cmake_force_configure': False, 'cmake_target': None, 'cmake_target_skip_unavailable': False, 'install_base': '/home/daizhijun/RobotMaster/hikvision_ros2_integration/install/hikvision_ros2_driver', 'merge_install': False, 'path': '/home/daizhijun/RobotMaster/hikvision_ros2_integration/hikvision_ros2_driver', 'symlink_install': False, 'test_result_base': None}
[0.107s] INFO:colcon.colcon_core.executor:Executing jobs using 'parallel' executor
[0.107s] DEBUG:colcon.colcon_parallel_executor.executor.parallel:run_until_complete
[0.107s] INFO:colcon.colcon_ros.task.ament_cmake.build:Building ROS package in '/home/daizhijun/RobotMaster/hikvision_ros2_integration/hikvision_interface' with build type 'ament_cmake'
[0.107s] INFO:colcon.colcon_cmake.task.cmake.build:Building CMake package in '/home/daizhijun/RobotMaster/hikvision_ros2_integration/hikvision_interface'
[0.108s] INFO:colcon.colcon_core.plugin_system:Skipping extension 'colcon_core.shell.bat': Not used on non-Windows systems
[0.108s] INFO:colcon.colcon_core.shell:Skip shell extension 'powershell' for command environment: Not usable outside of PowerShell
[0.108s] DEBUG:colcon.colcon_core.shell:Skip shell extension 'dsv' for command environment
[0.113s] DEBUG:colcon.colcon_core.event_handler.log_command:Invoking command in '/home/daizhijun/RobotMaster/hikvision_ros2_integration/build/hikvision_interface': /usr/bin/cmake /home/daizhijun/RobotMaster/hikvision_ros2_integration/hikvision_interface -DCMAKE_INSTALL_PREFIX=/home/daizhijun/RobotMaster/hikvision_ros2_integration/install/hikvision_interface
[0.754s] DEBUG:colcon.colcon_core.event_handler.log_command:Invoked command in '/home/daizhijun/RobotMaster/hikvision_ros2_integration/build/hikvision_interface' returned '0': /usr/bin/cmake /home/daizhijun/RobotMaster/hikvision_ros2_integration/hikvision_interface -DCMAKE_INSTALL_PREFIX=/home/daizhijun/RobotMaster/hikvision_ros2_integration/install/hikvision_interface
[0.754s] DEBUG:colcon.colcon_core.event_handler.log_command:Invoking command in '/home/daizhijun/RobotMaster/hikvision_ros2_integration/build/hikvision_interface': /usr/bin/cmake --build /home/daizhijun/RobotMaster/hikvision_ros2_integration/build/hikvision_interface -- -j16 -l16
[0.943s] DEBUG:colcon.colcon_core.event_handler.log_command:Invoked command in '/home/daizhijun/RobotMaster/hikvision_ros2_integration/build/hikvision_interface' returned '0': /usr/bin/cmake --build /home/daizhijun/RobotMaster/hikvision_ros2_integration/build/hikvision_interface -- -j16 -l16
[0.950s] DEBUG:colcon.colcon_core.event_handler.log_command:Invoking command in '/home/daizhijun/RobotMaster/hikvision_ros2_integration/build/hikvision_interface': /usr/bin/cmake --install /home/daizhijun/RobotMaster/hikvision_ros2_integration/build/hikvision_interface
[0.996s] Level 1:colcon.colcon_core.environment:create_environment_scripts_only(hikvision_interface)
[0.996s] DEBUG:colcon.colcon_core.event_handler.log_command:Invoked command in '/home/daizhijun/RobotMaster/hikvision_ros2_integration/build/hikvision_interface' returned '0': /usr/bin/cmake --install /home/daizhijun/RobotMaster/hikvision_ros2_integration/build/hikvision_interface
[0.998s] Level 1:colcon.colcon_core.environment:checking '/home/daizhijun/RobotMaster/hikvision_ros2_integration/install/hikvision_interface' for CMake module files
[0.998s] Level 1:colcon.colcon_core.environment:checking '/home/daizhijun/RobotMaster/hikvision_ros2_integration/install/hikvision_interface' for CMake config files
[0.999s] Level 1:colcon.colcon_core.shell:create_environment_hook('hikvision_interface', 'cmake_prefix_path')
[0.999s] INFO:colcon.colcon_core.shell:Creating environment hook '/home/daizhijun/RobotMaster/hikvision_ros2_integration/install/hikvision_interface/share/hikvision_interface/hook/cmake_prefix_path.ps1'
[0.999s] INFO:colcon.colcon_core.shell:Creating environment descriptor '/home/daizhijun/RobotMaster/hikvision_ros2_integration/install/hikvision_interface/share/hikvision_interface/hook/cmake_prefix_path.dsv'
[0.999s] INFO:colcon.colcon_core.shell:Creating environment hook '/home/daizhijun/RobotMaster/hikvision_ros2_integration/install/hikvision_interface/share/hikvision_interface/hook/cmake_prefix_path.sh'
[1.000s] Level 1:colcon.colcon_core.environment:checking '/home/daizhijun/RobotMaster/hikvision_ros2_integration/install/hikvision_interface/lib'
[1.000s] Level 1:colcon.colcon_core.shell:create_environment_hook('hikvision_interface', 'ld_library_path_lib')
[1.000s] INFO:colcon.colcon_core.shell:Creating environment hook '/home/daizhijun/RobotMaster/hikvision_ros2_integration/install/hikvision_interface/share/hikvision_interface/hook/ld_library_path_lib.ps1'
[1.000s] INFO:colcon.colcon_core.shell:Creating environment descriptor '/home/daizhijun/RobotMaster/hikvision_ros2_integration/install/hikvision_interface/share/hikvision_interface/hook/ld_library_path_lib.dsv'
[1.000s] INFO:colcon.colcon_core.shell:Creating environment hook '/home/daizhijun/RobotMaster/hikvision_ros2_integration/install/hikvision_interface/share/hikvision_interface/hook/ld_library_path_lib.sh'
[1.000s] Level 1:colcon.colcon_core.environment:checking '/home/daizhijun/RobotMaster/hikvision_ros2_integration/install/hikvision_interface/bin'
[1.000s] Level 1:colcon.colcon_core.environment:checking '/home/daizhijun/RobotMaster/hikvision_ros2_integration/install/hikvision_interface/lib/pkgconfig/hikvision_interface.pc'
[1.001s] Level 1:colcon.colcon_core.environment:checking '/home/daizhijun/RobotMaster/hikvision_ros2_integration/install/hikvision_interface/lib/python3.12/site-packages'
[1.001s] Level 1:colcon.colcon_core.shell:create_environment_hook('hikvision_interface', 'pythonpath')
[1.001s] INFO:colcon.colcon_core.shell:Creating environment hook '/home/daizhijun/RobotMaster/hikvision_ros2_integration/install/hikvision_interface/share/hikvision_interface/hook/pythonpath.ps1'
[1.001s] INFO:colcon.colcon_core.shell:Creating environment descriptor '/home/daizhijun/RobotMaster/hikvision_ros2_integration/install/hikvision_interface/share/hikvision_interface/hook/pythonpath.dsv'
[1.001s] INFO:colcon.colcon_core.shell:Creating environment hook '/home/daizhijun/RobotMaster/hikvision_ros2_integration/install/hikvision_interface/share/hikvision_interface/hook/pythonpath.sh'
[1.001s] Level 1:colcon.colcon_core.environment:checking '/home/daizhijun/RobotMaster/hikvision_ros2_integration/install/hikvision_interface/bin'
[1.002s] INFO:colcon.colcon_core.shell:Creating package script '/home/daizhijun/RobotMaster/hikvision_ros2_integration/install/hikvision_interface/share/hikvision_interface/package.ps1'
[1.002s] INFO:colcon.colcon_core.shell:Creating package descriptor '/home/daizhijun/RobotMaster/hikvision_ros2_integration/install/hikvision_interface/share/hikvision_interface/package.dsv'
[1.002s] INFO:colcon.colcon_core.shell:Creating package script '/home/daizhijun/RobotMaster/hikvision_ros2_integration/install/hikvision_interface/share/hikvision_interface/package.sh'
[1.003s] INFO:colcon.colcon_core.shell:Creating package script '/home/daizhijun/RobotMaster/hikvision_ros2_integration/install/hikvision_interface/share/hikvision_interface/package.bash'
[1.003s] INFO:colcon.colcon_core.shell:Creating package script '/home/daizhijun/RobotMaster/hikvision_ros2_integration/install/hikvision_interface/share/hikvision_interface/package.zsh'
[1.003s] Level 1:colcon.colcon_core.environment:create_file_with_runtime_dependencies(/home/daizhijun/RobotMaster/hikvision_ros2_integration/install/hikvision_interface/share/colcon-core/packages/hikvision_interface)
[1.003s] Level 1:colcon.colcon_core.environment:create_environment_scripts_only(hikvision_interface)
[1.003s] Level 1:colcon.colcon_core.environment:checking '/home/daizhijun/RobotMaster/hikvision_ros2_integration/install/hikvision_interface' for CMake module files
[1.004s] Level 1:colcon.colcon_core.environment:checking '/home/daizhijun/RobotMaster/hikvision_ros2_integration/install/hikvision_interface' for CMake config files
[1.004s] Level 1:colcon.colcon_core.shell:create_environment_hook('hikvision_interface', 'cmake_prefix_path')
[1.004s] INFO:colcon.colcon_core.shell:Creating environment hook '/home/daizhijun/RobotMaster/hikvision_ros2_integration/install/hikvision_interface/share/hikvision_interface/hook/cmake_prefix_path.ps1'
[1.004s] INFO:colcon.colcon_core.shell:Creating environment descriptor '/home/daizhijun/RobotMaster/hikvision_ros2_integration/install/hikvision_interface/share/hikvision_interface/hook/cmake_prefix_path.dsv'
[1.004s] INFO:colcon.colcon_core.shell:Creating environment hook '/home/daizhijun/RobotMaster/hikvision_ros2_integration/install/hikvision_interface/share/hikvision_interface/hook/cmake_prefix_path.sh'
[1.005s] Level 1:colcon.colcon_core.environment:checking '/home/daizhijun/RobotMaster/hikvision_ros2_integration/install/hikvision_interface/lib'
[1.005s] Level 1:colcon.colcon_core.shell:create_environment_hook('hikvision_interface', 'ld_library_path_lib')
[1.005s] INFO:colcon.colcon_core.shell:Creating environment hook '/home/daizhijun/RobotMaster/hikvision_ros2_integration/install/hikvision_interface/share/hikvision_interface/hook/ld_library_path_lib.ps1'
[1.005s] INFO:colcon.colcon_core.shell:Creating environment descriptor '/home/daizhijun/RobotMaster/hikvision_ros2_integration/install/hikvision_interface/share/hikvision_interface/hook/ld_library_path_lib.dsv'
[1.005s] INFO:colcon.colcon_core.shell:Creating environment hook '/home/daizhijun/RobotMaster/hikvision_ros2_integration/install/hikvision_interface/share/hikvision_interface/hook/ld_library_path_lib.sh'
[1.005s] Level 1:colcon.colcon_core.environment:checking '/home/daizhijun/RobotMaster/hikvision_ros2_integration/install/hikvision_interface/bin'
[1.005s] Level 1:colcon.colcon_core.environment:checking '/home/daizhijun/RobotMaster/hikvision_ros2_integration/install/hikvision_interface/lib/pkgconfig/hikvision_interface.pc'
[1.006s] Level 1:colcon.colcon_core.environment:checking '/home/daizhijun/RobotMaster/hikvision_ros2_integration/install/hikvision_interface/lib/python3.12/site-packages'
[1.006s] Level 1:colcon.colcon_core.shell:create_environment_hook('hikvision_interface', 'pythonpath')
[1.006s] INFO:colcon.colcon_core.shell:Creating environment hook '/home/daizhijun/RobotMaster/hikvision_ros2_integration/install/hikvision_interface/share/hikvision_interface/hook/pythonpath.ps1'
[1.006s] INFO:colcon.colcon_core.shell:Creating environment descriptor '/home/daizhijun/RobotMaster/hikvision_ros2_integration/install/hikvision_interface/share/hikvision_interface/hook/pythonpath.dsv'
[1.006s] INFO:colcon.colcon_core.shell:Creating environment hook '/home/daizhijun/RobotMaster/hikvision_ros2_integration/install/hikvision_interface/share/hikvision_interface/hook/pythonpath.sh'
[1.006s] Level 1:colcon.colcon_core.environment:checking '/home/daizhijun/RobotMaster/hikvision_ros2_integration/install/hikvision_interface/bin'
[1.007s] INFO:colcon.colcon_core.shell:Creating package script '/home/daizhijun/RobotMaster/hikvision_ros2_integration/install/hikvision_interface/share/hikvision_interface/package.ps1'
[1.007s] INFO:colcon.colcon_core.shell:Creating package descriptor '/home/daizhijun/RobotMaster/hikvision_ros2_integration/install/hikvision_interface/share/hikvision_interface/package.dsv'
[1.007s] INFO:colcon.colcon_core.shell:Creating package script '/home/daizhijun/RobotMaster/hikvision_ros2_integration/install/hikvision_interface/share/hikvision_interface/package.sh'
[1.007s] INFO:colcon.colcon_core.shell:Creating package script '/home/daizhijun/RobotMaster/hikvision_ros2_integration/install/hikvision_interface/share/hikvision_interface/package.bash'
[1.007s] INFO:colcon.colcon_core.shell:Creating package script '/home/daizhijun/RobotMaster/hikvision_ros2_integration/install/hikvision_interface/share/hikvision_interface/package.zsh'
[1.008s] Level 1:colcon.colcon_core.environment:create_file_with_runtime_dependencies(/home/daizhijun/RobotMaster/hikvision_ros2_integration/install/hikvision_interface/share/colcon-core/packages/hikvision_interface)
[1.008s] INFO:colcon.colcon_ros.task.ament_cmake.build:Building ROS package in '/home/daizhijun/RobotMaster/hikvision_ros2_integration/hikvision_ros2_driver' with build type 'ament_cmake'
[1.008s] INFO:colcon.colcon_cmake.task.cmake.build:Building CMake package in '/home/daizhijun/RobotMaster/hikvision_ros2_integration/hikvision_ros2_driver'
[1.008s] INFO:colcon.colcon_core.shell:Skip shell extension 'powershell' for command environment: Not usable outside of PowerShell
[1.008s] DEBUG:colcon.colcon_core.shell:Skip shell extension 'dsv' for command environment
[1.017s] DEBUG:colcon.colcon_core.event_handler.log_command:Invoking command in '/home/daizhijun/RobotMaster/hikvision_ros2_integration/build/hikvision_ros2_driver': CMAKE_PREFIX_PATH=/home/daizhijun/RobotMaster/hikvision_ros2_integration/install/hikvision_interface:/home/daizhijun/RobotMaster/hikvision_ros2_integration/install/hikvision_ros2_driver:/opt/ros/jazzy:/opt/ros/jazzy/opt/gz_math_vendor:/opt/ros/jazzy/opt/gz_utils_vendor:/opt/ros/jazzy/opt/gz_cmake_vendor:/opt/ros/jazzy LD_LIBRARY_PATH=/home/daizhijun/RobotMaster/hikvision_ros2_integration/install/hikvision_interface/lib:/home/daizhijun/RobotMaster/hikvision_ros2_integration/install/hikvision_ros2_driver/lib:/opt/ros/jazzy/lib:/opt/ros/jazzy/opt/rviz_ogre_vendor/lib:/opt/ros/jazzy/lib/x86_64-linux-gnu:/opt/ros/jazzy/opt/gz_math_vendor/lib:/opt/ros/jazzy/opt/gz_utils_vendor/lib:/opt/ros/jazzy/opt/gz_cmake_vendor/lib:/opt/ros/jazzy/lib PYTHONPATH=/home/daizhijun/RobotMaster/hikvision_ros2_integration/install/hikvision_interface/lib/python3.12/site-packages:/opt/ros/jazzy/lib/python3.12/site-packages:/opt/ros/jazzy/lib/python3.12/site-packages /usr/bin/cmake /home/daizhijun/RobotMaster/hikvision_ros2_integration/hikvision_ros2_driver -DCMAKE_INSTALL_PREFIX=/home/daizhijun/RobotMaster/hikvision_ros2_integration/install/hikvision_ros2_driver
[1.433s] DEBUG:colcon.colcon_core.event_handler.log_command:Invoked command in '/home/daizhijun/RobotMaster/hikvision_ros2_integration/build/hikvision_ros2_driver' returned '0': CMAKE_PREFIX_PATH=/home/daizhijun/RobotMaster/hikvision_ros2_integration/install/hikvision_interface:/home/daizhijun/RobotMaster/hikvision_ros2_integration/install/hikvision_ros2_driver:/opt/ros/jazzy:/opt/ros/jazzy/opt/gz_math_vendor:/opt/ros/jazzy/opt/gz_utils_vendor:/opt/ros/jazzy/opt/gz_cmake_vendor:/opt/ros/jazzy LD_LIBRARY_PATH=/home/daizhijun/RobotMaster/hikvision_ros2_integration/install/hikvision_interface/lib:/home/daizhijun/RobotMaster/hikvision_ros2_integration/install/hikvision_ros2_driver/lib:/opt/ros/jazzy/lib:/opt/ros/jazzy/opt/rviz_ogre_vendor/lib:/opt/ros/jazzy/lib/x86_64-linux-gnu:/opt/ros/jazzy/opt/gz_math_vendor/lib:/opt/ros/jazzy/opt/gz_utils_vendor/lib:/opt/ros/jazzy/opt/gz_cmake_vendor/lib:/opt/ros/jazzy/lib PYTHONPATH=/home/daizhijun/RobotMaster/hikvision_ros2_integration/install/hikvision_interface/lib/python3.12/site-packages:/opt/ros/jazzy/lib/python3.12/site-packages:/opt/ros/jazzy/lib/python3.12/site-packages /usr/bin/cmake /home/daizhijun/RobotMaster/hikvision_ros2_integration/hikvision_ros2_driver -DCMAKE_INSTALL_PREFIX=/home/daizhijun/RobotMaster/hikvision_ros2_integration/install/hikvision_ros2_driver
[1.435s] DEBUG:colcon.colcon_core.event_handler.log_command:Invoking command in '/home/daizhijun/RobotMaster/hikvision_ros2_integration/build/hikvision_ros2_driver': CMAKE_PREFIX_PATH=/home/daizhijun/RobotMaster/hikvision_ros2_integration/install/hikvision_interface:/home/daizhijun/RobotMaster/hikvision_ros2_integration/install/hikvision_ros2_driver:/opt/ros/jazzy:/opt/ros/jazzy/opt/gz_math_vendor:/opt/ros/jazzy/opt/gz_utils_vendor:/opt/ros/jazzy/opt/gz_cmake_vendor:/opt/ros/jazzy LD_LIBRARY_PATH=/home/daizhijun/RobotMaster/hikvision_ros2_integration/install/hikvision_interface/lib:/home/daizhijun/RobotMaster/hikvision_ros2_integration/install/hikvision_ros2_driver/lib:/opt/ros/jazzy/lib:/opt/ros/jazzy/opt/rviz_ogre_vendor/lib:/opt/ros/jazzy/lib/x86_64-linux-gnu:/opt/ros/jazzy/opt/gz_math_vendor/lib:/opt/ros/jazzy/opt/gz_utils_vendor/lib:/opt/ros/jazzy/opt/gz_cmake_vendor/lib:/opt/ros/jazzy/lib PYTHONPATH=/home/daizhijun/RobotMaster/hikvision_ros2_integration/install/hikvision_interface/lib/python3.12/site-packages:/opt/ros/jazzy/lib/python3.12/site-packages:/opt/ros/jazzy/lib/python3.12/site-packages /usr/bin/cmake --build /home/daizhijun/RobotMaster/hikvision_ros2_integration/build/hikvision_ros2_driver -- -j16 -l16
[14.286s] DEBUG:colcon.colcon_core.event_handler.log_command:Invoked command in '/home/daizhijun/RobotMaster/hikvision_ros2_integration/build/hikvision_ros2_driver' returned '0': CMAKE_PREFIX_PATH=/home/daizhijun/RobotMaster/hikvision_ros2_integration/install/hikvision_interface:/home/daizhijun/RobotMaster/hikvision_ros2_integration/install/hikvision_ros2_driver:/opt/ros/jazzy:/opt/ros/jazzy/opt/gz_math_vendor:/opt/ros/jazzy/opt/gz_utils_vendor:/opt/ros/jazzy/opt/gz_cmake_vendor:/opt/ros/jazzy LD_LIBRARY_PATH=/home/daizhijun/RobotMaster/hikvision_ros2_integration/install/hikvision_interface/lib:/home/daizhijun/RobotMaster/hikvision_ros2_integration/install/hikvision_ros2_driver/lib:/opt/ros/jazzy/lib:/opt/ros/jazzy/opt/rviz_ogre_vendor/lib:/opt/ros/jazzy/lib/x86_64-linux-gnu:/opt/ros/jazzy/opt/gz_math_vendor/lib:/opt/ros/jazzy/opt/gz_utils_vendor/lib:/opt/ros/jazzy/opt/gz_cmake_vendor/lib:/opt/ros/jazzy/lib PYTHONPATH=/home/daizhijun/RobotMaster/hikvision_ros2_integration/install/hikvision_interface/lib/python3.12/site-packages:/opt/ros/jazzy/lib/python3.12/site-packages:/opt/ros/jazzy/lib/python3.12/site-packages /usr/bin/cmake --build /home/daizhijun/RobotMaster/hikvision_ros2_integration/build/hikvision_ros2_driver -- -j16 -l16
[14.287s] DEBUG:colcon.colcon_core.event_handler.log_command:Invoking command in '/home/daizhijun/RobotMaster/hikvision_ros2_integration/build/hikvision_ros2_driver': CMAKE_PREFIX_PATH=/home/daizhijun/RobotMaster/hikvision_ros2_integration/install/hikvision_interface:/home/daizhijun/RobotMaster/hikvision_ros2_integration/install/hikvision_ros2_driver:/opt/ros/jazzy:/opt/ros/jazzy/opt/gz_math_vendor:/opt/ros/jazzy/opt/gz_utils_vendor:/opt/ros/jazzy/opt/gz_cmake_vendor:/opt/ros/jazzy LD_LIBRARY_PATH=/home/daizhijun/RobotMaster/hikvision_ros2_integration/install/hikvision_interface/lib:/home/daizhijun/RobotMaster/hikvision_ros2_integration/install/hikvision_ros2_driver/lib:/opt/ros/jazzy/lib:/opt/ros/jazzy/opt/rviz_ogre_vendor/lib:/opt/ros/jazzy/lib/x86_64-linux-gnu:/opt/ros/jazzy/opt/gz_math_vendor/lib:/opt/ros/jazzy/opt/gz_utils_vendor/lib:/opt/ros/jazzy/opt/gz_cmake_vendor/lib:/opt/ros/jazzy/lib PYTHONPATH=/home/daizhijun/RobotMaster/hikvision_ros2_integration/install/hikvision_interface/lib/python3.12/site-packages:/opt/ros/jazzy/lib/python3.12/site-packages:/opt/ros/jazzy/lib/python3.12/site-packages /usr/bin/cmake --install /home/daizhijun/RobotMaster/hikvision_ros2_integration/build/hikvision_ros2_driver
[14.301s] Level 1:colcon.colcon_core.environment:create_environment_scripts_only(hikvision_ros2_driver)
[14.301s] DEBUG:colcon.colcon_core.event_handler.log_command:Invoked command in '/home/daizhijun/RobotMaster/hikvision_ros2_integration/build/hikvision_ros2_driver' returned '0': CMAKE_PREFIX_PATH=/home/daizhijun/RobotMaster/hikvision_ros2_integration/install/hikvision_interface:/home/daizhijun/RobotMaster/hikvision_ros2_integration/install/hikvision_ros2_driver:/opt/ros/jazzy:/opt/ros/jazzy/opt/gz_math_vendor:/opt/ros/jazzy/opt/gz_utils_vendor:/opt/ros/jazzy/opt/gz_cmake_vendor:/opt/ros/jazzy LD_LIBRARY_PATH=/home/daizhijun/RobotMaster/hikvision_ros2_integration/install/hikvision_interface/lib:/home/daizhijun/RobotMaster/hikvision_ros2_integration/install/hikvision_ros2_driver/lib:/opt/ros/jazzy/lib:/opt/ros/jazzy/opt/rviz_ogre_vendor/lib:/opt/ros/jazzy/lib/x86_64-linux-gnu:/opt/ros/jazzy/opt/gz_math_vendor/lib:/opt/ros/jazzy/opt/gz_utils_vendor/lib:/opt/ros/jazzy/opt/gz_cmake_vendor/lib:/opt/ros/jazzy/lib PYTHONPATH=/home/daizhijun/RobotMaster/hikvision_ros2_integration/install/hikvision_interface/lib/python3.12/site-packages:/opt/ros/jazzy/lib/python3.12/site-packages:/opt/ros/jazzy/lib/python3.12/site-packages /usr/bin/cmake --install /home/daizhijun/RobotMaster/hikvision_ros2_integration/build/hikvision_ros2_driver
[14.302s] Level 1:colcon.colcon_core.environment:checking '/home/daizhijun/RobotMaster/hikvision_ros2_integration/install/hikvision_ros2_driver' for CMake module files
[14.302s] Level 1:colcon.colcon_core.environment:checking '/home/daizhijun/RobotMaster/hikvision_ros2_integration/install/hikvision_ros2_driver' for CMake config files
[14.302s] Level 1:colcon.colcon_core.shell:create_environment_hook('hikvision_ros2_driver', 'cmake_prefix_path')
[14.302s] INFO:colcon.colcon_core.shell:Creating environment hook '/home/daizhijun/RobotMaster/hikvision_ros2_integration/install/hikvision_ros2_driver/share/hikvision_ros2_driver/hook/cmake_prefix_path.ps1'
[14.303s] INFO:colcon.colcon_core.shell:Creating environment descriptor '/home/daizhijun/RobotMaster/hikvision_ros2_integration/install/hikvision_ros2_driver/share/hikvision_ros2_driver/hook/cmake_prefix_path.dsv'
[14.303s] INFO:colcon.colcon_core.shell:Creating environment hook '/home/daizhijun/RobotMaster/hikvision_ros2_integration/install/hikvision_ros2_driver/share/hikvision_ros2_driver/hook/cmake_prefix_path.sh'
[14.303s] Level 1:colcon.colcon_core.environment:checking '/home/daizhijun/RobotMaster/hikvision_ros2_integration/install/hikvision_ros2_driver/lib'
[14.303s] Level 1:colcon.colcon_core.shell:create_environment_hook('hikvision_ros2_driver', 'ld_library_path_lib')
[14.303s] INFO:colcon.colcon_core.shell:Creating environment hook '/home/daizhijun/RobotMaster/hikvision_ros2_integration/install/hikvision_ros2_driver/share/hikvision_ros2_driver/hook/ld_library_path_lib.ps1'
[14.303s] INFO:colcon.colcon_core.shell:Creating environment descriptor '/home/daizhijun/RobotMaster/hikvision_ros2_integration/install/hikvision_ros2_driver/share/hikvision_ros2_driver/hook/ld_library_path_lib.dsv'
[14.303s] INFO:colcon.colcon_core.shell:Creating environment hook '/home/daizhijun/RobotMaster/hikvision_ros2_integration/install/hikvision_ros2_driver/share/hikvision_ros2_driver/hook/ld_library_path_lib.sh'
[14.303s] Level 1:colcon.colcon_core.environment:checking '/home/daizhijun/RobotMaster/hikvision_ros2_integration/install/hikvision_ros2_driver/bin'
[14.304s] Level 1:colcon.colcon_core.environment:checking '/home/daizhijun/RobotMaster/hikvision_ros2_integration/install/hikvision_ros2_driver/lib/pkgconfig/hikvision_ros2_driver.pc'
[14.304s] Level 1:colcon.colcon_core.environment:checking '/home/daizhijun/RobotMaster/hikvision_ros2_integration/install/hikvision_ros2_driver/lib/python3.12/site-packages'
[14.304s] Level 1:colcon.colcon_core.environment:checking '/home/daizhijun/RobotMaster/hikvision_ros2_integration/install/hikvision_ros2_driver/bin'
[14.304s] INFO:colcon.colcon_core.shell:Creating package script '/home/daizhijun/RobotMaster/hikvision_ros2_integration/install/hikvision_ros2_driver/share/hikvision_ros2_driver/package.ps1'
[14.304s] INFO:colcon.colcon_core.shell:Creating package descriptor '/home/daizhijun/RobotMaster/hikvision_ros2_integration/install/hikvision_ros2_driver/share/hikvision_ros2_driver/package.dsv'
[14.304s] INFO:colcon.colcon_core.shell:Creating package script '/home/daizhijun/RobotMaster/hikvision_ros2_integration/install/hikvision_ros2_driver/share/hikvision_ros2_driver/package.sh'
[14.304s] INFO:colcon.colcon_core.shell:Creating package script '/home/daizhijun/RobotMaster/hikvision_ros2_integration/install/hikvision_ros2_driver/share/hikvision_ros2_driver/package.bash'
[14.305s] INFO:colcon.colcon_core.shell:Creating package script '/home/daizhijun/RobotMaster/hikvision_ros2_integration/install/hikvision_ros2_driver/share/hikvision_ros2_driver/package.zsh'
[14.305s] Level 1:colcon.colcon_core.environment:create_file_with_runtime_dependencies(/home/daizhijun/RobotMaster/hikvision_ros2_integration/install/hikvision_ros2_driver/share/colcon-core/packages/hikvision_ros2_driver)
[14.305s] Level 1:colcon.colcon_core.environment:create_environment_scripts_only(hikvision_ros2_driver)
[14.305s] Level 1:colcon.colcon_core.environment:checking '/home/daizhijun/RobotMaster/hikvision_ros2_integration/install/hikvision_ros2_driver' for CMake module files
[14.305s] Level 1:colcon.colcon_core.environment:checking '/home/daizhijun/RobotMaster/hikvision_ros2_integration/install/hikvision_ros2_driver' for CMake config files
[14.305s] Level 1:colcon.colcon_core.shell:create_environment_hook('hikvision_ros2_driver', 'cmake_prefix_path')
[14.305s] INFO:colcon.colcon_core.shell:Creating environment hook '/home/daizhijun/RobotMaster/hikvision_ros2_integration/install/hikvision_ros2_driver/share/hikvision_ros2_driver/hook/cmake_prefix_path.ps1'
[14.305s] INFO:colcon.colcon_core.shell:Creating environment descriptor '/home/daizhijun/RobotMaster/hikvision_ros2_integration/install/hikvision_ros2_driver/share/hikvision_ros2_driver/hook/cmake_prefix_path.dsv'
[14.305s] INFO:colcon.colcon_core.shell:Creating environment hook '/home/daizhijun/RobotMaster/hikvision_ros2_integration/install/hikvision_ros2_driver/share/hikvision_ros2_driver/hook/cmake_prefix_path.sh'
[14.306s] Level 1:colcon.colcon_core.environment:checking '/home/daizhijun/RobotMaster/hikvision_ros2_integration/install/hikvision_ros2_driver/lib'
[14.306s] Level 1:colcon.colcon_core.shell:create_environment_hook('hikvision_ros2_driver', 'ld_library_path_lib')
[14.306s] INFO:colcon.colcon_core.shell:Creating environment hook '/home/daizhijun/RobotMaster/hikvision_ros2_integration/install/hikvision_ros2_driver/share/hikvision_ros2_driver/hook/ld_library_path_lib.ps1'
[14.306s] INFO:colcon.colcon_core.shell:Creating environment descriptor '/home/daizhijun/RobotMaster/hikvision_ros2_integration/install/hikvision_ros2_driver/share/hikvision_ros2_driver/hook/ld_library_path_lib.dsv'
[14.306s] INFO:colcon.colcon_core.shell:Creating environment hook '/home/daizhijun/RobotMaster/hikvision_ros2_integration/install/hikvision_ros2_driver/share/hikvision_ros2_driver/hook/ld_library_path_lib.sh'
[14.306s] Level 1:colcon.colcon_core.environment:checking '/home/daizhijun/RobotMaster/hikvision_ros2_integration/install/hikvision_ros2_driver/bin'
[14.306s] Level 1:colcon.colcon_core.environment:checking '/home/daizhijun/RobotMaster/hikvision_ros2_integration/install/hikvision_ros2_driver/lib/pkgconfig/hikvision_ros2_driver.pc'
[14.306s] Level 1:colcon.colcon_core.environment:checking '/home/daizhijun/RobotMaster/hikvision_ros2_integration/install/hikvision_ros2_driver/lib/python3.12/site-packages'
[14.306s] Level 1:colcon.colcon_core.environment:checking '/home/daizhijun/RobotMaster/hikvision_ros2_integration/install/hikvision_ros2_driver/bin'
[14.307s] INFO:colcon.colcon_core.shell:Creating package script '/home/daizhijun/RobotMaster/hikvision_ros2_integration/install/hikvision_ros2_driver/share/hikvision_ros2_driver/package.ps1'
[14.307s] INFO:colcon.colcon_core.shell:Creating package descriptor '/home/daizhijun/RobotMaster/hikvision_ros2_integration/install/hikvision_ros2_driver/share/hikvision_ros2_driver/package.dsv'
[14.307s] INFO:colcon.colcon_core.shell:Creating package script '/home/daizhijun/RobotMaster/hikvision_ros2_integration/install/hikvision_ros2_driver/share/hikvision_ros2_driver/package.sh'
[14.307s] INFO:colcon.colcon_core.shell:Creating package script '/home/daizhijun/RobotMaster/hikvision_ros2_integration/install/hikvision_ros2_driver/share/hikvision_ros2_driver/package.bash'
[14.307s] INFO:colcon.colcon_core.shell:Creating package script '/home/daizhijun/RobotMaster/hikvision_ros2_integration/install/hikvision_ros2_driver/share/hikvision_ros2_driver/package.zsh'
[14.307s] Level 1:colcon.colcon_core.environment:create_file_with_runtime_dependencies(/home/daizhijun/RobotMaster/hikvision_ros2_integration/install/hikvision_ros2_driver/share/colcon-core/packages/hikvision_ros2_driver)
[14.307s] DEBUG:colcon.colcon_parallel_executor.executor.parallel:closing loop
[14.308s] DEBUG:colcon.colcon_parallel_executor.executor.parallel:loop closed
[14.308s] DEBUG:colcon.colcon_parallel_executor.executor.parallel:run_until_complete finished with '0'
[14.308s] DEBUG:colcon.colcon_core.event_reactor:joining thread
[14.310s] INFO:colcon.colcon_core.plugin_system:Skipping extension 'colcon_notification.desktop_notification.terminal_notifier': Not used on non-Darwin systems
[14.310s] INFO:colcon.colcon_core.plugin_system:Skipping extension 'colcon_notification.desktop_notification.win32': Not used on non-Windows systems
[14.310s] INFO:colcon.colcon_notification.desktop_notification:Sending desktop notification using 'notify2'
[14.318s] DEBUG:colcon.colcon_core.event_reactor:joined thread
[14.318s] INFO:colcon.colcon_core.shell:Creating prefix script '/home/daizhijun/RobotMaster/hikvision_ros2_integration/install/local_setup.ps1'
[14.318s] INFO:colcon.colcon_core.shell:Creating prefix util module '/home/daizhijun/RobotMaster/hikvision_ros2_integration/install/_local_setup_util_ps1.py'
[14.319s] INFO:colcon.colcon_core.shell:Creating prefix chain script '/home/daizhijun/RobotMaster/hikvision_ros2_integration/install/setup.ps1'
[14.319s] INFO:colcon.colcon_core.shell:Creating prefix script '/home/daizhijun/RobotMaster/hikvision_ros2_integration/install/local_setup.sh'
[14.319s] INFO:colcon.colcon_core.shell:Creating prefix util module '/home/daizhijun/RobotMaster/hikvision_ros2_integration/install/_local_setup_util_sh.py'
[14.320s] INFO:colcon.colcon_core.shell:Creating prefix chain script '/home/daizhijun/RobotMaster/hikvision_ros2_integration/install/setup.sh'
[14.320s] INFO:colcon.colcon_core.shell:Creating prefix script '/home/daizhijun/RobotMaster/hikvision_ros2_integration/install/local_setup.bash'
[14.320s] INFO:colcon.colcon_core.shell:Creating prefix chain script '/home/daizhijun/RobotMaster/hikvision_ros2_integration/install/setup.bash'
[14.321s] INFO:colcon.colcon_core.shell:Creating prefix script '/home/daizhijun/RobotMaster/hikvision_ros2_integration/install/local_setup.zsh'
[14.321s] INFO:colcon.colcon_core.shell:Creating prefix chain script '/home/daizhijun/RobotMaster/hikvision_ros2_integration/install/setup.zsh'
